This file contains any messages produced by compilers while
running configure, to aid debugging if configure makes a mistake.

It was created by configure, which was
generated by GNU Autoconf 2.64.  Invocation command line was

  $ /Users/mscho/Simon/91_toolchain/gcc/gcc-6.2.0/intl/configure --srcdir=../../intl --cache-file=./config.cache --prefix=/usr/local/gcc-6.2.0 --enable-checking=release --disable-nls --with-gmp=/usr/local/gcc-6.2.0 --with-mpfr=/usr/local/gcc-6.2.0 --with-mpc=/usr/local/gcc-6.2.0 --with-isl=/usr/local/gcc-6.2.0 --enable-languages=c,c++,fortran --program-transform-name=s&$&-6.2.0& --disable-option-checking --build=x86_64-apple-darwin16.0.0 --host=x86_64-apple-darwin16.0.0 --target=x86_64-apple-darwin16.0.0 --disable-intermodule --enable-checking=release,types --disable-coverage --enable-languages=c,c++ --disable-build-format-warnings

## --------- ##
## Platform. ##
## --------- ##

hostname = Medardus.local
uname -m = x86_64
uname -r = 16.0.0
uname -s = Darwin
uname -v = Darwin Kernel Version 16.0.0: Mon Aug 29 17:56:20 PDT 2016; root:xnu-3789.1.32~3/RELEASE_X86_64

/usr/bin/uname -p = i386
/bin/uname -X     = unknown

/bin/arch              = unknown
/usr/bin/arch -k       = unknown
/usr/convex/getsysinfo = unknown
/usr/bin/hostinfo      = Mach kernel version:
	 Darwin Kernel Version 16.0.0: Mon Aug 29 17:56:20 PDT 2016; root:xnu-3789.1.32~3/RELEASE_X86_64
Kernel configured for up to 4 processors.
2 processors are physically available.
4 processors are logically available.
Processor type: i486 (Intel 80486)
Processors active: 0 1 2 3
Primary memory available: 8.00 gigabytes
Default processor set: 285 tasks, 1227 threads, 4 processors
Load average: 1.96, Mach factor: 2.03
/bin/machine           = unknown
/usr/bin/oslevel       = unknown
/bin/universe          = unknown

PATH: /usr/local/bin
PATH: /usr/bin
PATH: /bin
PATH: /usr/sbin
PATH: /sbin
PATH: /opt/X11/bin


## ----------- ##
## Core tests. ##
## ----------- ##

configure:2088: loading cache ./config.cache
configure:2177: checking whether /Library/Developer/CommandLineTools/usr/bin/make sets $(MAKE)
configure:2199: result: yes
configure:2245: checking for a BSD-compatible install
configure:2313: result: /usr/bin/install -c
configure:2338: checking whether NLS is requested
configure:2347: result: no
configure:2385: checking for msgfmt
configure:2419: result: no
configure:2425: checking for gmsgfmt
configure:2456: result: :
configure:2496: checking for xgettext
configure:2530: result: no
configure:2567: checking for msgmerge
configure:2600: result: no
configure:2640: checking for x86_64-apple-darwin16.0.0-gcc
configure:2667: result: /usr/local/bin/gcc-6
configure:2936: checking for C compiler version
configure:2945: /usr/local/bin/gcc-6 --version >&5
gcc-6 (Homebrew gcc 6.1.0 --without-multilib) 6.1.0
Copyright (C) 2016 Free Software Foundation, Inc.
This is free software; see the source for copying conditions.  There is NO
warranty; not even for MERCHANTABILITY or FITNESS FOR A PARTICULAR PURPOSE.

configure:2956: $? = 0
configure:2945: /usr/local/bin/gcc-6 -v >&5
Using built-in specs.
COLLECT_GCC=/usr/local/bin/gcc-6
COLLECT_LTO_WRAPPER=/usr/local/Cellar/gcc/6.1.0/libexec/gcc/x86_64-apple-darwin16.0.0/6.1.0/lto-wrapper
Target: x86_64-apple-darwin16.0.0
Configured with: ../configure --build=x86_64-apple-darwin16.0.0 --prefix=/usr/local/Cellar/gcc/6.1.0 --libdir=/usr/local/Cellar/gcc/6.1.0/lib/gcc/6 --enable-languages=c,c++,objc,obj-c++,fortran --program-suffix=-6 --with-gmp=/usr/local/opt/gmp --with-mpfr=/usr/local/opt/mpfr --with-mpc=/usr/local/opt/libmpc --with-isl=/usr/local/opt/isl --with-system-zlib --enable-libstdcxx-time=yes --enable-stage1-checking --enable-checking=release --enable-lto --with-build-config=bootstrap-debug --disable-werror --with-pkgversion='Homebrew gcc 6.1.0 --without-multilib' --with-bugurl=https://github.com/Homebrew/homebrew/issues --enable-plugin --disable-nls --disable-multilib
Thread model: posix
gcc version 6.1.0 (Homebrew gcc 6.1.0 --without-multilib) 
configure:2956: $? = 0
configure:2945: /usr/local/bin/gcc-6 -V >&5
gcc-6: error: unrecognized command line option '-V'
gcc-6: fatal error: no input files
compilation terminated.
configure:2956: $? = 1
configure:2945: /usr/local/bin/gcc-6 -qversion >&5
gcc-6: error: unrecognized command line option '-qversion'; did you mean '--version'?
gcc-6: fatal error: no input files
compilation terminated.
configure:2956: $? = 1
configure:2976: checking for C compiler default output file name
configure:2998: /usr/local/bin/gcc-6 -g   -static-libstdc++ -static-libgcc -Wl,-no_pie  conftest.c  >&5
configure:3002: $? = 0
configure:3039: result: a.out
configure:3055: checking whether the C compiler works
configure:3064: ./a.out
configure:3068: $? = 0
configure:3083: result: yes
configure:3090: checking whether we are cross compiling
configure:3092: result: no
configure:3095: checking for suffix of executables
configure:3102: /usr/local/bin/gcc-6 -o conftest -g   -static-libstdc++ -static-libgcc -Wl,-no_pie  conftest.c  >&5
configure:3106: $? = 0
configure:3128: result: 
configure:3134: checking for suffix of object files
configure:3156: /usr/local/bin/gcc-6 -c -g   conftest.c >&5
configure:3160: $? = 0
configure:3181: result: o
configure:3185: checking whether we are using the GNU C compiler
configure:3204: /usr/local/bin/gcc-6 -c -g   conftest.c >&5
configure:3204: $? = 0
configure:3213: result: yes
configure:3222: checking whether /usr/local/bin/gcc-6 accepts -g
configure:3242: /usr/local/bin/gcc-6 -c -g  conftest.c >&5
configure:3242: $? = 0
configure:3283: result: yes
configure:3300: checking for /usr/local/bin/gcc-6 option to accept ISO C89
configure:3364: /usr/local/bin/gcc-6  -c -g   conftest.c >&5
configure:3364: $? = 0
configure:3377: result: none needed
configure:3401: checking build system type
configure:3415: result: x86_64-apple-darwin16.0.0
configure:3435: checking host system type
configure:3448: result: x86_64-apple-darwin16.0.0
configure:3471: checking for x86_64-apple-darwin16.0.0-ranlib
configure:3498: result: ranlib
configure:3561: checking for library containing strerror
configure:3592: /usr/local/bin/gcc-6 -o conftest -g   -static-libstdc++ -static-libgcc -Wl,-no_pie  conftest.c  >&5
configure:3592: $? = 0
configure:3609: result: none required
configure:3622: checking how to run the C preprocessor
configure:3692: result: /usr/local/bin/gcc-6
configure:3712: /usr/local/bin/gcc-6  conftest.c
conftest.c:14:8: error: unknown type name 'Syntax'
        Syntax error
        ^~~~~~
conftest.c:14:8: error: expected '=', ',', ';', 'asm' or '__attribute__' at end of input
configure:3712: $? = 1
configure: failed program was:
| /* confdefs.h */
| #define PACKAGE_NAME ""
| #define PACKAGE_TARNAME ""
| #define PACKAGE_VERSION ""
| #define PACKAGE_STRING ""
| #define PACKAGE_BUGREPORT ""
| #define PACKAGE_URL ""
| /* end confdefs.h.  */
| #ifdef __STDC__
| # include <limits.h>
| #else
| # include <assert.h>
| #endif
| 		     Syntax error
configure:3712: /usr/local/bin/gcc-6  conftest.c
conftest.c:14:8: error: unknown type name 'Syntax'
        Syntax error
        ^~~~~~
conftest.c:14:8: error: expected '=', ',', ';', 'asm' or '__attribute__' at end of input
configure:3712: $? = 1
configure: failed program was:
| /* confdefs.h */
| #define PACKAGE_NAME ""
| #define PACKAGE_TARNAME ""
| #define PACKAGE_VERSION ""
| #define PACKAGE_STRING ""
| #define PACKAGE_BUGREPORT ""
| #define PACKAGE_URL ""
| /* end confdefs.h.  */
| #ifdef __STDC__
| # include <limits.h>
| #else
| # include <assert.h>
| #endif
| 		     Syntax error
configure:3742: error: in `/Users/mscho/Simon/91_toolchain/gcc/gcc-6.2.0/build/intl':
configure:3745: error: C preprocessor "/usr/local/bin/gcc-6" fails sanity check
See `config.log' for more details.

## ---------------- ##
## Cache variables. ##
## ---------------- ##

ac_cv_build=x86_64-apple-darwin16.0.0
ac_cv_c_compiler_gnu=yes
ac_cv_env_CC_set=set
ac_cv_env_CC_value=/usr/local/bin/gcc-6
ac_cv_env_CFLAGS_set=set
ac_cv_env_CFLAGS_value='-g '
ac_cv_env_CPPFLAGS_set=
ac_cv_env_CPPFLAGS_value=
ac_cv_env_CPP_set=set
ac_cv_env_CPP_value=/usr/local/bin/gcc-6
ac_cv_env_LDFLAGS_set=set
ac_cv_env_LDFLAGS_value='-static-libstdc++ -static-libgcc -Wl,-no_pie '
ac_cv_env_LIBS_set=
ac_cv_env_LIBS_value=
ac_cv_env_build_alias_set=set
ac_cv_env_build_alias_value=x86_64-apple-darwin16.0.0
ac_cv_env_host_alias_set=set
ac_cv_env_host_alias_value=x86_64-apple-darwin16.0.0
ac_cv_env_target_alias_set=set
ac_cv_env_target_alias_value=x86_64-apple-darwin16.0.0
ac_cv_host=x86_64-apple-darwin16.0.0
ac_cv_objext=o
ac_cv_path_GMSGFMT=:
ac_cv_path_MSGFMT=:
ac_cv_path_MSGMERGE=:
ac_cv_path_XGETTEXT=:
ac_cv_prog_CC=/usr/local/bin/gcc-6
ac_cv_prog_CPP=/usr/local/bin/gcc-6
ac_cv_prog_RANLIB=ranlib
ac_cv_prog_cc_c89=
ac_cv_prog_cc_g=yes
ac_cv_prog_make__Library_Developer_CommandLineTools_usr_bin_make_set=yes
ac_cv_search_strerror='none required'

## ----------------- ##
## Output variables. ##
## ----------------- ##

ACLOCAL=''
ALLOCA=''
AUTOCONF=''
AUTOHEADER=''
BUILD_INCLUDED_LIBINTL=''
CATOBJEXT=''
CC='/usr/local/bin/gcc-6'
CFLAGS='-g '
CPP='/usr/local/bin/gcc-6'
CPPFLAGS=''
DATADIRNAME=''
DEFS=''
ECHO_C='\c'
ECHO_N=''
ECHO_T=''
EGREP=''
EXEEXT=''
GENCAT=''
GLIBC21=''
GMSGFMT=':'
GREP=''
INCINTL=''
INSTALL_DATA='/usr/bin/install -c -m 644'
INSTALL_PROGRAM='/usr/bin/install -c'
INSTALL_SCRIPT='/usr/bin/install -c'
INSTOBJEXT=''
INTLBISON=''
INTLLIBS=''
INTLOBJS=''
INTL_LIBTOOL_SUFFIX_PREFIX=''
LDFLAGS='-static-libstdc++ -static-libgcc -Wl,-no_pie '
LIBINTL=''
LIBINTL_DEP=''
LIBOBJS=''
LIBS=''
LTLIBINTL=''
LTLIBOBJS=''
MAINT=''
MKINSTALLDIRS='$(top_builddir)/../../intl/../mkinstalldirs'
MSGFMT=':'
MSGMERGE=':'
OBJEXT='o'
PACKAGE_BUGREPORT=''
PACKAGE_NAME=''
PACKAGE_STRING=''
PACKAGE_TARNAME=''
PACKAGE_URL=''
PACKAGE_VERSION=''
PATH_SEPARATOR=':'
POSUB=''
RANLIB='ranlib'
SET_MAKE=''
SHELL='/bin/sh'
USE_INCLUDED_LIBINTL=''
USE_NLS='no'
XGETTEXT=':'
ac_ct_CC=''
bindir='${exec_prefix}/bin'
build='x86_64-apple-darwin16.0.0'
build_alias='x86_64-apple-darwin16.0.0'
build_cpu='x86_64'
build_os='darwin16.0.0'
build_vendor='apple'
datadir='${datarootdir}'
datarootdir='${prefix}/share'
docdir='${datarootdir}/doc/${PACKAGE}'
dvidir='${docdir}'
exec_prefix='NONE'
host='x86_64-apple-darwin16.0.0'
host_alias='x86_64-apple-darwin16.0.0'
host_cpu='x86_64'
host_os='darwin16.0.0'
host_vendor='apple'
htmldir='${docdir}'
includedir='${prefix}/include'
infodir='${datarootdir}/info'
libdir='${exec_prefix}/lib'
libexecdir='${exec_prefix}/libexec'
localedir='${datarootdir}/locale'
localstatedir='${prefix}/var'
mandir='${datarootdir}/man'
oldincludedir='/usr/include'
pdfdir='${docdir}'
prefix='/usr/local/gcc-6.2.0'
program_transform_name='s&$&-6.2.0&'
psdir='${docdir}'
sbindir='${exec_prefix}/sbin'
sharedstatedir='${prefix}/com'
sysconfdir='${prefix}/etc'
target_alias='x86_64-apple-darwin16.0.0'

## ----------- ##
## confdefs.h. ##
## ----------- ##

/* confdefs.h */
#define PACKAGE_NAME ""
#define PACKAGE_TARNAME ""
#define PACKAGE_VERSION ""
#define PACKAGE_STRING ""
#define PACKAGE_BUGREPORT ""
#define PACKAGE_URL ""

configure: exit 1
