This file contains any messages produced by compilers while
running configure, to aid debugging if configure makes a mistake.

It was created by MPFR configure 3.1.5, which was
generated by GNU Autoconf 2.69.  Invocation command line was

  $ ../configure --prefix=/usr/local/gcc-6.2.0 --with-gmp=/usr/local/gcc-6.2.0 --with-mpfr=/usr/local/gcc-6.2.0

## --------- ##
## Platform. ##
## --------- ##

hostname = Medardus.local
uname -m = x86_64
uname -r = 16.0.0
uname -s = Darwin
uname -v = Darwin Kernel Version 16.0.0: Mon Aug 29 17:56:20 PDT 2016; root:xnu-3789.1.32~3/RELEASE_X86_64

/usr/bin/uname -p = i386
/bin/uname -X     = unknown

/bin/arch              = unknown
/usr/bin/arch -k       = unknown
/usr/convex/getsysinfo = unknown
/usr/bin/hostinfo      = Mach kernel version:
	 Darwin Kernel Version 16.0.0: Mon Aug 29 17:56:20 PDT 2016; root:xnu-3789.1.32~3/RELEASE_X86_64
Kernel configured for up to 4 processors.
2 processors are physically available.
4 processors are logically available.
Processor type: i486 (Intel 80486)
Processors active: 0 1 2 3
Primary memory available: 8.00 gigabytes
Default processor set: 264 tasks, 942 threads, 4 processors
Load average: 1.63, Mach factor: 2.46
/bin/machine           = unknown
/usr/bin/oslevel       = unknown
/bin/universe          = unknown

PATH: /usr/local/bin
PATH: /usr/bin
PATH: /bin
PATH: /usr/sbin
PATH: /sbin
PATH: /opt/X11/bin


## ----------- ##
## Core tests. ##
## ----------- ##

configure:2645: checking for a BSD-compatible install
configure:2713: result: /usr/bin/install -c
configure:2724: checking whether build environment is sane
configure:2779: result: yes
configure:2930: checking for a thread-safe mkdir -p
configure:2969: result: ../install-sh -c -d
configure:2976: checking for gawk
configure:3006: result: no
configure:2976: checking for mawk
configure:3006: result: no
configure:2976: checking for nawk
configure:3006: result: no
configure:2976: checking for awk
configure:2992: found /usr/bin/awk
configure:3003: result: awk
configure:3014: checking whether make sets $(MAKE)
configure:3036: result: yes
configure:3065: checking whether make supports nested variables
configure:3082: result: yes
configure:3200: checking whether to enable maintainer-specific portions of Makefiles
configure:3209: result: yes
configure:3237: checking build system type
configure:3251: result: x86_64-apple-darwin16.0.0
configure:3271: checking host system type
configure:3284: result: x86_64-apple-darwin16.0.0
configure:3305: checking for grep that handles long lines and -e
configure:3363: result: /usr/bin/grep
configure:3368: checking for egrep
configure:3430: result: /usr/bin/grep -E
configure:3435: checking for a sed that does not truncate output
configure:3499: result: /usr/bin/sed
configure:3742: checking for CC and CFLAGS in gmp.h
configure:3778: result: yes CC=gcc -std=gnu99 CFLAGS=-O2 -pedantic -fomit-frame-pointer -m64 -mtune=sandybridge -march=sandybridge
configure:3784: checking for CC=gcc -std=gnu99 and CFLAGS=-O2 -pedantic -fomit-frame-pointer -m64 -mtune=sandybridge -march=sandybridge
configure:3788: result: yes
configure:3850: checking for gcc
configure:3877: result: gcc -std=gnu99
configure:4106: checking for C compiler version
configure:4115: gcc -std=gnu99 --version >&5
gcc (GCC) 4.9.1
Copyright (C) 2014 Free Software Foundation, Inc.
This is free software; see the source for copying conditions.  There is NO
warranty; not even for MERCHANTABILITY or FITNESS FOR A PARTICULAR PURPOSE.

gcc: warning: couldn't understand kern.osversion '16.0.0
configure:4126: $? = 0
configure:4115: gcc -std=gnu99 -v >&5
gcc: warning: couldn't understand kern.osversion '16.0.0
Using built-in specs.
COLLECT_GCC=gcc
COLLECT_LTO_WRAPPER=/usr/local/libexec/gcc/x86_64-apple-darwin13.3.0/4.9.1/lto-wrapper
Target: x86_64-apple-darwin13.3.0
Configured with: ../gcc_4.9.1/configure --enable-languages=c,c++
Thread model: posix
gcc version 4.9.1 (GCC) 
configure:4126: $? = 0
configure:4115: gcc -std=gnu99 -V >&5
gcc: warning: couldn't understand kern.osversion '16.0.0
gcc: error: unrecognized command line option '-V'
gcc: fatal error: no input files
compilation terminated.
configure:4126: $? = 1
configure:4115: gcc -std=gnu99 -qversion >&5
gcc: warning: couldn't understand kern.osversion '16.0.0
gcc: error: unrecognized command line option '-qversion'
gcc: fatal error: no input files
compilation terminated.
configure:4126: $? = 1
configure:4146: checking whether the C compiler works
configure:4168: gcc -std=gnu99 -O2 -pedantic -fomit-frame-pointer -m64 -mtune=sandybridge -march=sandybridge  -I/usr/local/gcc-6.2.0/include  -L/usr/local/gcc-6.2.0/lib conftest.c  >&5
gcc: warning: couldn't understand kern.osversion '16.0.0
ld: warning: object file (/var/folders/j3/jbfdwjt54xn1pvw24hx69hg00000gn/T//ccQ7VkH9.o) was built for newer OSX version (10.12) than being linked (10.4)
configure:4172: $? = 0
configure:4220: result: yes
configure:4223: checking for C compiler default output file name
configure:4225: result: a.out
configure:4231: checking for suffix of executables
configure:4238: gcc -std=gnu99 -o conftest -O2 -pedantic -fomit-frame-pointer -m64 -mtune=sandybridge -march=sandybridge  -I/usr/local/gcc-6.2.0/include  -L/usr/local/gcc-6.2.0/lib conftest.c  >&5
gcc: warning: couldn't understand kern.osversion '16.0.0
ld: warning: object file (/var/folders/j3/jbfdwjt54xn1pvw24hx69hg00000gn/T//ccGw0m9A.o) was built for newer OSX version (10.12) than being linked (10.4)
configure:4242: $? = 0
configure:4264: result: 
configure:4286: checking whether we are cross compiling
configure:4294: gcc -std=gnu99 -o conftest -O2 -pedantic -fomit-frame-pointer -m64 -mtune=sandybridge -march=sandybridge  -I/usr/local/gcc-6.2.0/include  -L/usr/local/gcc-6.2.0/lib conftest.c  >&5
gcc: warning: couldn't understand kern.osversion '16.0.0
ld: warning: object file (/var/folders/j3/jbfdwjt54xn1pvw24hx69hg00000gn/T//ccWNe1DR.o) was built for newer OSX version (10.12) than being linked (10.4)
configure:4298: $? = 0
configure:4305: ./conftest
configure:4309: $? = 0
configure:4324: result: no
configure:4329: checking for suffix of object files
configure:4351: gcc -std=gnu99 -c -O2 -pedantic -fomit-frame-pointer -m64 -mtune=sandybridge -march=sandybridge  -I/usr/local/gcc-6.2.0/include conftest.c >&5
gcc: warning: couldn't understand kern.osversion '16.0.0
configure:4355: $? = 0
configure:4376: result: o
configure:4380: checking whether we are using the GNU C compiler
configure:4399: gcc -std=gnu99 -c -O2 -pedantic -fomit-frame-pointer -m64 -mtune=sandybridge -march=sandybridge  -I/usr/local/gcc-6.2.0/include conftest.c >&5
gcc: warning: couldn't understand kern.osversion '16.0.0
configure:4399: $? = 0
configure:4408: result: yes
configure:4417: checking whether gcc -std=gnu99 accepts -g
configure:4437: gcc -std=gnu99 -c -g  -I/usr/local/gcc-6.2.0/include conftest.c >&5
gcc: warning: couldn't understand kern.osversion '16.0.0
configure:4437: $? = 0
configure: failed program was:
| /* confdefs.h */
| #define PACKAGE_NAME "MPFR"
| #define PACKAGE_TARNAME "mpfr"
| #define PACKAGE_VERSION "3.1.5"
| #define PACKAGE_STRING "MPFR 3.1.5"
| #define PACKAGE_BUGREPORT ""
| #define PACKAGE_URL ""
| /* end confdefs.h.  */
| 
| int
| main (void)
| {
| 
|   ;
|   return 0;
| }
configure:4452: gcc -std=gnu99 -c   -I/usr/local/gcc-6.2.0/include conftest.c >&5
gcc: warning: couldn't understand kern.osversion '16.0.0
configure:4452: $? = 0
configure: failed program was:
| /* confdefs.h */
| #define PACKAGE_NAME "MPFR"
| #define PACKAGE_TARNAME "mpfr"
| #define PACKAGE_VERSION "3.1.5"
| #define PACKAGE_STRING "MPFR 3.1.5"
| #define PACKAGE_BUGREPORT ""
| #define PACKAGE_URL ""
| /* end confdefs.h.  */
| 
| int
| main (void)
| {
| 
|   ;
|   return 0;
| }
configure:4468: gcc -std=gnu99 -c -g  -I/usr/local/gcc-6.2.0/include conftest.c >&5
gcc: warning: couldn't understand kern.osversion '16.0.0
configure:4468: $? = 0
configure:4478: result: yes
configure:4495: checking for gcc -std=gnu99 option to accept ISO C89
configure:4558: gcc -std=gnu99  -c -O2 -pedantic -fomit-frame-pointer -m64 -mtune=sandybridge -march=sandybridge  -I/usr/local/gcc-6.2.0/include conftest.c >&5
gcc: warning: couldn't understand kern.osversion '16.0.0
configure:4558: $? = 0
configure:4571: result: none needed
configure:4596: checking whether gcc -std=gnu99 understands -c and -o together
configure:4618: gcc -std=gnu99 -c conftest.c -o conftest2.o
gcc: warning: couldn't understand kern.osversion '16.0.0
configure:4621: $? = 0
configure:4618: gcc -std=gnu99 -c conftest.c -o conftest2.o
gcc: warning: couldn't understand kern.osversion '16.0.0
configure:4621: $? = 0
configure:4633: result: yes
configure:4661: checking for style of include used by make
configure:4689: result: GNU
configure:4715: checking dependency style of gcc -std=gnu99
configure:4826: result: gcc3
configure:4846: checking how to run the C preprocessor
configure:4877: gcc -std=gnu99 -E  -I/usr/local/gcc-6.2.0/include conftest.c
gcc: warning: couldn't understand kern.osversion '16.0.0
configure:4877: $? = 0
configure:4891: gcc -std=gnu99 -E  -I/usr/local/gcc-6.2.0/include conftest.c
gcc: warning: couldn't understand kern.osversion '16.0.0
conftest.c:9:28: fatal error: ac_nonexistent.h: No such file or directory
 #include <ac_nonexistent.h>
                            ^
compilation terminated.
configure:4891: $? = 1
configure: failed program was:
| /* confdefs.h */
| #define PACKAGE_NAME "MPFR"
| #define PACKAGE_TARNAME "mpfr"
| #define PACKAGE_VERSION "3.1.5"
| #define PACKAGE_STRING "MPFR 3.1.5"
| #define PACKAGE_BUGREPORT ""
| #define PACKAGE_URL ""
| /* end confdefs.h.  */
| #include <ac_nonexistent.h>
configure:4916: result: gcc -std=gnu99 -E
configure:4936: gcc -std=gnu99 -E  -I/usr/local/gcc-6.2.0/include conftest.c
gcc: warning: couldn't understand kern.osversion '16.0.0
configure:4936: $? = 0
configure:4950: gcc -std=gnu99 -E  -I/usr/local/gcc-6.2.0/include conftest.c
gcc: warning: couldn't understand kern.osversion '16.0.0
conftest.c:9:28: fatal error: ac_nonexistent.h: No such file or directory
 #include <ac_nonexistent.h>
                            ^
compilation terminated.
configure:4950: $? = 1
configure: failed program was:
| /* confdefs.h */
| #define PACKAGE_NAME "MPFR"
| #define PACKAGE_TARNAME "mpfr"
| #define PACKAGE_VERSION "3.1.5"
| #define PACKAGE_STRING "MPFR 3.1.5"
| #define PACKAGE_BUGREPORT ""
| #define PACKAGE_URL ""
| /* end confdefs.h.  */
| #include <ac_nonexistent.h>
configure:5035: checking for ar
configure:5051: found /usr/bin/ar
configure:5062: result: ar
configure:5088: checking the archiver (ar) interface
configure:5104: gcc -std=gnu99 -c -O2 -pedantic -fomit-frame-pointer -m64 -mtune=sandybridge -march=sandybridge  -I/usr/local/gcc-6.2.0/include conftest.c >&5
gcc: warning: couldn't understand kern.osversion '16.0.0
configure:5104: $? = 0
configure:5106: ar cru libconftest.a conftest.o >&5
configure:5109: $? = 0
configure:5137: result: ar
configure:5275: checking for ICC
configure:5293: gcc -std=gnu99 -c -O2 -pedantic -fomit-frame-pointer -m64 -mtune=sandybridge -march=sandybridge  -I/usr/local/gcc-6.2.0/include conftest.c >&5
gcc: warning: couldn't understand kern.osversion '16.0.0
conftest.c:11:3: error: #error "ICC Not Found"
 # error "ICC Not Found"
   ^
conftest.c:15:1: error: expected '=', ',', ';', 'asm' or '__attribute__' before 'int'
 int
 ^
configure:5293: $? = 1
configure: failed program was:
| /* confdefs.h */
| #define PACKAGE_NAME "MPFR"
| #define PACKAGE_TARNAME "mpfr"
| #define PACKAGE_VERSION "3.1.5"
| #define PACKAGE_STRING "MPFR 3.1.5"
| #define PACKAGE_BUGREPORT ""
| #define PACKAGE_URL ""
| /* end confdefs.h.  */
| 
| #if !defined(__ICC)
| # error "ICC Not Found"
| error
| #endif
| 
| int
| main (void)
| {
| 
|   ;
|   return 0;
| }
configure:5300: result: no
configure:5307: checking whether the selected language is C++
configure:5325: gcc -std=gnu99 -c -Wpointer-arith -O2 -pedantic -fomit-frame-pointer -m64 -mtune=sandybridge -march=sandybridge  -I/usr/local/gcc-6.2.0/include conftest.c >&5
gcc: warning: couldn't understand kern.osversion '16.0.0
configure:5325: $? = 0
configure:5327: result: no
configure:5348: checking if the compiler understands -Wl,-search_paths_first
configure:5363: gcc -std=gnu99 -o conftest -Wall -Wmissing-prototypes -Wpointer-arith -O2 -pedantic -fomit-frame-pointer -m64 -mtune=sandybridge -march=sandybridge  -I/usr/local/gcc-6.2.0/include -Wl,-search_paths_first  -L/usr/local/gcc-6.2.0/lib conftest.c  >&5
gcc: warning: couldn't understand kern.osversion '16.0.0
ld: warning: object file (/var/folders/j3/jbfdwjt54xn1pvw24hx69hg00000gn/T//cc2qugPb.o) was built for newer OSX version (10.12) than being linked (10.4)
configure:5363: $? = 0
configure:5364: result: yes
configure:5378: checking for an ANSI C-conforming const
configure:5444: gcc -std=gnu99 -c -Wall -Wmissing-prototypes -Wpointer-arith -O2 -pedantic -fomit-frame-pointer -m64 -mtune=sandybridge -march=sandybridge  -I/usr/local/gcc-6.2.0/include conftest.c >&5
gcc: warning: couldn't understand kern.osversion '16.0.0
configure:5444: $? = 0
configure:5451: result: yes
configure:5459: checking for working volatile
configure:5478: gcc -std=gnu99 -c -Wall -Wmissing-prototypes -Wpointer-arith -O2 -pedantic -fomit-frame-pointer -m64 -mtune=sandybridge -march=sandybridge  -I/usr/local/gcc-6.2.0/include conftest.c >&5
gcc: warning: couldn't understand kern.osversion '16.0.0
configure:5478: $? = 0
configure:5485: result: yes
configure:5651: checking for main in -lm
configure:5670: gcc -std=gnu99 -o conftest -Wall -Wmissing-prototypes -Wpointer-arith -O2 -pedantic -fomit-frame-pointer -m64 -mtune=sandybridge -march=sandybridge  -I/usr/local/gcc-6.2.0/include -Wl,-search_paths_first  -L/usr/local/gcc-6.2.0/lib conftest.c -lm   >&5
gcc: warning: couldn't understand kern.osversion '16.0.0
ld: warning: object file (/var/folders/j3/jbfdwjt54xn1pvw24hx69hg00000gn/T//ccHh66vm.o) was built for newer OSX version (10.12) than being linked (10.4)
configure:5670: $? = 0
configure:5679: result: yes
configure:5688: checking whether time.h and sys/time.h may both be included
configure:5708: gcc -std=gnu99 -c -Wall -Wmissing-prototypes -Wpointer-arith -O2 -pedantic -fomit-frame-pointer -m64 -mtune=sandybridge -march=sandybridge  -I/usr/local/gcc-6.2.0/include conftest.c >&5
gcc: warning: couldn't understand kern.osversion '16.0.0
configure:5708: $? = 0
configure:5715: result: yes
configure:5724: checking for ANSI C header files
configure:5744: gcc -std=gnu99 -c -Wall -Wmissing-prototypes -Wpointer-arith -O2 -pedantic -fomit-frame-pointer -m64 -mtune=sandybridge -march=sandybridge  -I/usr/local/gcc-6.2.0/include conftest.c >&5
gcc: warning: couldn't understand kern.osversion '16.0.0
configure:5744: $? = 0
gcc: warning: couldn't understand kern.osversion '16.0.0
gcc: warning: couldn't understand kern.osversion '16.0.0
configure:5817: gcc -std=gnu99 -o conftest -Wall -Wmissing-prototypes -Wpointer-arith -O2 -pedantic -fomit-frame-pointer -m64 -mtune=sandybridge -march=sandybridge  -I/usr/local/gcc-6.2.0/include -Wl,-search_paths_first  -L/usr/local/gcc-6.2.0/lib conftest.c  >&5
gcc: warning: couldn't understand kern.osversion '16.0.0
ld: warning: object file (/var/folders/j3/jbfdwjt54xn1pvw24hx69hg00000gn/T//ccXtFUST.o) was built for newer OSX version (10.12) than being linked (10.4)
configure:5817: $? = 0
configure:5817: ./conftest
configure:5817: $? = 0
configure:5828: result: yes
configure:5841: checking for sys/types.h
configure:5841: gcc -std=gnu99 -c -Wall -Wmissing-prototypes -Wpointer-arith -O2 -pedantic -fomit-frame-pointer -m64 -mtune=sandybridge -march=sandybridge  -I/usr/local/gcc-6.2.0/include conftest.c >&5
gcc: warning: couldn't understand kern.osversion '16.0.0
configure:5841: $? = 0
configure:5841: result: yes
configure:5841: checking for sys/stat.h
configure:5841: gcc -std=gnu99 -c -Wall -Wmissing-prototypes -Wpointer-arith -O2 -pedantic -fomit-frame-pointer -m64 -mtune=sandybridge -march=sandybridge  -I/usr/local/gcc-6.2.0/include conftest.c >&5
gcc: warning: couldn't understand kern.osversion '16.0.0
configure:5841: $? = 0
configure:5841: result: yes
configure:5841: checking for stdlib.h
configure:5841: gcc -std=gnu99 -c -Wall -Wmissing-prototypes -Wpointer-arith -O2 -pedantic -fomit-frame-pointer -m64 -mtune=sandybridge -march=sandybridge  -I/usr/local/gcc-6.2.0/include conftest.c >&5
gcc: warning: couldn't understand kern.osversion '16.0.0
configure:5841: $? = 0
configure:5841: result: yes
configure:5841: checking for string.h
configure:5841: gcc -std=gnu99 -c -Wall -Wmissing-prototypes -Wpointer-arith -O2 -pedantic -fomit-frame-pointer -m64 -mtune=sandybridge -march=sandybridge  -I/usr/local/gcc-6.2.0/include conftest.c >&5
gcc: warning: couldn't understand kern.osversion '16.0.0
configure:5841: $? = 0
configure:5841: result: yes
configure:5841: checking for memory.h
configure:5841: gcc -std=gnu99 -c -Wall -Wmissing-prototypes -Wpointer-arith -O2 -pedantic -fomit-frame-pointer -m64 -mtune=sandybridge -march=sandybridge  -I/usr/local/gcc-6.2.0/include conftest.c >&5
gcc: warning: couldn't understand kern.osversion '16.0.0
configure:5841: $? = 0
configure:5841: result: yes
configure:5841: checking for strings.h
configure:5841: gcc -std=gnu99 -c -Wall -Wmissing-prototypes -Wpointer-arith -O2 -pedantic -fomit-frame-pointer -m64 -mtune=sandybridge -march=sandybridge  -I/usr/local/gcc-6.2.0/include conftest.c >&5
gcc: warning: couldn't understand kern.osversion '16.0.0
configure:5841: $? = 0
configure:5841: result: yes
configure:5841: checking for inttypes.h
configure:5841: gcc -std=gnu99 -c -Wall -Wmissing-prototypes -Wpointer-arith -O2 -pedantic -fomit-frame-pointer -m64 -mtune=sandybridge -march=sandybridge  -I/usr/local/gcc-6.2.0/include conftest.c >&5
gcc: warning: couldn't understand kern.osversion '16.0.0
configure:5841: $? = 0
configure:5841: result: yes
configure:5841: checking for stdint.h
configure:5841: gcc -std=gnu99 -c -Wall -Wmissing-prototypes -Wpointer-arith -O2 -pedantic -fomit-frame-pointer -m64 -mtune=sandybridge -march=sandybridge  -I/usr/local/gcc-6.2.0/include conftest.c >&5
gcc: warning: couldn't understand kern.osversion '16.0.0
configure:5841: $? = 0
configure:5841: result: yes
configure:5841: checking for unistd.h
configure:5841: gcc -std=gnu99 -c -Wall -Wmissing-prototypes -Wpointer-arith -O2 -pedantic -fomit-frame-pointer -m64 -mtune=sandybridge -march=sandybridge  -I/usr/local/gcc-6.2.0/include conftest.c >&5
gcc: warning: couldn't understand kern.osversion '16.0.0
configure:5841: $? = 0
configure:5841: result: yes
configure:5853: checking for size_t
configure:5853: gcc -std=gnu99 -c -Wall -Wmissing-prototypes -Wpointer-arith -O2 -pedantic -fomit-frame-pointer -m64 -mtune=sandybridge -march=sandybridge  -I/usr/local/gcc-6.2.0/include conftest.c >&5
gcc: warning: couldn't understand kern.osversion '16.0.0
configure:5853: $? = 0
configure:5853: gcc -std=gnu99 -c -Wall -Wmissing-prototypes -Wpointer-arith -O2 -pedantic -fomit-frame-pointer -m64 -mtune=sandybridge -march=sandybridge  -I/usr/local/gcc-6.2.0/include conftest.c >&5
gcc: warning: couldn't understand kern.osversion '16.0.0
conftest.c: In function 'main':
conftest.c:56:21: error: expected expression before ')' token
 if (sizeof ((size_t)))
                     ^
configure:5853: $? = 1
configure: failed program was:
| /* confdefs.h */
| #define PACKAGE_NAME "MPFR"
| #define PACKAGE_TARNAME "mpfr"
| #define PACKAGE_VERSION "3.1.5"
| #define PACKAGE_STRING "MPFR 3.1.5"
| #define PACKAGE_BUGREPORT ""
| #define PACKAGE_URL ""
| #define TIME_WITH_SYS_TIME 1
| #define STDC_HEADERS 1
| #define HAVE_SYS_TYPES_H 1
| #define HAVE_SYS_STAT_H 1
| #define HAVE_STDLIB_H 1
| #define HAVE_STRING_H 1
| #define HAVE_MEMORY_H 1
| #define HAVE_STRINGS_H 1
| #define HAVE_INTTYPES_H 1
| #define HAVE_STDINT_H 1
| #define HAVE_UNISTD_H 1
| /* end confdefs.h.  */
| #include <stdio.h>
| #ifdef HAVE_SYS_TYPES_H
| # include <sys/types.h>
| #endif
| #ifdef HAVE_SYS_STAT_H
| # include <sys/stat.h>
| #endif
| #ifdef STDC_HEADERS
| # include <stdlib.h>
| # include <stddef.h>
| #else
| # ifdef HAVE_STDLIB_H
| #  include <stdlib.h>
| # endif
| #endif
| #ifdef HAVE_STRING_H
| # if !defined STDC_HEADERS && defined HAVE_MEMORY_H
| #  include <memory.h>
| # endif
| # include <string.h>
| #endif
| #ifdef HAVE_STRINGS_H
| # include <strings.h>
| #endif
| #ifdef HAVE_INTTYPES_H
| # include <inttypes.h>
| #endif
| #ifdef HAVE_STDINT_H
| # include <stdint.h>
| #endif
| #ifdef HAVE_UNISTD_H
| # include <unistd.h>
| #endif
| int
| main (void)
| {
| if (sizeof ((size_t)))
| 	    return 0;
|   ;
|   return 0;
| }
configure:5853: result: yes
configure:5870: checking limits.h usability
configure:5870: gcc -std=gnu99 -c -Wall -Wmissing-prototypes -Wpointer-arith -O2 -pedantic -fomit-frame-pointer -m64 -mtune=sandybridge -march=sandybridge  -I/usr/local/gcc-6.2.0/include conftest.c >&5
gcc: warning: couldn't understand kern.osversion '16.0.0
configure:5870: $? = 0
configure:5870: result: yes
configure:5870: checking limits.h presence
configure:5870: gcc -std=gnu99 -E  -I/usr/local/gcc-6.2.0/include conftest.c
gcc: warning: couldn't understand kern.osversion '16.0.0
configure:5870: $? = 0
configure:5870: result: yes
configure:5870: checking for limits.h
configure:5870: result: yes
configure:5878: checking float.h usability
configure:5878: gcc -std=gnu99 -c -Wall -Wmissing-prototypes -Wpointer-arith -O2 -pedantic -fomit-frame-pointer -m64 -mtune=sandybridge -march=sandybridge  -I/usr/local/gcc-6.2.0/include conftest.c >&5
gcc: warning: couldn't understand kern.osversion '16.0.0
configure:5878: $? = 0
configure:5878: result: yes
configure:5878: checking float.h presence
configure:5878: gcc -std=gnu99 -E  -I/usr/local/gcc-6.2.0/include conftest.c
gcc: warning: couldn't understand kern.osversion '16.0.0
configure:5878: $? = 0
configure:5878: result: yes
configure:5878: checking for float.h
configure:5878: result: yes
configure:5886: checking for string.h
configure:5886: result: yes
configure:5897: checking locale.h usability
configure:5897: gcc -std=gnu99 -c -Wall -Wmissing-prototypes -Wpointer-arith -O2 -pedantic -fomit-frame-pointer -m64 -mtune=sandybridge -march=sandybridge  -I/usr/local/gcc-6.2.0/include conftest.c >&5
gcc: warning: couldn't understand kern.osversion '16.0.0
configure:5897: $? = 0
configure:5897: result: yes
configure:5897: checking locale.h presence
configure:5897: gcc -std=gnu99 -E  -I/usr/local/gcc-6.2.0/include conftest.c
gcc: warning: couldn't understand kern.osversion '16.0.0
configure:5897: $? = 0
configure:5897: result: yes
configure:5897: checking for locale.h
configure:5897: result: yes
configure:5910: checking wchar.h usability
configure:5910: gcc -std=gnu99 -c -Wall -Wmissing-prototypes -Wpointer-arith -O2 -pedantic -fomit-frame-pointer -m64 -mtune=sandybridge -march=sandybridge  -I/usr/local/gcc-6.2.0/include conftest.c >&5
gcc: warning: couldn't understand kern.osversion '16.0.0
configure:5910: $? = 0
configure:5910: result: yes
configure:5910: checking wchar.h presence
configure:5910: gcc -std=gnu99 -E  -I/usr/local/gcc-6.2.0/include conftest.c
gcc: warning: couldn't understand kern.osversion '16.0.0
configure:5910: $? = 0
configure:5910: result: yes
configure:5910: checking for wchar.h
configure:5910: result: yes
configure:5921: checking stdarg.h usability
configure:5921: gcc -std=gnu99 -c -Wall -Wmissing-prototypes -Wpointer-arith -O2 -pedantic -fomit-frame-pointer -m64 -mtune=sandybridge -march=sandybridge  -I/usr/local/gcc-6.2.0/include conftest.c >&5
gcc: warning: couldn't understand kern.osversion '16.0.0
configure:5921: $? = 0
configure:5921: result: yes
configure:5921: checking stdarg.h presence
configure:5921: gcc -std=gnu99 -E  -I/usr/local/gcc-6.2.0/include conftest.c
gcc: warning: couldn't understand kern.osversion '16.0.0
configure:5921: $? = 0
configure:5921: result: yes
configure:5921: checking for stdarg.h
configure:5921: result: yes
configure:5942: checking sys/time.h usability
configure:5942: gcc -std=gnu99 -c -Wall -Wmissing-prototypes -Wpointer-arith -O2 -pedantic -fomit-frame-pointer -m64 -mtune=sandybridge -march=sandybridge  -I/usr/local/gcc-6.2.0/include conftest.c >&5
gcc: warning: couldn't understand kern.osversion '16.0.0
configure:5942: $? = 0
configure:5942: result: yes
configure:5942: checking sys/time.h presence
configure:5942: gcc -std=gnu99 -E  -I/usr/local/gcc-6.2.0/include conftest.c
gcc: warning: couldn't understand kern.osversion '16.0.0
configure:5942: $? = 0
configure:5942: result: yes
configure:5942: checking for sys/time.h
configure:5942: result: yes
configure:5942: checking sys/fpu.h usability
configure:5942: gcc -std=gnu99 -c -Wall -Wmissing-prototypes -Wpointer-arith -O2 -pedantic -fomit-frame-pointer -m64 -mtune=sandybridge -march=sandybridge  -I/usr/local/gcc-6.2.0/include conftest.c >&5
gcc: warning: couldn't understand kern.osversion '16.0.0
conftest.c:57:21: fatal error: sys/fpu.h: No such file or directory
 #include <sys/fpu.h>
                     ^
compilation terminated.
configure:5942: $? = 1
configure: failed program was:
| /* confdefs.h */
| #define PACKAGE_NAME "MPFR"
| #define PACKAGE_TARNAME "mpfr"
| #define PACKAGE_VERSION "3.1.5"
| #define PACKAGE_STRING "MPFR 3.1.5"
| #define PACKAGE_BUGREPORT ""
| #define PACKAGE_URL ""
| #define TIME_WITH_SYS_TIME 1
| #define STDC_HEADERS 1
| #define HAVE_SYS_TYPES_H 1
| #define HAVE_SYS_STAT_H 1
| #define HAVE_STDLIB_H 1
| #define HAVE_STRING_H 1
| #define HAVE_MEMORY_H 1
| #define HAVE_STRINGS_H 1
| #define HAVE_INTTYPES_H 1
| #define HAVE_STDINT_H 1
| #define HAVE_UNISTD_H 1
| #define HAVE_LOCALE_H 1
| #define HAVE_WCHAR_H 1
| #define HAVE_STDARG 1
| #define HAVE_SYS_TIME_H 1
| /* end confdefs.h.  */
| #include <stdio.h>
| #ifdef HAVE_SYS_TYPES_H
| # include <sys/types.h>
| #endif
| #ifdef HAVE_SYS_STAT_H
| # include <sys/stat.h>
| #endif
| #ifdef STDC_HEADERS
| # include <stdlib.h>
| # include <stddef.h>
| #else
| # ifdef HAVE_STDLIB_H
| #  include <stdlib.h>
| # endif
| #endif
| #ifdef HAVE_STRING_H
| # if !defined STDC_HEADERS && defined HAVE_MEMORY_H
| #  include <memory.h>
| # endif
| # include <string.h>
| #endif
| #ifdef HAVE_STRINGS_H
| # include <strings.h>
| #endif
| #ifdef HAVE_INTTYPES_H
| # include <inttypes.h>
| #endif
| #ifdef HAVE_STDINT_H
| # include <stdint.h>
| #endif
| #ifdef HAVE_UNISTD_H
| # include <unistd.h>
| #endif
| #include <sys/fpu.h>
configure:5942: result: no
configure:5942: checking sys/fpu.h presence
configure:5942: gcc -std=gnu99 -E  -I/usr/local/gcc-6.2.0/include conftest.c
gcc: warning: couldn't understand kern.osversion '16.0.0
conftest.c:24:21: fatal error: sys/fpu.h: No such file or directory
 #include <sys/fpu.h>
                     ^
compilation terminated.
configure:5942: $? = 1
configure: failed program was:
| /* confdefs.h */
| #define PACKAGE_NAME "MPFR"
| #define PACKAGE_TARNAME "mpfr"
| #define PACKAGE_VERSION "3.1.5"
| #define PACKAGE_STRING "MPFR 3.1.5"
| #define PACKAGE_BUGREPORT ""
| #define PACKAGE_URL ""
| #define TIME_WITH_SYS_TIME 1
| #define STDC_HEADERS 1
| #define HAVE_SYS_TYPES_H 1
| #define HAVE_SYS_STAT_H 1
| #define HAVE_STDLIB_H 1
| #define HAVE_STRING_H 1
| #define HAVE_MEMORY_H 1
| #define HAVE_STRINGS_H 1
| #define HAVE_INTTYPES_H 1
| #define HAVE_STDINT_H 1
| #define HAVE_UNISTD_H 1
| #define HAVE_LOCALE_H 1
| #define HAVE_WCHAR_H 1
| #define HAVE_STDARG 1
| #define HAVE_SYS_TIME_H 1
| /* end confdefs.h.  */
| #include <sys/fpu.h>
configure:5942: result: no
configure:5942: checking for sys/fpu.h
configure:5942: result: no
configure:5953: checking for struct lconv.decimal_point
configure:5953: gcc -std=gnu99 -c -Wall -Wmissing-prototypes -Wpointer-arith -O2 -pedantic -fomit-frame-pointer -m64 -mtune=sandybridge -march=sandybridge  -I/usr/local/gcc-6.2.0/include conftest.c >&5
gcc: warning: couldn't understand kern.osversion '16.0.0
configure:5953: $? = 0
configure:5953: result: yes
configure:5963: checking for struct lconv.thousands_sep
configure:5963: gcc -std=gnu99 -c -Wall -Wmissing-prototypes -Wpointer-arith -O2 -pedantic -fomit-frame-pointer -m64 -mtune=sandybridge -march=sandybridge  -I/usr/local/gcc-6.2.0/include conftest.c >&5
gcc: warning: couldn't understand kern.osversion '16.0.0
configure:5963: $? = 0
configure:5963: result: yes
configure:5977: checking for working alloca.h
configure:5994: gcc -std=gnu99 -o conftest -Wall -Wmissing-prototypes -Wpointer-arith -O2 -pedantic -fomit-frame-pointer -m64 -mtune=sandybridge -march=sandybridge  -I/usr/local/gcc-6.2.0/include -Wl,-search_paths_first  -L/usr/local/gcc-6.2.0/lib conftest.c  >&5
gcc: warning: couldn't understand kern.osversion '16.0.0
ld: warning: object file (/var/folders/j3/jbfdwjt54xn1pvw24hx69hg00000gn/T//ccZ23AHi.o) was built for newer OSX version (10.12) than being linked (10.4)
configure:5994: $? = 0
configure:6002: result: yes
configure:6010: checking for alloca
configure:6047: gcc -std=gnu99 -o conftest -Wall -Wmissing-prototypes -Wpointer-arith -O2 -pedantic -fomit-frame-pointer -m64 -mtune=sandybridge -march=sandybridge  -I/usr/local/gcc-6.2.0/include -Wl,-search_paths_first  -L/usr/local/gcc-6.2.0/lib conftest.c  >&5
gcc: warning: couldn't understand kern.osversion '16.0.0
ld: warning: object file (/var/folders/j3/jbfdwjt54xn1pvw24hx69hg00000gn/T//cc5uvIeM.o) was built for newer OSX version (10.12) than being linked (10.4)
configure:6047: $? = 0
configure:6055: result: yes
configure:6165: checking for stdint.h
configure:6165: result: yes
configure:6175: checking for SIZE_MAX
gcc: warning: couldn't understand kern.osversion '16.0.0
configure:6250: result: yes
configure:6261: checking how to copy va_list
configure:6279: gcc -std=gnu99 -o conftest -Wall -Wmissing-prototypes -Wpointer-arith -O2 -pedantic -fomit-frame-pointer -m64 -mtune=sandybridge -march=sandybridge  -I/usr/local/gcc-6.2.0/include -Wl,-search_paths_first  -L/usr/local/gcc-6.2.0/lib conftest.c  >&5
gcc: warning: couldn't understand kern.osversion '16.0.0
ld: warning: object file (/var/folders/j3/jbfdwjt54xn1pvw24hx69hg00000gn/T//ccodYIcD.o) was built for newer OSX version (10.12) than being linked (10.4)
configure:6279: $? = 0
configure:6281: result: va_copy
configure:6320: checking for memmove
configure:6320: gcc -std=gnu99 -o conftest -Wall -Wmissing-prototypes -Wpointer-arith -O2 -pedantic -fomit-frame-pointer -m64 -mtune=sandybridge -march=sandybridge  -I/usr/local/gcc-6.2.0/include -Wl,-search_paths_first  -L/usr/local/gcc-6.2.0/lib conftest.c  >&5
gcc: warning: couldn't understand kern.osversion '16.0.0
conftest.c:53:6: warning: conflicting types for built-in function 'memmove'
 char memmove ();
      ^
ld: warning: object file (/var/folders/j3/jbfdwjt54xn1pvw24hx69hg00000gn/T//ccpxu7Gj.o) was built for newer OSX version (10.12) than being linked (10.4)
configure:6320: $? = 0
configure:6320: result: yes
configure:6320: checking for memset
configure:6320: gcc -std=gnu99 -o conftest -Wall -Wmissing-prototypes -Wpointer-arith -O2 -pedantic -fomit-frame-pointer -m64 -mtune=sandybridge -march=sandybridge  -I/usr/local/gcc-6.2.0/include -Wl,-search_paths_first  -L/usr/local/gcc-6.2.0/lib conftest.c  >&5
gcc: warning: couldn't understand kern.osversion '16.0.0
conftest.c:54:6: warning: conflicting types for built-in function 'memset'
 char memset ();
      ^
ld: warning: object file (/var/folders/j3/jbfdwjt54xn1pvw24hx69hg00000gn/T//ccJFMlpA.o) was built for newer OSX version (10.12) than being linked (10.4)
configure:6320: $? = 0
configure:6320: result: yes
configure:6320: checking for setlocale
configure:6320: gcc -std=gnu99 -o conftest -Wall -Wmissing-prototypes -Wpointer-arith -O2 -pedantic -fomit-frame-pointer -m64 -mtune=sandybridge -march=sandybridge  -I/usr/local/gcc-6.2.0/include -Wl,-search_paths_first  -L/usr/local/gcc-6.2.0/lib conftest.c  >&5
gcc: warning: couldn't understand kern.osversion '16.0.0
ld: warning: object file (/var/folders/j3/jbfdwjt54xn1pvw24hx69hg00000gn/T//ccHsdnbs.o) was built for newer OSX version (10.12) than being linked (10.4)
configure:6320: $? = 0
configure:6320: result: yes
configure:6320: checking for strtol
configure:6320: gcc -std=gnu99 -o conftest -Wall -Wmissing-prototypes -Wpointer-arith -O2 -pedantic -fomit-frame-pointer -m64 -mtune=sandybridge -march=sandybridge  -I/usr/local/gcc-6.2.0/include -Wl,-search_paths_first  -L/usr/local/gcc-6.2.0/lib conftest.c  >&5
gcc: warning: couldn't understand kern.osversion '16.0.0
ld: warning: object file (/var/folders/j3/jbfdwjt54xn1pvw24hx69hg00000gn/T//ccd0ifDu.o) was built for newer OSX version (10.12) than being linked (10.4)
configure:6320: $? = 0
configure:6320: result: yes
configure:6320: checking for gettimeofday
configure:6320: gcc -std=gnu99 -o conftest -Wall -Wmissing-prototypes -Wpointer-arith -O2 -pedantic -fomit-frame-pointer -m64 -mtune=sandybridge -march=sandybridge  -I/usr/local/gcc-6.2.0/include -Wl,-search_paths_first  -L/usr/local/gcc-6.2.0/lib conftest.c  >&5
gcc: warning: couldn't understand kern.osversion '16.0.0
ld: warning: object file (/var/folders/j3/jbfdwjt54xn1pvw24hx69hg00000gn/T//cc2cCCNn.o) was built for newer OSX version (10.12) than being linked (10.4)
configure:6320: $? = 0
configure:6320: result: yes
configure:6373: checking for long long int
configure:6373: gcc -std=gnu99 -c -Wall -Wmissing-prototypes -Wpointer-arith -O2 -pedantic -fomit-frame-pointer -m64 -mtune=sandybridge -march=sandybridge  -I/usr/local/gcc-6.2.0/include conftest.c >&5
gcc: warning: couldn't understand kern.osversion '16.0.0
configure:6373: $? = 0
configure:6373: gcc -std=gnu99 -c -Wall -Wmissing-prototypes -Wpointer-arith -O2 -pedantic -fomit-frame-pointer -m64 -mtune=sandybridge -march=sandybridge  -I/usr/local/gcc-6.2.0/include conftest.c >&5
gcc: warning: couldn't understand kern.osversion '16.0.0
conftest.c: In function 'main':
conftest.c:71:28: error: expected expression before ')' token
 if (sizeof ((long long int)))
                            ^
configure:6373: $? = 1
configure: failed program was:
| /* confdefs.h */
| #define PACKAGE_NAME "MPFR"
| #define PACKAGE_TARNAME "mpfr"
| #define PACKAGE_VERSION "3.1.5"
| #define PACKAGE_STRING "MPFR 3.1.5"
| #define PACKAGE_BUGREPORT ""
| #define PACKAGE_URL ""
| #define TIME_WITH_SYS_TIME 1
| #define STDC_HEADERS 1
| #define HAVE_SYS_TYPES_H 1
| #define HAVE_SYS_STAT_H 1
| #define HAVE_STDLIB_H 1
| #define HAVE_STRING_H 1
| #define HAVE_MEMORY_H 1
| #define HAVE_STRINGS_H 1
| #define HAVE_INTTYPES_H 1
| #define HAVE_STDINT_H 1
| #define HAVE_UNISTD_H 1
| #define HAVE_LOCALE_H 1
| #define HAVE_WCHAR_H 1
| #define HAVE_STDARG 1
| #define HAVE_SYS_TIME_H 1
| #define HAVE_STRUCT_LCONV_DECIMAL_POINT 1
| #define HAVE_STRUCT_LCONV_THOUSANDS_SEP 1
| #define HAVE_ALLOCA_H 1
| #define HAVE_ALLOCA 1
| #define HAVE_STDINT_H 1
| #define HAVE_VA_COPY 1
| #define HAVE_MEMMOVE 1
| #define HAVE_MEMSET 1
| #define HAVE_SETLOCALE 1
| #define HAVE_STRTOL 1
| #define HAVE_GETTIMEOFDAY 1
| /* end confdefs.h.  */
| #include <stdio.h>
| #ifdef HAVE_SYS_TYPES_H
| # include <sys/types.h>
| #endif
| #ifdef HAVE_SYS_STAT_H
| # include <sys/stat.h>
| #endif
| #ifdef STDC_HEADERS
| # include <stdlib.h>
| # include <stddef.h>
| #else
| # ifdef HAVE_STDLIB_H
| #  include <stdlib.h>
| # endif
| #endif
| #ifdef HAVE_STRING_H
| # if !defined STDC_HEADERS && defined HAVE_MEMORY_H
| #  include <memory.h>
| # endif
| # include <string.h>
| #endif
| #ifdef HAVE_STRINGS_H
| # include <strings.h>
| #endif
| #ifdef HAVE_INTTYPES_H
| # include <inttypes.h>
| #endif
| #ifdef HAVE_STDINT_H
| # include <stdint.h>
| #endif
| #ifdef HAVE_UNISTD_H
| # include <unistd.h>
| #endif
| int
| main (void)
| {
| if (sizeof ((long long int)))
| 	    return 0;
|   ;
|   return 0;
| }
configure:6373: result: yes
configure:6381: checking for intmax_t
configure:6381: gcc -std=gnu99 -c -Wall -Wmissing-prototypes -Wpointer-arith -O2 -pedantic -fomit-frame-pointer -m64 -mtune=sandybridge -march=sandybridge  -I/usr/local/gcc-6.2.0/include conftest.c >&5
gcc: warning: couldn't understand kern.osversion '16.0.0
configure:6381: $? = 0
configure:6381: gcc -std=gnu99 -c -Wall -Wmissing-prototypes -Wpointer-arith -O2 -pedantic -fomit-frame-pointer -m64 -mtune=sandybridge -march=sandybridge  -I/usr/local/gcc-6.2.0/include conftest.c >&5
gcc: warning: couldn't understand kern.osversion '16.0.0
conftest.c: In function 'main':
conftest.c:72:23: error: expected expression before ')' token
 if (sizeof ((intmax_t)))
                       ^
configure:6381: $? = 1
configure: failed program was:
| /* confdefs.h */
| #define PACKAGE_NAME "MPFR"
| #define PACKAGE_TARNAME "mpfr"
| #define PACKAGE_VERSION "3.1.5"
| #define PACKAGE_STRING "MPFR 3.1.5"
| #define PACKAGE_BUGREPORT ""
| #define PACKAGE_URL ""
| #define TIME_WITH_SYS_TIME 1
| #define STDC_HEADERS 1
| #define HAVE_SYS_TYPES_H 1
| #define HAVE_SYS_STAT_H 1
| #define HAVE_STDLIB_H 1
| #define HAVE_STRING_H 1
| #define HAVE_MEMORY_H 1
| #define HAVE_STRINGS_H 1
| #define HAVE_INTTYPES_H 1
| #define HAVE_STDINT_H 1
| #define HAVE_UNISTD_H 1
| #define HAVE_LOCALE_H 1
| #define HAVE_WCHAR_H 1
| #define HAVE_STDARG 1
| #define HAVE_SYS_TIME_H 1
| #define HAVE_STRUCT_LCONV_DECIMAL_POINT 1
| #define HAVE_STRUCT_LCONV_THOUSANDS_SEP 1
| #define HAVE_ALLOCA_H 1
| #define HAVE_ALLOCA 1
| #define HAVE_STDINT_H 1
| #define HAVE_VA_COPY 1
| #define HAVE_MEMMOVE 1
| #define HAVE_MEMSET 1
| #define HAVE_SETLOCALE 1
| #define HAVE_STRTOL 1
| #define HAVE_GETTIMEOFDAY 1
| #define HAVE_LONG_LONG 1
| /* end confdefs.h.  */
| #include <stdio.h>
| #ifdef HAVE_SYS_TYPES_H
| # include <sys/types.h>
| #endif
| #ifdef HAVE_SYS_STAT_H
| # include <sys/stat.h>
| #endif
| #ifdef STDC_HEADERS
| # include <stdlib.h>
| # include <stddef.h>
| #else
| # ifdef HAVE_STDLIB_H
| #  include <stdlib.h>
| # endif
| #endif
| #ifdef HAVE_STRING_H
| # if !defined STDC_HEADERS && defined HAVE_MEMORY_H
| #  include <memory.h>
| # endif
| # include <string.h>
| #endif
| #ifdef HAVE_STRINGS_H
| # include <strings.h>
| #endif
| #ifdef HAVE_INTTYPES_H
| # include <inttypes.h>
| #endif
| #ifdef HAVE_STDINT_H
| # include <stdint.h>
| #endif
| #ifdef HAVE_UNISTD_H
| # include <unistd.h>
| #endif
| int
| main (void)
| {
| if (sizeof ((intmax_t)))
| 	    return 0;
|   ;
|   return 0;
| }
configure:6381: result: yes
configure:6392: checking for working INTMAX_MAX
configure:6412: gcc -std=gnu99 -c -Wall -Wmissing-prototypes -Wpointer-arith -O2 -pedantic -fomit-frame-pointer -m64 -mtune=sandybridge -march=sandybridge  -I/usr/local/gcc-6.2.0/include -I../src conftest.c >&5
gcc: warning: couldn't understand kern.osversion '16.0.0
configure:6412: $? = 0
configure:6421: result: yes
configure:6430: checking for union fpc_csr
configure:6430: gcc -std=gnu99 -c -Wall -Wmissing-prototypes -Wpointer-arith -O2 -pedantic -fomit-frame-pointer -m64 -mtune=sandybridge -march=sandybridge  -I/usr/local/gcc-6.2.0/include conftest.c >&5
gcc: warning: couldn't understand kern.osversion '16.0.0
conftest.c: In function 'main':
conftest.c:47:13: error: invalid application of 'sizeof' to incomplete type 'union fpc_csr'
 if (sizeof (union fpc_csr))
             ^
configure:6430: $? = 1
configure: failed program was:
| /* confdefs.h */
| #define PACKAGE_NAME "MPFR"
| #define PACKAGE_TARNAME "mpfr"
| #define PACKAGE_VERSION "3.1.5"
| #define PACKAGE_STRING "MPFR 3.1.5"
| #define PACKAGE_BUGREPORT ""
| #define PACKAGE_URL ""
| #define TIME_WITH_SYS_TIME 1
| #define STDC_HEADERS 1
| #define HAVE_SYS_TYPES_H 1
| #define HAVE_SYS_STAT_H 1
| #define HAVE_STDLIB_H 1
| #define HAVE_STRING_H 1
| #define HAVE_MEMORY_H 1
| #define HAVE_STRINGS_H 1
| #define HAVE_INTTYPES_H 1
| #define HAVE_STDINT_H 1
| #define HAVE_UNISTD_H 1
| #define HAVE_LOCALE_H 1
| #define HAVE_WCHAR_H 1
| #define HAVE_STDARG 1
| #define HAVE_SYS_TIME_H 1
| #define HAVE_STRUCT_LCONV_DECIMAL_POINT 1
| #define HAVE_STRUCT_LCONV_THOUSANDS_SEP 1
| #define HAVE_ALLOCA_H 1
| #define HAVE_ALLOCA 1
| #define HAVE_STDINT_H 1
| #define HAVE_VA_COPY 1
| #define HAVE_MEMMOVE 1
| #define HAVE_MEMSET 1
| #define HAVE_SETLOCALE 1
| #define HAVE_STRTOL 1
| #define HAVE_GETTIMEOFDAY 1
| #define HAVE_LONG_LONG 1
| #define HAVE_INTMAX_T 1
| #define MPFR_HAVE_INTMAX_MAX 1
| /* end confdefs.h.  */
| 
| #if HAVE_SYS_FPU_H
| #  include <sys/fpu.h>
| #endif
| 
| 
| int
| main (void)
| {
| if (sizeof (union fpc_csr))
| 	 return 0;
|   ;
|   return 0;
| }
configure:6430: result: no
configure:6443: checking for fesetround
configure:6462: gcc -std=gnu99 -o conftest -Wall -Wmissing-prototypes -Wpointer-arith -O2 -pedantic -fomit-frame-pointer -m64 -mtune=sandybridge -march=sandybridge  -I/usr/local/gcc-6.2.0/include -Wl,-search_paths_first  -L/usr/local/gcc-6.2.0/lib conftest.c  -lm >&5
gcc: warning: couldn't understand kern.osversion '16.0.0
ld: warning: object file (/var/folders/j3/jbfdwjt54xn1pvw24hx69hg00000gn/T//ccLlV3tm.o) was built for newer OSX version (10.12) than being linked (10.4)
configure:6462: $? = 0
configure:6472: result: yes
configure:6481: checking for gcc float-conversion bug
configure:6521: gcc -std=gnu99 -o conftest -Wall -Wmissing-prototypes -Wpointer-arith -O2 -pedantic -fomit-frame-pointer -m64 -mtune=sandybridge -march=sandybridge  -I/usr/local/gcc-6.2.0/include -Wl,-search_paths_first  -L/usr/local/gcc-6.2.0/lib conftest.c  -lm >&5
gcc: warning: couldn't understand kern.osversion '16.0.0
ld: warning: object file (/var/folders/j3/jbfdwjt54xn1pvw24hx69hg00000gn/T//ccYvyRaq.o) was built for newer OSX version (10.12) than being linked (10.4)
configure:6521: $? = 0
configure:6521: ./conftest
configure:6521: $? = 0
configure:6533: result: no
configure:6540: checking for subnormal numbers
configure:6560: gcc -std=gnu99 -o conftest -Wall -Wmissing-prototypes -Wpointer-arith -O2 -pedantic -fomit-frame-pointer -m64 -mtune=sandybridge -march=sandybridge  -I/usr/local/gcc-6.2.0/include -Wl,-search_paths_first  -L/usr/local/gcc-6.2.0/lib conftest.c  >&5
gcc: warning: couldn't understand kern.osversion '16.0.0
ld: warning: object file (/var/folders/j3/jbfdwjt54xn1pvw24hx69hg00000gn/T//ccDqSVmm.o) was built for newer OSX version (10.12) than being linked (10.4)
configure:6560: $? = 0
configure:6560: ./conftest
1.112537e-308
configure:6560: $? = 0
configure:6571: result: yes
configure:6579: checking for signed zeros
configure:6596: gcc -std=gnu99 -o conftest -Wall -Wmissing-prototypes -Wpointer-arith -O2 -pedantic -fomit-frame-pointer -m64 -mtune=sandybridge -march=sandybridge  -I/usr/local/gcc-6.2.0/include -Wl,-search_paths_first  -L/usr/local/gcc-6.2.0/lib conftest.c  >&5
gcc: warning: couldn't understand kern.osversion '16.0.0
ld: warning: object file (/var/folders/j3/jbfdwjt54xn1pvw24hx69hg00000gn/T//cccMcqPW.o) was built for newer OSX version (10.12) than being linked (10.4)
configure:6596: $? = 0
configure:6596: ./conftest
configure:6596: $? = 0
configure:6607: result: yes
configure:6615: checking if the FP division by 0 fails
configure:6636: gcc -std=gnu99 -o conftest -Wall -Wmissing-prototypes -Wpointer-arith -O2 -pedantic -fomit-frame-pointer -m64 -mtune=sandybridge -march=sandybridge  -I/usr/local/gcc-6.2.0/include -Wl,-search_paths_first  -L/usr/local/gcc-6.2.0/lib conftest.c  >&5
gcc: warning: couldn't understand kern.osversion '16.0.0
ld: warning: object file (/var/folders/j3/jbfdwjt54xn1pvw24hx69hg00000gn/T//ccKCBYEQ.o) was built for newer OSX version (10.12) than being linked (10.4)
configure:6636: $? = 0
configure:6636: ./conftest
configure:6636: $? = 0
configure:6647: result: no
configure:6661: checking if NAN == NAN
configure:6685: gcc -std=gnu99 -o conftest -Wall -Wmissing-prototypes -Wpointer-arith -O2 -pedantic -fomit-frame-pointer -m64 -mtune=sandybridge -march=sandybridge  -I/usr/local/gcc-6.2.0/include -Wl,-search_paths_first  -L/usr/local/gcc-6.2.0/lib conftest.c  >&5
gcc: warning: couldn't understand kern.osversion '16.0.0
ld: warning: object file (/var/folders/j3/jbfdwjt54xn1pvw24hx69hg00000gn/T//ccsQD5G1.o) was built for newer OSX version (10.12) than being linked (10.4)
configure:6685: $? = 0
configure:6685: ./conftest
configure:6685: $? = 1
configure: program exited with status 1
configure: failed program was:
| /* confdefs.h */
| #define PACKAGE_NAME "MPFR"
| #define PACKAGE_TARNAME "mpfr"
| #define PACKAGE_VERSION "3.1.5"
| #define PACKAGE_STRING "MPFR 3.1.5"
| #define PACKAGE_BUGREPORT ""
| #define PACKAGE_URL ""
| #define TIME_WITH_SYS_TIME 1
| #define STDC_HEADERS 1
| #define HAVE_SYS_TYPES_H 1
| #define HAVE_SYS_STAT_H 1
| #define HAVE_STDLIB_H 1
| #define HAVE_STRING_H 1
| #define HAVE_MEMORY_H 1
| #define HAVE_STRINGS_H 1
| #define HAVE_INTTYPES_H 1
| #define HAVE_STDINT_H 1
| #define HAVE_UNISTD_H 1
| #define HAVE_LOCALE_H 1
| #define HAVE_WCHAR_H 1
| #define HAVE_STDARG 1
| #define HAVE_SYS_TIME_H 1
| #define HAVE_STRUCT_LCONV_DECIMAL_POINT 1
| #define HAVE_STRUCT_LCONV_THOUSANDS_SEP 1
| #define HAVE_ALLOCA_H 1
| #define HAVE_ALLOCA 1
| #define HAVE_STDINT_H 1
| #define HAVE_VA_COPY 1
| #define HAVE_MEMMOVE 1
| #define HAVE_MEMSET 1
| #define HAVE_SETLOCALE 1
| #define HAVE_STRTOL 1
| #define HAVE_GETTIMEOFDAY 1
| #define HAVE_LONG_LONG 1
| #define HAVE_INTMAX_T 1
| #define MPFR_HAVE_INTMAX_MAX 1
| #define MPFR_HAVE_FESETROUND 1
| #define HAVE_DENORMS 1
| #define HAVE_SIGNEDZ 1
| /* end confdefs.h.  */
| 
| #include <stdio.h>
| #include <math.h>
| #ifndef NAN
| # define NAN (0.0/0.0)
| #endif
| int main (void) {
|   double d;
|   d = NAN;
|   return d != d;
| }
| 
configure:6696: result: no
configure:6724: checking if charset has consecutive values
configure:6754: gcc -std=gnu99 -o conftest -Wall -Wmissing-prototypes -Wpointer-arith -O2 -pedantic -fomit-frame-pointer -m64 -mtune=sandybridge -march=sandybridge  -I/usr/local/gcc-6.2.0/include -Wl,-search_paths_first  -L/usr/local/gcc-6.2.0/lib conftest.c  >&5
gcc: warning: couldn't understand kern.osversion '16.0.0
ld: warning: object file (/var/folders/j3/jbfdwjt54xn1pvw24hx69hg00000gn/T//ccT5xrZU.o) was built for newer OSX version (10.12) than being linked (10.4)
configure:6754: $? = 0
configure:6754: ./conftest
configure:6754: $? = 0
configure:6755: result: yes
configure:6773: checking for math/round
configure:6791: gcc -std=gnu99 -o conftest -Wall -Wmissing-prototypes -Wpointer-arith -O2 -pedantic -fomit-frame-pointer -m64 -mtune=sandybridge -march=sandybridge  -I/usr/local/gcc-6.2.0/include -Wl,-search_paths_first  -L/usr/local/gcc-6.2.0/lib conftest.c  -lm >&5
gcc: warning: couldn't understand kern.osversion '16.0.0
ld: warning: object file (/var/folders/j3/jbfdwjt54xn1pvw24hx69hg00000gn/T//ccCMRgKg.o) was built for newer OSX version (10.12) than being linked (10.4)
configure:6791: $? = 0
configure:6793: result: yes
configure:6806: checking for math/trunc
configure:6824: gcc -std=gnu99 -o conftest -Wall -Wmissing-prototypes -Wpointer-arith -O2 -pedantic -fomit-frame-pointer -m64 -mtune=sandybridge -march=sandybridge  -I/usr/local/gcc-6.2.0/include -Wl,-search_paths_first  -L/usr/local/gcc-6.2.0/lib conftest.c  -lm >&5
gcc: warning: couldn't understand kern.osversion '16.0.0
ld: warning: object file (/var/folders/j3/jbfdwjt54xn1pvw24hx69hg00000gn/T//cctI9lDm.o) was built for newer OSX version (10.12) than being linked (10.4)
configure:6824: $? = 0
configure:6826: result: yes
configure:6839: checking for math/floor
configure:6857: gcc -std=gnu99 -o conftest -Wall -Wmissing-prototypes -Wpointer-arith -O2 -pedantic -fomit-frame-pointer -m64 -mtune=sandybridge -march=sandybridge  -I/usr/local/gcc-6.2.0/include -Wl,-search_paths_first  -L/usr/local/gcc-6.2.0/lib conftest.c  -lm >&5
gcc: warning: couldn't understand kern.osversion '16.0.0
ld: warning: object file (/var/folders/j3/jbfdwjt54xn1pvw24hx69hg00000gn/T//ccnNdogn.o) was built for newer OSX version (10.12) than being linked (10.4)
configure:6857: $? = 0
configure:6859: result: yes
configure:6872: checking for math/ceil
configure:6890: gcc -std=gnu99 -o conftest -Wall -Wmissing-prototypes -Wpointer-arith -O2 -pedantic -fomit-frame-pointer -m64 -mtune=sandybridge -march=sandybridge  -I/usr/local/gcc-6.2.0/include -Wl,-search_paths_first  -L/usr/local/gcc-6.2.0/lib conftest.c  -lm >&5
gcc: warning: couldn't understand kern.osversion '16.0.0
ld: warning: object file (/var/folders/j3/jbfdwjt54xn1pvw24hx69hg00000gn/T//ccPyuBrM.o) was built for newer OSX version (10.12) than being linked (10.4)
configure:6890: $? = 0
configure:6892: result: yes
configure:6905: checking for math/nearbyint
configure:6923: gcc -std=gnu99 -o conftest -Wall -Wmissing-prototypes -Wpointer-arith -O2 -pedantic -fomit-frame-pointer -m64 -mtune=sandybridge -march=sandybridge  -I/usr/local/gcc-6.2.0/include -Wl,-search_paths_first  -L/usr/local/gcc-6.2.0/lib conftest.c  -lm >&5
gcc: warning: couldn't understand kern.osversion '16.0.0
ld: warning: object file (/var/folders/j3/jbfdwjt54xn1pvw24hx69hg00000gn/T//ccKB9rt2.o) was built for newer OSX version (10.12) than being linked (10.4)
configure:6923: $? = 0
configure:6925: result: yes
configure:6943: checking for long double
configure:6943: gcc -std=gnu99 -c -Wall -Wmissing-prototypes -Wpointer-arith -O2 -pedantic -fomit-frame-pointer -m64 -mtune=sandybridge -march=sandybridge  -I/usr/local/gcc-6.2.0/include conftest.c >&5
gcc: warning: couldn't understand kern.osversion '16.0.0
configure:6943: $? = 0
configure:6943: gcc -std=gnu99 -c -Wall -Wmissing-prototypes -Wpointer-arith -O2 -pedantic -fomit-frame-pointer -m64 -mtune=sandybridge -march=sandybridge  -I/usr/local/gcc-6.2.0/include conftest.c >&5
gcc: warning: couldn't understand kern.osversion '16.0.0
conftest.c: In function 'main':
conftest.c:82:26: error: expected expression before ')' token
 if (sizeof ((long double)))
                          ^
configure:6943: $? = 1
configure: failed program was:
| /* confdefs.h */
| #define PACKAGE_NAME "MPFR"
| #define PACKAGE_TARNAME "mpfr"
| #define PACKAGE_VERSION "3.1.5"
| #define PACKAGE_STRING "MPFR 3.1.5"
| #define PACKAGE_BUGREPORT ""
| #define PACKAGE_URL ""
| #define TIME_WITH_SYS_TIME 1
| #define STDC_HEADERS 1
| #define HAVE_SYS_TYPES_H 1
| #define HAVE_SYS_STAT_H 1
| #define HAVE_STDLIB_H 1
| #define HAVE_STRING_H 1
| #define HAVE_MEMORY_H 1
| #define HAVE_STRINGS_H 1
| #define HAVE_INTTYPES_H 1
| #define HAVE_STDINT_H 1
| #define HAVE_UNISTD_H 1
| #define HAVE_LOCALE_H 1
| #define HAVE_WCHAR_H 1
| #define HAVE_STDARG 1
| #define HAVE_SYS_TIME_H 1
| #define HAVE_STRUCT_LCONV_DECIMAL_POINT 1
| #define HAVE_STRUCT_LCONV_THOUSANDS_SEP 1
| #define HAVE_ALLOCA_H 1
| #define HAVE_ALLOCA 1
| #define HAVE_STDINT_H 1
| #define HAVE_VA_COPY 1
| #define HAVE_MEMMOVE 1
| #define HAVE_MEMSET 1
| #define HAVE_SETLOCALE 1
| #define HAVE_STRTOL 1
| #define HAVE_GETTIMEOFDAY 1
| #define HAVE_LONG_LONG 1
| #define HAVE_INTMAX_T 1
| #define MPFR_HAVE_INTMAX_MAX 1
| #define MPFR_HAVE_FESETROUND 1
| #define HAVE_DENORMS 1
| #define HAVE_SIGNEDZ 1
| #define HAVE_ROUND 1
| #define HAVE_TRUNC 1
| #define HAVE_FLOOR 1
| #define HAVE_CEIL 1
| #define HAVE_NEARBYINT 1
| /* end confdefs.h.  */
| #include <stdio.h>
| #ifdef HAVE_SYS_TYPES_H
| # include <sys/types.h>
| #endif
| #ifdef HAVE_SYS_STAT_H
| # include <sys/stat.h>
| #endif
| #ifdef STDC_HEADERS
| # include <stdlib.h>
| # include <stddef.h>
| #else
| # ifdef HAVE_STDLIB_H
| #  include <stdlib.h>
| # endif
| #endif
| #ifdef HAVE_STRING_H
| # if !defined STDC_HEADERS && defined HAVE_MEMORY_H
| #  include <memory.h>
| # endif
| # include <string.h>
| #endif
| #ifdef HAVE_STRINGS_H
| # include <strings.h>
| #endif
| #ifdef HAVE_INTTYPES_H
| # include <inttypes.h>
| #endif
| #ifdef HAVE_STDINT_H
| # include <stdint.h>
| #endif
| #ifdef HAVE_UNISTD_H
| # include <unistd.h>
| #endif
| int
| main (void)
| {
| if (sizeof ((long double)))
| 	    return 0;
|   ;
|   return 0;
| }
configure:6943: result: yes
configure:6953: checking format of `long double' floating point
configure:6980: gcc -std=gnu99 -Wall -Wmissing-prototypes -Wpointer-arith -O2 -pedantic -fomit-frame-pointer -m64 -mtune=sandybridge -march=sandybridge  -I/usr/local/gcc-6.2.0/include -c conftest.c >&5 2>&1
gcc: warning: couldn't understand kern.osversion '16.0.0
configure:6983: $? = 0
configure:7255: result: IEEE extended, little endian
configure:7300: checking for TLS support using C11
configure:7321: gcc -std=gnu99 -o conftest -Wall -Wmissing-prototypes -Wpointer-arith -O2 -pedantic -fomit-frame-pointer -m64 -mtune=sandybridge -march=sandybridge  -I/usr/local/gcc-6.2.0/include -I../src -Wl,-search_paths_first  -L/usr/local/gcc-6.2.0/lib conftest.c  >&5
gcc: warning: couldn't understand kern.osversion '16.0.0
In file included from conftest.c:51:0:
../src/mpfr-thread.h:36:29: warning: ISO C99 does not support '_Thread_local' [-Wpedantic]
 #   define MPFR_THREAD_ATTR _Thread_local
                             ^
conftest.c:52:1: note: in expansion of macro 'MPFR_THREAD_ATTR'
 MPFR_THREAD_ATTR int x = 17;
 ^
ld: warning: object file (/var/folders/j3/jbfdwjt54xn1pvw24hx69hg00000gn/T//ccFW0M5v.o) was built for newer OSX version (10.12) than being linked (10.4)
configure:7321: $? = 0
configure:7321: ./conftest
configure:7321: $? = 0
configure:7322: result: yes
configure:7404: checking for library containing clock_gettime
configure:7435: gcc -std=gnu99 -o conftest -Wall -Wmissing-prototypes -Wpointer-arith -O2 -pedantic -fomit-frame-pointer -m64 -mtune=sandybridge -march=sandybridge  -I/usr/local/gcc-6.2.0/include -Wl,-search_paths_first  -L/usr/local/gcc-6.2.0/lib conftest.c  >&5
gcc: warning: couldn't understand kern.osversion '16.0.0
ld: warning: object file (/var/folders/j3/jbfdwjt54xn1pvw24hx69hg00000gn/T//ccoBWu8e.o) was built for newer OSX version (10.12) than being linked (10.4)
configure:7435: $? = 0
configure:7452: result: none required
configure:7468: checking for gmp.h
configure:7476: gcc -std=gnu99 -c -Wall -Wmissing-prototypes -Wpointer-arith -O2 -pedantic -fomit-frame-pointer -m64 -mtune=sandybridge -march=sandybridge  -I/usr/local/gcc-6.2.0/include conftest.c >&5
gcc: warning: couldn't understand kern.osversion '16.0.0
configure:7476: $? = 0
configure:7477: result: yes
configure:7536: checking how to print strings
configure:7563: result: printf
configure:7584: checking for a sed that does not truncate output
configure:7648: result: /usr/bin/sed
configure:7666: checking for fgrep
configure:7728: result: /usr/bin/grep -F
configure:7763: checking for ld used by gcc -std=gnu99
gcc: warning: couldn't understand kern.osversion '16.0.0
configure:7830: result: /usr/bin/ld
configure:7837: checking if the linker (/usr/bin/ld) is GNU ld
configure:7852: result: no
configure:7864: checking for BSD- or MS-compatible name lister (nm)
configure:7918: result: /usr/bin/nm -B
configure:8048: checking the name lister (/usr/bin/nm -B) interface
configure:8055: gcc -std=gnu99 -c -Wall -Wmissing-prototypes -Wpointer-arith -O2 -pedantic -fomit-frame-pointer -m64 -mtune=sandybridge -march=sandybridge  -I/usr/local/gcc-6.2.0/include conftest.c >&5
gcc: warning: couldn't understand kern.osversion '16.0.0
configure:8058: /usr/bin/nm -B "conftest.o"
configure:8061: output
0000000000000000 S _some_variable
configure:8068: result: BSD nm
configure:8071: checking whether ln -s works
configure:8075: result: yes
configure:8083: checking the maximum length of command line arguments
configure:8214: result: 196608
configure:8262: checking how to convert x86_64-apple-darwin16.0.0 file names to x86_64-apple-darwin16.0.0 format
configure:8302: result: func_convert_file_noop
configure:8309: checking how to convert x86_64-apple-darwin16.0.0 file names to toolchain format
configure:8329: result: func_convert_file_noop
configure:8336: checking for /usr/bin/ld option to reload object files
configure:8343: result: -r
configure:8417: checking for objdump
configure:8433: found /usr/bin/objdump
configure:8444: result: objdump
configure:8473: checking how to recognize dependent libraries
configure:8673: result: pass_all
configure:8758: checking for dlltool
configure:8788: result: no
configure:8815: checking how to associate runtime and link libraries
configure:8842: result: printf %s\n
configure:8966: checking for archiver @FILE support
configure:8983: gcc -std=gnu99 -c -Wall -Wmissing-prototypes -Wpointer-arith -O2 -pedantic -fomit-frame-pointer -m64 -mtune=sandybridge -march=sandybridge  -I/usr/local/gcc-6.2.0/include conftest.c >&5
gcc: warning: couldn't understand kern.osversion '16.0.0
configure:8983: $? = 0
configure:8986: ar cru libconftest.a @conftest.lst >&5
ar: @conftest.lst: No such file or directory
configure:8989: $? = 1
configure:9009: result: no
configure:9067: checking for strip
configure:9083: found /usr/bin/strip
configure:9094: result: strip
configure:9166: checking for ranlib
configure:9182: found /usr/bin/ranlib
configure:9193: result: ranlib
configure:9295: checking command to parse /usr/bin/nm -B output from gcc -std=gnu99 object
configure:9448: gcc -std=gnu99 -c -Wall -Wmissing-prototypes -Wpointer-arith -O2 -pedantic -fomit-frame-pointer -m64 -mtune=sandybridge -march=sandybridge  -I/usr/local/gcc-6.2.0/include conftest.c >&5
gcc: warning: couldn't understand kern.osversion '16.0.0
configure:9451: $? = 0
configure:9455: /usr/bin/nm -B conftest.o \| sed -n -e 's/^.*[ ]\([BCDEGRST][BCDEGRST]*\)[ ][ ]*\([_A-Za-z][_A-Za-z0-9]*\)$/\1 \2 \2/p' | sed '/ __gnu_lto/d' \> conftest.nm
configure:9458: $? = 0
cannot find nm_test_var in conftest.nm
configure:9448: gcc -std=gnu99 -c -Wall -Wmissing-prototypes -Wpointer-arith -O2 -pedantic -fomit-frame-pointer -m64 -mtune=sandybridge -march=sandybridge  -I/usr/local/gcc-6.2.0/include conftest.c >&5
gcc: warning: couldn't understand kern.osversion '16.0.0
configure:9451: $? = 0
configure:9455: /usr/bin/nm -B conftest.o \| sed -n -e 's/^.*[ ]\([BCDEGRST][BCDEGRST]*\)[ ][ ]*_\([_A-Za-z][_A-Za-z0-9]*\)$/\1 _\2 \2/p' | sed '/ __gnu_lto/d' \> conftest.nm
configure:9458: $? = 0
configure:9524: gcc -std=gnu99 -o conftest -Wall -Wmissing-prototypes -Wpointer-arith -O2 -pedantic -fomit-frame-pointer -m64 -mtune=sandybridge -march=sandybridge  -I/usr/local/gcc-6.2.0/include -Wl,-search_paths_first  -L/usr/local/gcc-6.2.0/lib conftest.c conftstm.o >&5
gcc: warning: couldn't understand kern.osversion '16.0.0
conftest.c:29:20: warning: ISO C forbids conversion of function pointer to object pointer type [-Wpedantic]
   {"nm_test_func", (void *) &nm_test_func},
                    ^
ld: warning: object file (/var/folders/j3/jbfdwjt54xn1pvw24hx69hg00000gn/T//ccYxbmr4.o) was built for newer OSX version (10.12) than being linked (10.4)
ld: warning: object file (conftstm.o) was built for newer OSX version (10.12) than being linked (10.4)
configure:9527: $? = 0
configure:9565: result: ok
configure:9612: checking for sysroot
configure:9642: result: no
configure:9649: checking for a working dd
configure:9687: result: /bin/dd
configure:9691: checking how to truncate binary pipes
configure:9706: result: /bin/dd bs=4096 count=1
configure:10035: checking for mt
configure:10065: result: no
configure:10085: checking if : is a manifest tool
configure:10091: : '-?'
configure:10099: result: no
configure:10155: checking for dsymutil
configure:10171: found /usr/bin/dsymutil
configure:10182: result: dsymutil
configure:10247: checking for nmedit
configure:10263: found /usr/bin/nmedit
configure:10274: result: nmedit
configure:10339: checking for lipo
configure:10355: found /usr/bin/lipo
configure:10366: result: lipo
configure:10431: checking for otool
configure:10447: found /usr/bin/otool
configure:10458: result: otool
configure:10523: checking for otool64
configure:10553: result: no
configure:10598: checking for -single_module linker flag
gcc -std=gnu99 -Wall -Wmissing-prototypes -Wpointer-arith -O2 -pedantic -fomit-frame-pointer -m64 -mtune=sandybridge -march=sandybridge -Wl,-search_paths_first  -L/usr/local/gcc-6.2.0/lib -o libconftest.dylib -dynamiclib -Wl,-single_module conftest.c
configure:10631: result: yes
configure:10634: checking for -exported_symbols_list linker flag
configure:10654: gcc -std=gnu99 -o conftest -Wall -Wmissing-prototypes -Wpointer-arith -O2 -pedantic -fomit-frame-pointer -m64 -mtune=sandybridge -march=sandybridge  -I/usr/local/gcc-6.2.0/include -Wl,-search_paths_first  -L/usr/local/gcc-6.2.0/lib -Wl,-exported_symbols_list,conftest.sym conftest.c  >&5
gcc: warning: couldn't understand kern.osversion '16.0.0
ld: warning: object file (/var/folders/j3/jbfdwjt54xn1pvw24hx69hg00000gn/T//ccMBUvOW.o) was built for newer OSX version (10.12) than being linked (10.4)
configure:10654: $? = 0
configure:10664: result: yes
configure:10667: checking for -force_load linker flag
gcc -std=gnu99 -Wall -Wmissing-prototypes -Wpointer-arith -O2 -pedantic -fomit-frame-pointer -m64 -mtune=sandybridge -march=sandybridge -c -o conftest.o conftest.c
gcc: warning: couldn't understand kern.osversion '16.0.0
conftest.c:1:5: warning: no previous prototype for 'forced_loaded' [-Wmissing-prototypes]
 int forced_loaded() { return 2;}
     ^
ar cru libconftest.a conftest.o
ranlib libconftest.a
gcc -std=gnu99 -Wall -Wmissing-prototypes -Wpointer-arith -O2 -pedantic -fomit-frame-pointer -m64 -mtune=sandybridge -march=sandybridge -Wl,-search_paths_first  -L/usr/local/gcc-6.2.0/lib -o conftest conftest.c -Wl,-force_load,./libconftest.a
configure:10699: result: yes
configure:10773: checking for dlfcn.h
configure:10773: gcc -std=gnu99 -c -Wall -Wmissing-prototypes -Wpointer-arith -O2 -pedantic -fomit-frame-pointer -m64 -mtune=sandybridge -march=sandybridge  -I/usr/local/gcc-6.2.0/include conftest.c >&5
gcc: warning: couldn't understand kern.osversion '16.0.0
configure:10773: $? = 0
configure:10773: result: yes
configure:11327: checking for objdir
configure:11342: result: .libs
configure:11606: checking if gcc -std=gnu99 supports -fno-rtti -fno-exceptions
configure:11624: gcc -std=gnu99 -c -Wall -Wmissing-prototypes -Wpointer-arith -O2 -pedantic -fomit-frame-pointer -m64 -mtune=sandybridge -march=sandybridge  -I/usr/local/gcc-6.2.0/include -fno-rtti -fno-exceptions conftest.c >&5
gcc: warning: couldn't understand kern.osversion '16.0.0
cc1: warning: command line option '-fno-rtti' is valid for C++/ObjC++ but not for C
configure:11628: $? = 0
configure:11641: result: no
configure:11999: checking for gcc -std=gnu99 option to produce PIC
configure:12006: result: -fno-common -DPIC
configure:12014: checking if gcc -std=gnu99 PIC flag -fno-common -DPIC works
configure:12032: gcc -std=gnu99 -c -Wall -Wmissing-prototypes -Wpointer-arith -O2 -pedantic -fomit-frame-pointer -m64 -mtune=sandybridge -march=sandybridge  -I/usr/local/gcc-6.2.0/include -fno-common -DPIC -DPIC conftest.c >&5
gcc: warning: couldn't understand kern.osversion '16.0.0
configure:12036: $? = 0
configure:12049: result: yes
configure:12078: checking if gcc -std=gnu99 static flag -static works
configure:12106: result: no
configure:12121: checking if gcc -std=gnu99 supports -c -o file.o
configure:12142: gcc -std=gnu99 -c -Wall -Wmissing-prototypes -Wpointer-arith -O2 -pedantic -fomit-frame-pointer -m64 -mtune=sandybridge -march=sandybridge  -I/usr/local/gcc-6.2.0/include -o out/conftest2.o conftest.c >&5
gcc: warning: couldn't understand kern.osversion '16.0.0
configure:12146: $? = 0
configure:12168: result: yes
configure:12176: checking if gcc -std=gnu99 supports -c -o file.o
configure:12223: result: yes
configure:12256: checking whether the gcc -std=gnu99 linker (/usr/bin/ld) supports shared libraries
configure:13521: result: yes
configure:13761: checking dynamic linker characteristics
configure:14591: result: darwin16.0.0 dyld
configure:14713: checking how to hardcode library paths into programs
configure:14738: result: immediate
configure:15286: checking whether stripping libraries is possible
configure:15300: result: yes
configure:15326: checking if libtool supports shared libraries
configure:15328: result: yes
configure:15331: checking whether to build shared libraries
configure:15356: result: yes
configure:15359: checking whether to build static libraries
configure:15363: result: yes
configure:15468: checking whether gcc __attribute__ ((mode (XX))) works
configure:15484: gcc -std=gnu99 -c -Wall -Wmissing-prototypes -Wpointer-arith -O2 -pedantic -fomit-frame-pointer -m64 -mtune=sandybridge -march=sandybridge  -I/usr/local/gcc-6.2.0/include conftest.c >&5
gcc: warning: couldn't understand kern.osversion '16.0.0
configure:15484: $? = 0
configure:15492: result: yes
configure:15503: checking for recent GMP
configure:15515: gcc -std=gnu99 -c -Wall -Wmissing-prototypes -Wpointer-arith -O2 -pedantic -fomit-frame-pointer -m64 -mtune=sandybridge -march=sandybridge  -I/usr/local/gcc-6.2.0/include conftest.c >&5
gcc: warning: couldn't understand kern.osversion '16.0.0
configure:15515: $? = 0
configure:15516: result: yes
configure:15527: checking usable gmp.h at link time
configure:15542: gcc -std=gnu99 -o conftest -Wall -Wmissing-prototypes -Wpointer-arith -O2 -pedantic -fomit-frame-pointer -m64 -mtune=sandybridge -march=sandybridge  -I/usr/local/gcc-6.2.0/include -Wl,-search_paths_first  -L/usr/local/gcc-6.2.0/lib conftest.c  >&5
gcc: warning: couldn't understand kern.osversion '16.0.0
ld: warning: object file (/var/folders/j3/jbfdwjt54xn1pvw24hx69hg00000gn/T//cclFyYZV.o) was built for newer OSX version (10.12) than being linked (10.4)
configure:15542: $? = 0
configure:15543: result: yes
configure:15585: checking for GMP_NUMB_BITS and sizeof(mp_limb_t) consistency
configure:15614: gcc -std=gnu99 -o conftest -Wall -Wmissing-prototypes -Wpointer-arith -O2 -pedantic -fomit-frame-pointer -m64 -mtune=sandybridge -march=sandybridge  -I/usr/local/gcc-6.2.0/include -Wl,-search_paths_first  -L/usr/local/gcc-6.2.0/lib conftest.c  >&5
gcc: warning: couldn't understand kern.osversion '16.0.0
ld: warning: object file (/var/folders/j3/jbfdwjt54xn1pvw24hx69hg00000gn/T//ccL6sqc3.o) was built for newer OSX version (10.12) than being linked (10.4)
configure:15614: $? = 0
configure:15614: ./conftest
configure:15614: $? = 0
configure:15615: result: yes
configure:15631: checking for __gmpz_init in -lgmp
configure:15656: gcc -std=gnu99 -o conftest -Wall -Wmissing-prototypes -Wpointer-arith -O2 -pedantic -fomit-frame-pointer -m64 -mtune=sandybridge -march=sandybridge  -I/usr/local/gcc-6.2.0/include -Wl,-search_paths_first  -L/usr/local/gcc-6.2.0/lib conftest.c -lgmp   >&5
gcc: warning: couldn't understand kern.osversion '16.0.0
ld: warning: object file (/var/folders/j3/jbfdwjt54xn1pvw24hx69hg00000gn/T//ccMmp3R1.o) was built for newer OSX version (10.12) than being linked (10.4)
configure:15656: $? = 0
configure:15665: result: yes
configure:15675: checking if gmp.h version and libgmp version are the same
configure:15711: gcc -std=gnu99 -o conftest -Wall -Wmissing-prototypes -Wpointer-arith -O2 -pedantic -fomit-frame-pointer -m64 -mtune=sandybridge -march=sandybridge  -I/usr/local/gcc-6.2.0/include -Wl,-search_paths_first  -L/usr/local/gcc-6.2.0/lib conftest.c -lgmp  >&5
gcc: warning: couldn't understand kern.osversion '16.0.0
ld: warning: object file (/var/folders/j3/jbfdwjt54xn1pvw24hx69hg00000gn/T//ccjFxJTK.o) was built for newer OSX version (10.12) than being linked (10.4)
configure:15711: $? = 0
configure:15711: ./conftest
configure:15711: $? = 0
configure:15712: result: yes
configure:15715: checking for GMP library vs header correctness
configure:15760: gcc -std=gnu99 -o conftest -Wall -Wmissing-prototypes -Wpointer-arith -O2 -pedantic -fomit-frame-pointer -m64 -mtune=sandybridge -march=sandybridge  -I/usr/local/gcc-6.2.0/include -Wl,-search_paths_first  -L/usr/local/gcc-6.2.0/lib conftest.c -lgmp  >&5
gcc: warning: couldn't understand kern.osversion '16.0.0
ld: warning: object file (/var/folders/j3/jbfdwjt54xn1pvw24hx69hg00000gn/T//cc0vDtG4.o) was built for newer OSX version (10.12) than being linked (10.4)
configure:15760: $? = 0
configure:15760: ./conftest
GMP_NAIL_BITS     = 0
GMP_NUMB_BITS     = 64
mp_bits_per_limb  = 64
sizeof(mp_limb_t) = 8
configure:15760: $? = 0
configure:15771: result: yes
configure:15780: checking for double-to-integer conversion bug
configure:15818: gcc -std=gnu99 -o conftest -Wall -Wmissing-prototypes -Wpointer-arith -O2 -pedantic -fomit-frame-pointer -m64 -mtune=sandybridge -march=sandybridge  -I/usr/local/gcc-6.2.0/include -Wl,-search_paths_first  -L/usr/local/gcc-6.2.0/lib conftest.c -lgmp  >&5
gcc: warning: couldn't understand kern.osversion '16.0.0
ld: warning: object file (/var/folders/j3/jbfdwjt54xn1pvw24hx69hg00000gn/T//cc12fp16.o) was built for newer OSX version (10.12) than being linked (10.4)
configure:15818: $? = 0
configure:15818: ./conftest
configure:15818: $? = 0
configure:15829: result: no
configure:15840: checking if gmp_printf supports "%jd"
configure:15876: gcc -std=gnu99 -o conftest -Wall -Wmissing-prototypes -Wpointer-arith -O2 -pedantic -fomit-frame-pointer -m64 -mtune=sandybridge -march=sandybridge  -I/usr/local/gcc-6.2.0/include -Wl,-search_paths_first  -L/usr/local/gcc-6.2.0/lib conftest.c -lgmp  >&5
gcc: warning: couldn't understand kern.osversion '16.0.0
ld: warning: object file (/var/folders/j3/jbfdwjt54xn1pvw24hx69hg00000gn/T//ccgfz3Wu.o) was built for newer OSX version (10.12) than being linked (10.4)
configure:15876: $? = 0
configure:15876: ./conftest
configure:15876: $? = 0
configure:15877: result: yes
configure:15895: checking if gmp_printf supports "%hhd"
configure:15926: gcc -std=gnu99 -o conftest -Wall -Wmissing-prototypes -Wpointer-arith -O2 -pedantic -fomit-frame-pointer -m64 -mtune=sandybridge -march=sandybridge  -I/usr/local/gcc-6.2.0/include -Wl,-search_paths_first  -L/usr/local/gcc-6.2.0/lib conftest.c -lgmp  >&5
gcc: warning: couldn't understand kern.osversion '16.0.0
ld: warning: object file (/var/folders/j3/jbfdwjt54xn1pvw24hx69hg00000gn/T//ccGGbRHD.o) was built for newer OSX version (10.12) than being linked (10.4)
configure:15926: $? = 0
configure:15926: ./conftest
configure:15926: $? = 0
configure:15927: result: yes
configure:15944: checking if gmp_printf supports "%lld"
configure:15975: gcc -std=gnu99 -o conftest -Wall -Wmissing-prototypes -Wpointer-arith -O2 -pedantic -fomit-frame-pointer -m64 -mtune=sandybridge -march=sandybridge  -I/usr/local/gcc-6.2.0/include -Wl,-search_paths_first  -L/usr/local/gcc-6.2.0/lib conftest.c -lgmp  >&5
gcc: warning: couldn't understand kern.osversion '16.0.0
ld: warning: object file (/var/folders/j3/jbfdwjt54xn1pvw24hx69hg00000gn/T//ccNzuMRx.o) was built for newer OSX version (10.12) than being linked (10.4)
configure:15975: $? = 0
configure:15975: ./conftest
configure:15975: $? = 0
configure:15976: result: yes
configure:15993: checking if gmp_printf supports "%Lf"
configure:16024: gcc -std=gnu99 -o conftest -Wall -Wmissing-prototypes -Wpointer-arith -O2 -pedantic -fomit-frame-pointer -m64 -mtune=sandybridge -march=sandybridge  -I/usr/local/gcc-6.2.0/include -Wl,-search_paths_first  -L/usr/local/gcc-6.2.0/lib conftest.c -lgmp  >&5
gcc: warning: couldn't understand kern.osversion '16.0.0
ld: warning: object file (/var/folders/j3/jbfdwjt54xn1pvw24hx69hg00000gn/T//ccBhYKiS.o) was built for newer OSX version (10.12) than being linked (10.4)
configure:16024: $? = 0
configure:16024: ./conftest
configure:16024: $? = 0
configure:16025: result: yes
configure:16042: checking if gmp_printf supports "%td"
configure:16078: gcc -std=gnu99 -o conftest -Wall -Wmissing-prototypes -Wpointer-arith -O2 -pedantic -fomit-frame-pointer -m64 -mtune=sandybridge -march=sandybridge  -I/usr/local/gcc-6.2.0/include -Wl,-search_paths_first  -L/usr/local/gcc-6.2.0/lib conftest.c -lgmp  >&5
gcc: warning: couldn't understand kern.osversion '16.0.0
ld: warning: object file (/var/folders/j3/jbfdwjt54xn1pvw24hx69hg00000gn/T//ccs3OYvk.o) was built for newer OSX version (10.12) than being linked (10.4)
configure:16078: $? = 0
configure:16078: ./conftest
configure:16078: $? = 0
configure:16079: result: yes
configure:16141: checking for __gmpn_rootrem
configure:16141: gcc -std=gnu99 -o conftest -Wall -Wmissing-prototypes -Wpointer-arith -O2 -pedantic -fomit-frame-pointer -m64 -mtune=sandybridge -march=sandybridge  -I/usr/local/gcc-6.2.0/include -Wl,-search_paths_first  -L/usr/local/gcc-6.2.0/lib conftest.c -lgmp  >&5
gcc: warning: couldn't understand kern.osversion '16.0.0
ld: warning: object file (/var/folders/j3/jbfdwjt54xn1pvw24hx69hg00000gn/T//ccc6DKdz.o) was built for newer OSX version (10.12) than being linked (10.4)
configure:16141: $? = 0
configure:16141: result: yes
configure:16141: checking for __gmpn_sbpi1_divappr_q
configure:16141: gcc -std=gnu99 -o conftest -Wall -Wmissing-prototypes -Wpointer-arith -O2 -pedantic -fomit-frame-pointer -m64 -mtune=sandybridge -march=sandybridge  -I/usr/local/gcc-6.2.0/include -Wl,-search_paths_first  -L/usr/local/gcc-6.2.0/lib conftest.c -lgmp  >&5
gcc: warning: couldn't understand kern.osversion '16.0.0
ld: warning: object file (/var/folders/j3/jbfdwjt54xn1pvw24hx69hg00000gn/T//ccEPr5Zy.o) was built for newer OSX version (10.12) than being linked (10.4)
configure:16141: $? = 0
configure:16141: result: yes
configure:16324: checking that generated files are newer than configure
configure:16330: result: done
configure:16357: creating ./config.status

## ---------------------- ##
## Running config.status. ##
## ---------------------- ##

This file was extended by MPFR config.status 3.1.5, which was
generated by GNU Autoconf 2.69.  Invocation command line was

  CONFIG_FILES    = 
  CONFIG_HEADERS  = 
  CONFIG_LINKS    = 
  CONFIG_COMMANDS = 
  $ ./config.status 

on Medardus.local

config.status:1021: creating Makefile
config.status:1021: creating doc/Makefile
config.status:1021: creating src/Makefile
config.status:1021: creating tests/Makefile
config.status:1021: creating tune/Makefile
config.status:1021: creating src/mparam.h
config.status:1178: executing depfiles commands
config.status:1178: executing libtool commands
configure:18318: WARNING: unrecognized options: --with-mpfr

## ---------------- ##
## Cache variables. ##
## ---------------- ##

ac_cv_build=x86_64-apple-darwin16.0.0
ac_cv_c_compiler_gnu=yes
ac_cv_c_const=yes
ac_cv_c_volatile=yes
ac_cv_env_CC_set=
ac_cv_env_CC_value=
ac_cv_env_CFLAGS_set=
ac_cv_env_CFLAGS_value=
ac_cv_env_CPPFLAGS_set=
ac_cv_env_CPPFLAGS_value=
ac_cv_env_CPP_set=
ac_cv_env_CPP_value=
ac_cv_env_LDFLAGS_set=
ac_cv_env_LDFLAGS_value=
ac_cv_env_LIBS_set=
ac_cv_env_LIBS_value=
ac_cv_env_LT_SYS_LIBRARY_PATH_set=
ac_cv_env_LT_SYS_LIBRARY_PATH_value=
ac_cv_env_build_alias_set=
ac_cv_env_build_alias_value=
ac_cv_env_host_alias_set=
ac_cv_env_host_alias_value=
ac_cv_env_target_alias_set=
ac_cv_env_target_alias_value=
ac_cv_func___gmpn_rootrem=yes
ac_cv_func___gmpn_sbpi1_divappr_q=yes
ac_cv_func_alloca_works=yes
ac_cv_func_gettimeofday=yes
ac_cv_func_memmove=yes
ac_cv_func_memset=yes
ac_cv_func_setlocale=yes
ac_cv_func_strtol=yes
ac_cv_header_dlfcn_h=yes
ac_cv_header_float_h=yes
ac_cv_header_inttypes_h=yes
ac_cv_header_limits_h=yes
ac_cv_header_locale_h=yes
ac_cv_header_memory_h=yes
ac_cv_header_stdarg_h=yes
ac_cv_header_stdc=yes
ac_cv_header_stdint_h=yes
ac_cv_header_stdlib_h=yes
ac_cv_header_string_h=yes
ac_cv_header_strings_h=yes
ac_cv_header_sys_fpu_h=no
ac_cv_header_sys_stat_h=yes
ac_cv_header_sys_time_h=yes
ac_cv_header_sys_types_h=yes
ac_cv_header_time=yes
ac_cv_header_unistd_h=yes
ac_cv_header_wchar_h=yes
ac_cv_host=x86_64-apple-darwin16.0.0
ac_cv_lib_gmp___gmpz_init=yes
ac_cv_lib_m_main=yes
ac_cv_member_struct_lconv_decimal_point=yes
ac_cv_member_struct_lconv_thousands_sep=yes
ac_cv_objext=o
ac_cv_path_EGREP='/usr/bin/grep -E'
ac_cv_path_FGREP='/usr/bin/grep -F'
ac_cv_path_GREP=/usr/bin/grep
ac_cv_path_SED=/usr/bin/sed
ac_cv_path_install='/usr/bin/install -c'
ac_cv_path_lt_DD=/bin/dd
ac_cv_prog_AWK=awk
ac_cv_prog_CPP='gcc -std=gnu99 -E'
ac_cv_prog_ac_ct_AR=ar
ac_cv_prog_ac_ct_CC='gcc -std=gnu99'
ac_cv_prog_ac_ct_DSYMUTIL=dsymutil
ac_cv_prog_ac_ct_LIPO=lipo
ac_cv_prog_ac_ct_NMEDIT=nmedit
ac_cv_prog_ac_ct_OBJDUMP=objdump
ac_cv_prog_ac_ct_OTOOL=otool
ac_cv_prog_ac_ct_RANLIB=ranlib
ac_cv_prog_ac_ct_STRIP=strip
ac_cv_prog_cc_c89=
ac_cv_prog_cc_g=yes
ac_cv_prog_make_make_set=yes
ac_cv_search_clock_gettime='none required'
ac_cv_type_intmax_t=yes
ac_cv_type_long_double=yes
ac_cv_type_long_long_int=yes
ac_cv_type_size_t=yes
ac_cv_type_union_fpc_csr=no
ac_cv_working_alloca_h=yes
am_cv_CC_dependencies_compiler_type=gcc3
am_cv_ar_interface=ar
am_cv_make_support_nested_variables=yes
am_cv_prog_cc_c_o=yes
gl_cv_size_max=yes
gmp_cv_c_attribute_mode=yes
lt_cv_apple_cc_single_mod=yes
lt_cv_ar_at_file=no
lt_cv_deplibs_check_method=pass_all
lt_cv_file_magic_cmd='$MAGIC_CMD'
lt_cv_file_magic_test_file=
lt_cv_ld_exported_symbols_list=yes
lt_cv_ld_force_load=yes
lt_cv_ld_reload_flag=-r
lt_cv_nm_interface='BSD nm'
lt_cv_objdir=.libs
lt_cv_path_LD=/usr/bin/ld
lt_cv_path_NM='/usr/bin/nm -B'
lt_cv_path_mainfest_tool=no
lt_cv_prog_compiler_c_o=yes
lt_cv_prog_compiler_pic='-fno-common -DPIC'
lt_cv_prog_compiler_pic_works=yes
lt_cv_prog_compiler_rtti_exceptions=no
lt_cv_prog_compiler_static_works=no
lt_cv_prog_gnu_ld=no
lt_cv_sharedlib_from_linklib_cmd='printf %s\n'
lt_cv_sys_global_symbol_pipe='sed -n -e '\''s/^.*[	 ]\([BCDEGRST][BCDEGRST]*\)[	 ][	 ]*_\([_A-Za-z][_A-Za-z0-9]*\)$/\1 _\2 \2/p'\'' | sed '\''/ __gnu_lto/d'\'''
lt_cv_sys_global_symbol_to_c_name_address='sed -n -e '\''s/^: \(.*\) .*$/  {"\1", (void *) 0},/p'\'' -e '\''s/^[BCDEGRST][BCDEGRST]* .* \(.*\)$/  {"\1", (void *) \&\1},/p'\'''
lt_cv_sys_global_symbol_to_c_name_address_lib_prefix='sed -n -e '\''s/^: \(.*\) .*$/  {"\1", (void *) 0},/p'\'' -e '\''s/^[BCDEGRST][BCDEGRST]* .* \(lib.*\)$/  {"\1", (void *) \&\1},/p'\'' -e '\''s/^[BCDEGRST][BCDEGRST]* .* \(.*\)$/  {"lib\1", (void *) \&\1},/p'\'''
lt_cv_sys_global_symbol_to_cdecl='sed -n -e '\''s/^T .* \(.*\)$/extern int \1();/p'\'' -e '\''s/^[BCDEGRST][BCDEGRST]* .* \(.*\)$/extern char \1;/p'\'''
lt_cv_sys_global_symbol_to_import=
lt_cv_sys_max_cmd_len=196608
lt_cv_to_host_file_cmd=func_convert_file_noop
lt_cv_to_tool_file_cmd=func_convert_file_noop
lt_cv_truncate_bin='/bin/dd bs=4096 count=1'
mpfr_cv_c_long_double_format='IEEE extended, little endian'
mpfr_cv_check_gmp=yes
mpfr_cv_dbl_int_bug=no
mpfr_cv_errdivzero=no
mpfr_cv_gcc_floatconv_bug=no
mpfr_cv_have_denorms=yes
mpfr_cv_have_fesetround=yes
mpfr_cv_have_intmax_max=yes
mpfr_cv_have_signedz=yes
mpfr_cv_nanisnan=no

## ----------------- ##
## Output variables. ##
## ----------------- ##

ACLOCAL='${SHELL} /Users/mscho/Simon/91_toolchain/gcc/mpfr-3.1.5/missing aclocal-1.15'
ALLOCA=''
AMDEPBACKSLASH='\'
AMDEP_FALSE='#'
AMDEP_TRUE=''
AMTAR='$${TAR-tar}'
AM_BACKSLASH='\'
AM_DEFAULT_V='$(AM_DEFAULT_VERBOSITY)'
AM_DEFAULT_VERBOSITY='1'
AM_V='$(V)'
AR='ar'
AS='as'
AUTOCONF='${SHELL} /Users/mscho/Simon/91_toolchain/gcc/mpfr-3.1.5/missing autoconf'
AUTOHEADER='${SHELL} /Users/mscho/Simon/91_toolchain/gcc/mpfr-3.1.5/missing autoheader'
AUTOMAKE='${SHELL} /Users/mscho/Simon/91_toolchain/gcc/mpfr-3.1.5/missing automake-1.15'
AWK='awk'
CC='gcc -std=gnu99'
CCDEPMODE='depmode=gcc3'
CFLAGS='-Wall -Wmissing-prototypes -Wpointer-arith -O2 -pedantic -fomit-frame-pointer -m64 -mtune=sandybridge -march=sandybridge'
CPP='gcc -std=gnu99 -E'
CPPFLAGS=' -I/usr/local/gcc-6.2.0/include'
CYGPATH_W='echo'
DATAFILES=''
DEFS='-DTIME_WITH_SYS_TIME=1 -DHAVE_INTTYPES_H=1 -DHAVE_STDINT_H=1 -DHAVE_LOCALE_H=1 -DHAVE_WCHAR_H=1 -DHAVE_STDARG=1 -DHAVE_SYS_TIME_H=1 -DHAVE_STRUCT_LCONV_DECIMAL_POINT=1 -DHAVE_STRUCT_LCONV_THOUSANDS_SEP=1 -DHAVE_ALLOCA_H=1 -DHAVE_STDINT_H=1 -DHAVE_VA_COPY=1 -DHAVE_SETLOCALE=1 -DHAVE_GETTIMEOFDAY=1 -DHAVE_LONG_LONG=1 -DHAVE_INTMAX_T=1 -DMPFR_HAVE_INTMAX_MAX=1 -DMPFR_HAVE_FESETROUND=1 -DHAVE_DENORMS=1 -DHAVE_SIGNEDZ=1 -DHAVE_ROUND=1 -DHAVE_TRUNC=1 -DHAVE_FLOOR=1 -DHAVE_CEIL=1 -DHAVE_NEARBYINT=1 -DHAVE_LDOUBLE_IEEE_EXT_LITTLE=1 -DMPFR_USE_THREAD_SAFE=1 -DMPFR_USE_C11_THREAD_SAFE=1 -DHAVE_CLOCK_GETTIME=1 -DLT_OBJDIR=\".libs/\" -DHAVE_ATTRIBUTE_MODE=1 -DHAVE___GMPN_ROOTREM=1 -DHAVE___GMPN_SBPI1_DIVAPPR_Q=1'
DEPDIR='.deps'
DLLTOOL='false'
DSYMUTIL='dsymutil'
DUMPBIN=''
ECHO_C='\c'
ECHO_N=''
ECHO_T=''
EGREP='/usr/bin/grep -E'
EXEEXT=''
FGREP='/usr/bin/grep -F'
GREP='/usr/bin/grep'
INSTALL_DATA='${INSTALL} -m 644'
INSTALL_PROGRAM='${INSTALL}'
INSTALL_SCRIPT='${INSTALL}'
INSTALL_STRIP_PROGRAM='$(install_sh) -c -s'
LD='/usr/bin/ld'
LDFLAGS='-Wl,-search_paths_first  -L/usr/local/gcc-6.2.0/lib'
LIBMPFR_LDFLAGS=''
LIBOBJS=''
LIBS='-lgmp '
LIBTOOL='$(SHELL) $(top_builddir)/libtool'
LIPO='lipo'
LN_S='ln -s'
LTLIBOBJS=''
LT_SYS_LIBRARY_PATH=''
MAINT=''
MAINTAINER_MODE_FALSE='#'
MAINTAINER_MODE_TRUE=''
MAKEINFO='${SHELL} /Users/mscho/Simon/91_toolchain/gcc/mpfr-3.1.5/missing makeinfo'
MANIFEST_TOOL=':'
MKDIR_P='../install-sh -c -d'
MPFR_LDFLAGS=''
MPFR_LIBM='-lm'
NM='/usr/bin/nm -B'
NMEDIT='nmedit'
OBJDUMP='objdump'
OBJEXT='o'
OTOOL64=':'
OTOOL='otool'
PACKAGE='mpfr'
PACKAGE_BUGREPORT=''
PACKAGE_NAME='MPFR'
PACKAGE_STRING='MPFR 3.1.5'
PACKAGE_TARNAME='mpfr'
PACKAGE_URL=''
PACKAGE_VERSION='3.1.5'
PATH_SEPARATOR=':'
RANLIB='ranlib'
SED='/usr/bin/sed'
SET_MAKE=''
SHELL='/bin/sh'
STRIP='strip'
TUNE_LIBS=''
VERSION='3.1.5'
ac_ct_AR='ar'
ac_ct_CC='gcc -std=gnu99'
ac_ct_DUMPBIN=''
am__EXEEXT_FALSE=''
am__EXEEXT_TRUE='#'
am__fastdepCC_FALSE='#'
am__fastdepCC_TRUE=''
am__include='include'
am__isrc=' -I$(srcdir)'
am__leading_dot='.'
am__nodep='_no'
am__quote=''
am__tar='$${TAR-tar} chof - "$$tardir"'
am__untar='$${TAR-tar} xf -'
bindir='${exec_prefix}/bin'
build='x86_64-apple-darwin16.0.0'
build_alias=''
build_cpu='x86_64'
build_os='darwin16.0.0'
build_vendor='apple'
datadir='${datarootdir}'
datarootdir='${prefix}/share'
docdir='${datarootdir}/doc/${PACKAGE_TARNAME}'
dvidir='${docdir}'
exec_prefix='${prefix}'
host='x86_64-apple-darwin16.0.0'
host_alias=''
host_cpu='x86_64'
host_os='darwin16.0.0'
host_vendor='apple'
htmldir='${docdir}'
includedir='${prefix}/include'
infodir='${datarootdir}/info'
install_sh='${SHELL} /Users/mscho/Simon/91_toolchain/gcc/mpfr-3.1.5/install-sh'
libdir='${exec_prefix}/lib'
libexecdir='${exec_prefix}/libexec'
localedir='${datarootdir}/locale'
localstatedir='${prefix}/var'
mandir='${datarootdir}/man'
mkdir_p='$(MKDIR_P)'
oldincludedir='/usr/include'
pdfdir='${docdir}'
prefix='/usr/local/gcc-6.2.0'
program_transform_name='s,x,x,'
psdir='${docdir}'
runstatedir='${localstatedir}/run'
sbindir='${exec_prefix}/sbin'
sharedstatedir='${prefix}/com'
sysconfdir='${prefix}/etc'
target_alias=''

## ----------- ##
## confdefs.h. ##
## ----------- ##

/* confdefs.h */
#define TIME_WITH_SYS_TIME 1
#define HAVE_INTTYPES_H 1
#define HAVE_STDINT_H 1
#define HAVE_LOCALE_H 1
#define HAVE_WCHAR_H 1
#define HAVE_STDARG 1
#define HAVE_SYS_TIME_H 1
#define HAVE_STRUCT_LCONV_DECIMAL_POINT 1
#define HAVE_STRUCT_LCONV_THOUSANDS_SEP 1
#define HAVE_ALLOCA_H 1
#define HAVE_STDINT_H 1
#define HAVE_VA_COPY 1
#define HAVE_SETLOCALE 1
#define HAVE_GETTIMEOFDAY 1
#define HAVE_LONG_LONG 1
#define HAVE_INTMAX_T 1
#define MPFR_HAVE_INTMAX_MAX 1
#define MPFR_HAVE_FESETROUND 1
#define HAVE_DENORMS 1
#define HAVE_SIGNEDZ 1
#define HAVE_ROUND 1
#define HAVE_TRUNC 1
#define HAVE_FLOOR 1
#define HAVE_CEIL 1
#define HAVE_NEARBYINT 1
#define HAVE_LDOUBLE_IEEE_EXT_LITTLE 1
#define MPFR_USE_THREAD_SAFE 1
#define MPFR_USE_C11_THREAD_SAFE 1
#define HAVE_CLOCK_GETTIME 1
#define LT_OBJDIR ".libs/"
#define HAVE_ATTRIBUTE_MODE 1
#define HAVE___GMPN_ROOTREM 1
#define HAVE___GMPN_SBPI1_DIVAPPR_Q 1

configure: exit 0
