This file contains any messages produced by compilers while
running configure, to aid debugging if configure makes a mistake.

It was created by isl configure 0.17.1, which was
generated by GNU Autoconf 2.69.  Invocation command line was

  $ ../configure --prefix=/usr/local/gcc-6.2.0 --with-gmp-prefix=/usr/local/gcc-6.2.0

## --------- ##
## Platform. ##
## --------- ##

hostname = Medardus.local
uname -m = x86_64
uname -r = 16.0.0
uname -s = Darwin
uname -v = Darwin Kernel Version 16.0.0: Mon Aug 29 17:56:20 PDT 2016; root:xnu-3789.1.32~3/RELEASE_X86_64

/usr/bin/uname -p = i386
/bin/uname -X     = unknown

/bin/arch              = unknown
/usr/bin/arch -k       = unknown
/usr/convex/getsysinfo = unknown
/usr/bin/hostinfo      = Mach kernel version:
	 Darwin Kernel Version 16.0.0: Mon Aug 29 17:56:20 PDT 2016; root:xnu-3789.1.32~3/RELEASE_X86_64
Kernel configured for up to 4 processors.
2 processors are physically available.
4 processors are logically available.
Processor type: i486 (Intel 80486)
Processors active: 0 1 2 3
Primary memory available: 8.00 gigabytes
Default processor set: 263 tasks, 1125 threads, 4 processors
Load average: 1.50, Mach factor: 2.49
/bin/machine           = unknown
/usr/bin/oslevel       = unknown
/bin/universe          = unknown

PATH: /usr/local/bin
PATH: /usr/bin
PATH: /bin
PATH: /usr/sbin
PATH: /sbin
PATH: /opt/X11/bin


## ----------- ##
## Core tests. ##
## ----------- ##

configure:2817: checking for a BSD-compatible install
configure:2885: result: /usr/bin/install -c
configure:2896: checking whether build environment is sane
configure:2951: result: yes
configure:3102: checking for a thread-safe mkdir -p
configure:3141: result: .././install-sh -c -d
configure:3148: checking for gawk
configure:3178: result: no
configure:3148: checking for mawk
configure:3178: result: no
configure:3148: checking for nawk
configure:3178: result: no
configure:3148: checking for awk
configure:3164: found /usr/bin/awk
configure:3175: result: awk
configure:3186: checking whether make sets $(MAKE)
configure:3208: result: yes
configure:3237: checking whether make supports nested variables
configure:3254: result: yes
configure:3391: checking whether make supports nested variables
configure:3408: result: yes
configure:3482: checking for gcc
configure:3498: found /usr/local/bin/gcc
configure:3509: result: gcc
configure:3738: checking for C compiler version
configure:3747: gcc --version >&5
gcc (GCC) 4.9.1
Copyright (C) 2014 Free Software Foundation, Inc.
This is free software; see the source for copying conditions.  There is NO
warranty; not even for MERCHANTABILITY or FITNESS FOR A PARTICULAR PURPOSE.

gcc: warning: couldn't understand kern.osversion '16.0.0
configure:3758: $? = 0
configure:3747: gcc -v >&5
gcc: warning: couldn't understand kern.osversion '16.0.0
Using built-in specs.
COLLECT_GCC=gcc
COLLECT_LTO_WRAPPER=/usr/local/libexec/gcc/x86_64-apple-darwin13.3.0/4.9.1/lto-wrapper
Target: x86_64-apple-darwin13.3.0
Configured with: ../gcc_4.9.1/configure --enable-languages=c,c++
Thread model: posix
gcc version 4.9.1 (GCC) 
configure:3758: $? = 0
configure:3747: gcc -V >&5
gcc: warning: couldn't understand kern.osversion '16.0.0
gcc: error: unrecognized command line option '-V'
gcc: fatal error: no input files
compilation terminated.
configure:3758: $? = 1
configure:3747: gcc -qversion >&5
gcc: warning: couldn't understand kern.osversion '16.0.0
gcc: error: unrecognized command line option '-qversion'
gcc: fatal error: no input files
compilation terminated.
configure:3758: $? = 1
configure:3778: checking whether the C compiler works
configure:3800: gcc    conftest.c  >&5
gcc: warning: couldn't understand kern.osversion '16.0.0
ld: warning: object file (/var/folders/j3/jbfdwjt54xn1pvw24hx69hg00000gn/T//cc77dLhd.o) was built for newer OSX version (10.12) than being linked (10.4)
configure:3804: $? = 0
configure:3852: result: yes
configure:3855: checking for C compiler default output file name
configure:3857: result: a.out
configure:3863: checking for suffix of executables
configure:3870: gcc -o conftest    conftest.c  >&5
gcc: warning: couldn't understand kern.osversion '16.0.0
ld: warning: object file (/var/folders/j3/jbfdwjt54xn1pvw24hx69hg00000gn/T//cc1Wsh25.o) was built for newer OSX version (10.12) than being linked (10.4)
configure:3874: $? = 0
configure:3896: result: 
configure:3918: checking whether we are cross compiling
configure:3926: gcc -o conftest    conftest.c  >&5
gcc: warning: couldn't understand kern.osversion '16.0.0
ld: warning: object file (/var/folders/j3/jbfdwjt54xn1pvw24hx69hg00000gn/T//cc1x0uqM.o) was built for newer OSX version (10.12) than being linked (10.4)
configure:3930: $? = 0
configure:3937: ./conftest
configure:3941: $? = 0
configure:3956: result: no
configure:3961: checking for suffix of object files
configure:3983: gcc -c   conftest.c >&5
gcc: warning: couldn't understand kern.osversion '16.0.0
configure:3987: $? = 0
configure:4008: result: o
configure:4012: checking whether we are using the GNU C compiler
configure:4031: gcc -c   conftest.c >&5
gcc: warning: couldn't understand kern.osversion '16.0.0
configure:4031: $? = 0
configure:4040: result: yes
configure:4049: checking whether gcc accepts -g
configure:4069: gcc -c -g  conftest.c >&5
gcc: warning: couldn't understand kern.osversion '16.0.0
configure:4069: $? = 0
configure: failed program was:
| /* confdefs.h */
| #define PACKAGE_NAME "isl"
| #define PACKAGE_TARNAME "isl"
| #define PACKAGE_VERSION "0.17.1"
| #define PACKAGE_STRING "isl 0.17.1"
| #define PACKAGE_BUGREPORT "isl-development@googlegroups.com"
| #define PACKAGE_URL ""
| #define PACKAGE "isl"
| #define VERSION "0.17.1"
| /* end confdefs.h.  */
| 
| int
| main ()
| {
| 
|   ;
|   return 0;
| }
configure:4084: gcc -c   conftest.c >&5
gcc: warning: couldn't understand kern.osversion '16.0.0
configure:4084: $? = 0
configure: failed program was:
| /* confdefs.h */
| #define PACKAGE_NAME "isl"
| #define PACKAGE_TARNAME "isl"
| #define PACKAGE_VERSION "0.17.1"
| #define PACKAGE_STRING "isl 0.17.1"
| #define PACKAGE_BUGREPORT "isl-development@googlegroups.com"
| #define PACKAGE_URL ""
| #define PACKAGE "isl"
| #define VERSION "0.17.1"
| /* end confdefs.h.  */
| 
| int
| main ()
| {
| 
|   ;
|   return 0;
| }
configure:4100: gcc -c -g  conftest.c >&5
gcc: warning: couldn't understand kern.osversion '16.0.0
configure:4100: $? = 0
configure:4110: result: yes
configure:4127: checking for gcc option to accept ISO C89
configure:4190: gcc  -c -g -O2  conftest.c >&5
gcc: warning: couldn't understand kern.osversion '16.0.0
configure:4190: $? = 0
configure:4203: result: none needed
configure:4228: checking whether gcc understands -c and -o together
configure:4250: gcc -c conftest.c -o conftest2.o
gcc: warning: couldn't understand kern.osversion '16.0.0
configure:4253: $? = 0
configure:4250: gcc -c conftest.c -o conftest2.o
gcc: warning: couldn't understand kern.osversion '16.0.0
configure:4253: $? = 0
configure:4265: result: yes
configure:4293: checking for style of include used by make
configure:4321: result: GNU
configure:4347: checking dependency style of gcc
configure:4458: result: gcc3
configure:4531: checking for g++
configure:4547: found /usr/local/bin/g++
configure:4558: result: g++
configure:4585: checking for C++ compiler version
configure:4594: g++ --version >&5
g++ (GCC) 4.9.1
Copyright (C) 2014 Free Software Foundation, Inc.
This is free software; see the source for copying conditions.  There is NO
warranty; not even for MERCHANTABILITY or FITNESS FOR A PARTICULAR PURPOSE.

g++: warning: couldn't understand kern.osversion '16.0.0
configure:4605: $? = 0
configure:4594: g++ -v >&5
g++: warning: couldn't understand kern.osversion '16.0.0
Using built-in specs.
COLLECT_GCC=g++
COLLECT_LTO_WRAPPER=/usr/local/libexec/gcc/x86_64-apple-darwin13.3.0/4.9.1/lto-wrapper
Target: x86_64-apple-darwin13.3.0
Configured with: ../gcc_4.9.1/configure --enable-languages=c,c++
Thread model: posix
gcc version 4.9.1 (GCC) 
configure:4605: $? = 0
configure:4594: g++ -V >&5
g++: warning: couldn't understand kern.osversion '16.0.0
g++: error: unrecognized command line option '-V'
g++: fatal error: no input files
compilation terminated.
configure:4605: $? = 1
configure:4594: g++ -qversion >&5
g++: warning: couldn't understand kern.osversion '16.0.0
g++: error: unrecognized command line option '-qversion'
g++: fatal error: no input files
compilation terminated.
configure:4605: $? = 1
configure:4609: checking whether we are using the GNU C++ compiler
configure:4628: g++ -c   conftest.cpp >&5
g++: warning: couldn't understand kern.osversion '16.0.0
configure:4628: $? = 0
configure:4637: result: yes
configure:4646: checking whether g++ accepts -g
configure:4666: g++ -c -g  conftest.cpp >&5
g++: warning: couldn't understand kern.osversion '16.0.0
configure:4666: $? = 0
configure: failed program was:
| /* confdefs.h */
| #define PACKAGE_NAME "isl"
| #define PACKAGE_TARNAME "isl"
| #define PACKAGE_VERSION "0.17.1"
| #define PACKAGE_STRING "isl 0.17.1"
| #define PACKAGE_BUGREPORT "isl-development@googlegroups.com"
| #define PACKAGE_URL ""
| #define PACKAGE "isl"
| #define VERSION "0.17.1"
| /* end confdefs.h.  */
| 
| int
| main ()
| {
| 
|   ;
|   return 0;
| }
configure:4681: g++ -c   conftest.cpp >&5
g++: warning: couldn't understand kern.osversion '16.0.0
configure:4681: $? = 0
configure: failed program was:
| /* confdefs.h */
| #define PACKAGE_NAME "isl"
| #define PACKAGE_TARNAME "isl"
| #define PACKAGE_VERSION "0.17.1"
| #define PACKAGE_STRING "isl 0.17.1"
| #define PACKAGE_BUGREPORT "isl-development@googlegroups.com"
| #define PACKAGE_URL ""
| #define PACKAGE "isl"
| #define VERSION "0.17.1"
| /* end confdefs.h.  */
| 
| int
| main ()
| {
| 
|   ;
|   return 0;
| }
configure:4697: g++ -c -g  conftest.cpp >&5
g++: warning: couldn't understand kern.osversion '16.0.0
configure:4697: $? = 0
configure:4707: result: yes
configure:4732: checking dependency style of g++
configure:4843: result: gcc3
configure:4861: checking for C compiler vendor
configure:4885: gcc -c -g -O2  conftest.c >&5
gcc: warning: couldn't understand kern.osversion '16.0.0
conftest.c: In function 'main':
conftest.c:17:7: error: 'thisisanerror' undeclared (first use in this function)
       thisisanerror;
       ^
conftest.c:17:7: note: each undeclared identifier is reported only once for each function it appears in
configure:4885: $? = 1
configure: failed program was:
| /* confdefs.h */
| #define PACKAGE_NAME "isl"
| #define PACKAGE_TARNAME "isl"
| #define PACKAGE_VERSION "0.17.1"
| #define PACKAGE_STRING "isl 0.17.1"
| #define PACKAGE_BUGREPORT "isl-development@googlegroups.com"
| #define PACKAGE_URL ""
| #define PACKAGE "isl"
| #define VERSION "0.17.1"
| /* end confdefs.h.  */
| 
| int
| main ()
| {
| 
| #if !(defined(__ICC) || defined(__ECC) || defined(__INTEL_COMPILER))
|       thisisanerror;
| #endif
| 
|   ;
|   return 0;
| }
configure:4885: gcc -c -g -O2  conftest.c >&5
gcc: warning: couldn't understand kern.osversion '16.0.0
conftest.c: In function 'main':
conftest.c:17:7: error: 'thisisanerror' undeclared (first use in this function)
       thisisanerror;
       ^
conftest.c:17:7: note: each undeclared identifier is reported only once for each function it appears in
configure:4885: $? = 1
configure: failed program was:
| /* confdefs.h */
| #define PACKAGE_NAME "isl"
| #define PACKAGE_TARNAME "isl"
| #define PACKAGE_VERSION "0.17.1"
| #define PACKAGE_STRING "isl 0.17.1"
| #define PACKAGE_BUGREPORT "isl-development@googlegroups.com"
| #define PACKAGE_URL ""
| #define PACKAGE "isl"
| #define VERSION "0.17.1"
| /* end confdefs.h.  */
| 
| int
| main ()
| {
| 
| #if !(defined(__xlc__) || defined(__xlC__) || defined(__IBMC__) || defined(__IBMCPP__))
|       thisisanerror;
| #endif
| 
|   ;
|   return 0;
| }
configure:4885: gcc -c -g -O2  conftest.c >&5
gcc: warning: couldn't understand kern.osversion '16.0.0
conftest.c: In function 'main':
conftest.c:17:7: error: 'thisisanerror' undeclared (first use in this function)
       thisisanerror;
       ^
conftest.c:17:7: note: each undeclared identifier is reported only once for each function it appears in
configure:4885: $? = 1
configure: failed program was:
| /* confdefs.h */
| #define PACKAGE_NAME "isl"
| #define PACKAGE_TARNAME "isl"
| #define PACKAGE_VERSION "0.17.1"
| #define PACKAGE_STRING "isl 0.17.1"
| #define PACKAGE_BUGREPORT "isl-development@googlegroups.com"
| #define PACKAGE_URL ""
| #define PACKAGE "isl"
| #define VERSION "0.17.1"
| /* end confdefs.h.  */
| 
| int
| main ()
| {
| 
| #if !(defined(__PATHCC__) || defined(__PATHSCALE__))
|       thisisanerror;
| #endif
| 
|   ;
|   return 0;
| }
configure:4885: gcc -c -g -O2  conftest.c >&5
gcc: warning: couldn't understand kern.osversion '16.0.0
conftest.c: In function 'main':
conftest.c:17:7: error: 'thisisanerror' undeclared (first use in this function)
       thisisanerror;
       ^
conftest.c:17:7: note: each undeclared identifier is reported only once for each function it appears in
configure:4885: $? = 1
configure: failed program was:
| /* confdefs.h */
| #define PACKAGE_NAME "isl"
| #define PACKAGE_TARNAME "isl"
| #define PACKAGE_VERSION "0.17.1"
| #define PACKAGE_STRING "isl 0.17.1"
| #define PACKAGE_BUGREPORT "isl-development@googlegroups.com"
| #define PACKAGE_URL ""
| #define PACKAGE "isl"
| #define VERSION "0.17.1"
| /* end confdefs.h.  */
| 
| int
| main ()
| {
| 
| #if !(defined(__clang__))
|       thisisanerror;
| #endif
| 
|   ;
|   return 0;
| }
configure:4885: gcc -c -g -O2  conftest.c >&5
gcc: warning: couldn't understand kern.osversion '16.0.0
configure:4885: $? = 0
configure:4892: result: gnu
configure:4899: checking build system type
configure:4913: result: x86_64-apple-darwin16.0.0
configure:4933: checking host system type
configure:4946: result: x86_64-apple-darwin16.0.0
configure:5222: checking whether C compiler accepts -malign-double
configure:5241: gcc -c -malign-double  conftest.c >&5
gcc: warning: couldn't understand kern.osversion '16.0.0
configure:5241: $? = 0
configure:5251: result: yes
configure:5261: checking whether C compiler accepts -fstrict-aliasing
configure:5280: gcc -c -fstrict-aliasing  conftest.c >&5
gcc: warning: couldn't understand kern.osversion '16.0.0
configure:5280: $? = 0
configure:5290: result: yes
configure:5300: checking whether C compiler accepts -ffast-math
configure:5319: gcc -c -ffast-math  conftest.c >&5
gcc: warning: couldn't understand kern.osversion '16.0.0
configure:5319: $? = 0
configure:5329: result: yes
configure:5350: checking for gcc architecture flag
configure:5352: result: 
configure:5374: checking for x86 cpuid 0 output
configure:5403: gcc -o conftest -O3 -fomit-frame-pointer -malign-double -fstrict-aliasing -ffast-math   conftest.c  >&5
gcc: warning: couldn't understand kern.osversion '16.0.0
ld: warning: object file (/var/folders/j3/jbfdwjt54xn1pvw24hx69hg00000gn/T//cch2k73T.o) was built for newer OSX version (10.12) than being linked (10.4)
configure:5403: $? = 0
configure:5403: ./conftest
configure:5403: $? = 0
configure:5413: result: d:756e6547:6c65746e:49656e69
configure:5429: checking for x86 cpuid 1 output
configure:5458: gcc -o conftest -O3 -fomit-frame-pointer -malign-double -fstrict-aliasing -ffast-math   conftest.c  >&5
gcc: warning: couldn't understand kern.osversion '16.0.0
ld: warning: object file (/var/folders/j3/jbfdwjt54xn1pvw24hx69hg00000gn/T//cctlvaXT.o) was built for newer OSX version (10.12) than being linked (10.4)
configure:5458: $? = 0
configure:5458: ./conftest
configure:5458: $? = 0
configure:5468: result: 306a9:2100800:7fbae3ff:bfebfbff
configure:5682: checking whether C compiler accepts -march=pentium2
configure:5697: gcc -c -march=pentium2  conftest.c >&5
gcc: warning: couldn't understand kern.osversion '16.0.0
conftest.c:1:0: error: CPU you selected does not support x86-64 instruction set
 /* confdefs.h */
 ^
conftest.c:1:0: error: CPU you selected does not support x86-64 instruction set
configure:5697: $? = 1
configure: failed program was:
| /* confdefs.h */
| #define PACKAGE_NAME "isl"
| #define PACKAGE_TARNAME "isl"
| #define PACKAGE_VERSION "0.17.1"
| #define PACKAGE_STRING "isl 0.17.1"
| #define PACKAGE_BUGREPORT "isl-development@googlegroups.com"
| #define PACKAGE_URL ""
| #define PACKAGE "isl"
| #define VERSION "0.17.1"
| /* end confdefs.h.  */
| 
| int
| main ()
| {
| 
|   ;
|   return 0;
| }
configure:5705: result: no
configure:5682: checking whether C compiler accepts -mcpu=pentium2
configure:5697: gcc -c -mcpu=pentium2  conftest.c >&5
gcc: warning: couldn't understand kern.osversion '16.0.0
gcc: warning: '-mcpu=' is deprecated; use '-mtune=' or '-march=' instead
conftest.c:1:0: error: CPU you selected does not support x86-64 instruction set
 /* confdefs.h */
 ^
configure:5697: $? = 1
configure: failed program was:
| /* confdefs.h */
| #define PACKAGE_NAME "isl"
| #define PACKAGE_TARNAME "isl"
| #define PACKAGE_VERSION "0.17.1"
| #define PACKAGE_STRING "isl 0.17.1"
| #define PACKAGE_BUGREPORT "isl-development@googlegroups.com"
| #define PACKAGE_URL ""
| #define PACKAGE "isl"
| #define VERSION "0.17.1"
| /* end confdefs.h.  */
| 
| int
| main ()
| {
| 
|   ;
|   return 0;
| }
configure:5705: result: no
configure:5682: checking whether C compiler accepts -mpentium2
configure:5697: gcc -c -mpentium2  conftest.c >&5
gcc: warning: couldn't understand kern.osversion '16.0.0
gcc: error: unrecognized command line option '-mpentium2'
configure:5697: $? = 1
configure: failed program was:
| /* confdefs.h */
| #define PACKAGE_NAME "isl"
| #define PACKAGE_TARNAME "isl"
| #define PACKAGE_VERSION "0.17.1"
| #define PACKAGE_STRING "isl 0.17.1"
| #define PACKAGE_BUGREPORT "isl-development@googlegroups.com"
| #define PACKAGE_URL ""
| #define PACKAGE "isl"
| #define VERSION "0.17.1"
| /* end confdefs.h.  */
| 
| int
| main ()
| {
| 
|   ;
|   return 0;
| }
configure:5705: result: no
configure:5682: checking whether C compiler accepts -march=pentiumpro
configure:5697: gcc -c -march=pentiumpro  conftest.c >&5
gcc: warning: couldn't understand kern.osversion '16.0.0
conftest.c:1:0: error: CPU you selected does not support x86-64 instruction set
 /* confdefs.h */
 ^
conftest.c:1:0: error: CPU you selected does not support x86-64 instruction set
configure:5697: $? = 1
configure: failed program was:
| /* confdefs.h */
| #define PACKAGE_NAME "isl"
| #define PACKAGE_TARNAME "isl"
| #define PACKAGE_VERSION "0.17.1"
| #define PACKAGE_STRING "isl 0.17.1"
| #define PACKAGE_BUGREPORT "isl-development@googlegroups.com"
| #define PACKAGE_URL ""
| #define PACKAGE "isl"
| #define VERSION "0.17.1"
| /* end confdefs.h.  */
| 
| int
| main ()
| {
| 
|   ;
|   return 0;
| }
configure:5705: result: no
configure:5682: checking whether C compiler accepts -mcpu=pentiumpro
configure:5697: gcc -c -mcpu=pentiumpro  conftest.c >&5
gcc: warning: couldn't understand kern.osversion '16.0.0
gcc: warning: '-mcpu=' is deprecated; use '-mtune=' or '-march=' instead
conftest.c:1:0: error: CPU you selected does not support x86-64 instruction set
 /* confdefs.h */
 ^
configure:5697: $? = 1
configure: failed program was:
| /* confdefs.h */
| #define PACKAGE_NAME "isl"
| #define PACKAGE_TARNAME "isl"
| #define PACKAGE_VERSION "0.17.1"
| #define PACKAGE_STRING "isl 0.17.1"
| #define PACKAGE_BUGREPORT "isl-development@googlegroups.com"
| #define PACKAGE_URL ""
| #define PACKAGE "isl"
| #define VERSION "0.17.1"
| /* end confdefs.h.  */
| 
| int
| main ()
| {
| 
|   ;
|   return 0;
| }
configure:5705: result: no
configure:5682: checking whether C compiler accepts -mpentiumpro
configure:5697: gcc -c -mpentiumpro  conftest.c >&5
gcc: warning: couldn't understand kern.osversion '16.0.0
gcc: error: unrecognized command line option '-mpentiumpro'
configure:5697: $? = 1
configure: failed program was:
| /* confdefs.h */
| #define PACKAGE_NAME "isl"
| #define PACKAGE_TARNAME "isl"
| #define PACKAGE_VERSION "0.17.1"
| #define PACKAGE_STRING "isl 0.17.1"
| #define PACKAGE_BUGREPORT "isl-development@googlegroups.com"
| #define PACKAGE_URL ""
| #define PACKAGE "isl"
| #define VERSION "0.17.1"
| /* end confdefs.h.  */
| 
| int
| main ()
| {
| 
|   ;
|   return 0;
| }
configure:5705: result: no
configure:5722: checking for gcc architecture flag
configure:5724: result: unknown
configure:5756: checking whether C compiler accepts -O3 -fomit-frame-pointer -malign-double -fstrict-aliasing -ffast-math
configure:5771: gcc -c -O3 -fomit-frame-pointer -malign-double -fstrict-aliasing -ffast-math  conftest.c >&5
gcc: warning: couldn't understand kern.osversion '16.0.0
configure:5771: $? = 0
configure:5779: result: yes
configure:5799: checking whether the compiler supports function __attribute__((__warn_unused_result__))
configure:5817: gcc -c -O3 -fomit-frame-pointer -malign-double -fstrict-aliasing -ffast-math  conftest.c >&5
gcc: warning: couldn't understand kern.osversion '16.0.0
configure:5817: $? = 0
configure:5824: result: yes
configure:5833: checking for __attribute__
configure:5855: gcc -c -O3 -fomit-frame-pointer -malign-double -fstrict-aliasing -ffast-math  conftest.c >&5
gcc: warning: couldn't understand kern.osversion '16.0.0
configure:5855: $? = 0
configure:5864: result: yes
configure:5919: checking how to print strings
configure:5946: result: printf
configure:5967: checking for a sed that does not truncate output
configure:6031: result: /usr/bin/sed
configure:6049: checking for grep that handles long lines and -e
configure:6107: result: /usr/bin/grep
configure:6112: checking for egrep
configure:6174: result: /usr/bin/grep -E
configure:6179: checking for fgrep
configure:6241: result: /usr/bin/grep -F
configure:6276: checking for ld used by gcc
gcc: warning: couldn't understand kern.osversion '16.0.0
configure:6343: result: /usr/bin/ld
configure:6350: checking if the linker (/usr/bin/ld) is GNU ld
configure:6365: result: no
configure:6377: checking for BSD- or MS-compatible name lister (nm)
configure:6426: result: /usr/bin/nm -B
configure:6556: checking the name lister (/usr/bin/nm -B) interface
configure:6563: gcc -c -O3 -fomit-frame-pointer -malign-double -fstrict-aliasing -ffast-math  conftest.c >&5
gcc: warning: couldn't understand kern.osversion '16.0.0
configure:6566: /usr/bin/nm -B "conftest.o"
configure:6569: output
0000000000000000 S _some_variable
configure:6576: result: BSD nm
configure:6579: checking whether ln -s works
configure:6583: result: yes
configure:6591: checking the maximum length of command line arguments
configure:6722: result: 196608
configure:6739: checking whether the shell understands some XSI constructs
configure:6749: result: yes
configure:6753: checking whether the shell understands "+="
configure:6759: result: yes
configure:6794: checking how to convert x86_64-apple-darwin16.0.0 file names to x86_64-apple-darwin16.0.0 format
configure:6834: result: func_convert_file_noop
configure:6841: checking how to convert x86_64-apple-darwin16.0.0 file names to toolchain format
configure:6861: result: func_convert_file_noop
configure:6868: checking for /usr/bin/ld option to reload object files
configure:6875: result: -r
configure:6949: checking for objdump
configure:6965: found /usr/bin/objdump
configure:6976: result: objdump
configure:7008: checking how to recognize dependent libraries
configure:7206: result: pass_all
configure:7291: checking for dlltool
configure:7321: result: no
configure:7351: checking how to associate runtime and link libraries
configure:7378: result: printf %s\n
configure:7438: checking for ar
configure:7454: found /usr/bin/ar
configure:7465: result: ar
configure:7502: checking for archiver @FILE support
configure:7519: gcc -c -O3 -fomit-frame-pointer -malign-double -fstrict-aliasing -ffast-math  conftest.c >&5
gcc: warning: couldn't understand kern.osversion '16.0.0
configure:7519: $? = 0
configure:7522: ar cru libconftest.a @conftest.lst >&5
ar: @conftest.lst: No such file or directory
configure:7525: $? = 1
configure:7545: result: no
configure:7603: checking for strip
configure:7619: found /usr/bin/strip
configure:7630: result: strip
configure:7702: checking for ranlib
configure:7718: found /usr/bin/ranlib
configure:7729: result: ranlib
configure:7831: checking command to parse /usr/bin/nm -B output from gcc object
configure:7951: gcc -c -O3 -fomit-frame-pointer -malign-double -fstrict-aliasing -ffast-math  conftest.c >&5
gcc: warning: couldn't understand kern.osversion '16.0.0
configure:7954: $? = 0
configure:7958: /usr/bin/nm -B conftest.o \| sed -n -e 's/^.*[ ]\([BCDEGRST][BCDEGRST]*\)[ ][ ]*\([_A-Za-z][_A-Za-z0-9]*\)$/\1 \2 \2/p' | sed '/ __gnu_lto/d' \> conftest.nm
configure:7961: $? = 0
cannot find nm_test_var in conftest.nm
configure:7951: gcc -c -O3 -fomit-frame-pointer -malign-double -fstrict-aliasing -ffast-math  conftest.c >&5
gcc: warning: couldn't understand kern.osversion '16.0.0
configure:7954: $? = 0
configure:7958: /usr/bin/nm -B conftest.o \| sed -n -e 's/^.*[ ]\([BCDEGRST][BCDEGRST]*\)[ ][ ]*_\([_A-Za-z][_A-Za-z0-9]*\)$/\1 _\2 \2/p' | sed '/ __gnu_lto/d' \> conftest.nm
configure:7961: $? = 0
configure:8027: gcc -o conftest -O3 -fomit-frame-pointer -malign-double -fstrict-aliasing -ffast-math   conftest.c conftstm.o >&5
gcc: warning: couldn't understand kern.osversion '16.0.0
ld: warning: ld: warning: object file (/var/folders/j3/jbfdwjt54xn1pvw24hx69hg00000gn/T//ccyWqV0N.o) was built for newer OSX version (10.12) than being linked (10.4)object file (conftstm.o) was built for newer OSX version (10.12) than being linked (10.4)

configure:8030: $? = 0
configure:8068: result: ok
configure:8105: checking for sysroot
configure:8135: result: no
configure:8404: checking for mt
configure:8434: result: no
configure:8454: checking if : is a manifest tool
configure:8460: : '-?'
configure:8468: result: no
configure:8524: checking for dsymutil
configure:8540: found /usr/bin/dsymutil
configure:8551: result: dsymutil
configure:8616: checking for nmedit
configure:8632: found /usr/bin/nmedit
configure:8643: result: nmedit
configure:8708: checking for lipo
configure:8724: found /usr/bin/lipo
configure:8735: result: lipo
configure:8800: checking for otool
configure:8816: found /usr/bin/otool
configure:8827: result: otool
configure:8892: checking for otool64
configure:8922: result: no
configure:8967: checking for -single_module linker flag
gcc -O3 -fomit-frame-pointer -malign-double -fstrict-aliasing -ffast-math  -o libconftest.dylib -dynamiclib -Wl,-single_module conftest.c
configure:9000: result: yes
configure:9003: checking for -exported_symbols_list linker flag
configure:9023: gcc -o conftest -O3 -fomit-frame-pointer -malign-double -fstrict-aliasing -ffast-math   -Wl,-exported_symbols_list,conftest.sym conftest.c  >&5
gcc: warning: couldn't understand kern.osversion '16.0.0
ld: warning: object file (/var/folders/j3/jbfdwjt54xn1pvw24hx69hg00000gn/T//cckInJ9I.o) was built for newer OSX version (10.12) than being linked (10.4)
configure:9023: $? = 0
configure:9033: result: yes
configure:9036: checking for -force_load linker flag
gcc -O3 -fomit-frame-pointer -malign-double -fstrict-aliasing -ffast-math -c -o conftest.o conftest.c
gcc: warning: couldn't understand kern.osversion '16.0.0
ar cru libconftest.a conftest.o
ranlib libconftest.a
gcc -O3 -fomit-frame-pointer -malign-double -fstrict-aliasing -ffast-math  -o conftest conftest.c -Wl,-force_load,./libconftest.a
configure:9068: result: yes
configure:9110: checking how to run the C preprocessor
configure:9141: gcc -E  conftest.c
gcc: warning: couldn't understand kern.osversion '16.0.0
configure:9141: $? = 0
configure:9155: gcc -E  conftest.c
gcc: warning: couldn't understand kern.osversion '16.0.0
conftest.c:13:28: fatal error: ac_nonexistent.h: No such file or directory
 #include <ac_nonexistent.h>
                            ^
compilation terminated.
configure:9155: $? = 1
configure: failed program was:
| /* confdefs.h */
| #define PACKAGE_NAME "isl"
| #define PACKAGE_TARNAME "isl"
| #define PACKAGE_VERSION "0.17.1"
| #define PACKAGE_STRING "isl 0.17.1"
| #define PACKAGE_BUGREPORT "isl-development@googlegroups.com"
| #define PACKAGE_URL ""
| #define PACKAGE "isl"
| #define VERSION "0.17.1"
| #define GCC_WARN_UNUSED_RESULT __attribute__((__warn_unused_result__))
| #define HAVE___ATTRIBUTE__ 1
| /* end confdefs.h.  */
| #include <ac_nonexistent.h>
configure:9180: result: gcc -E
configure:9200: gcc -E  conftest.c
gcc: warning: couldn't understand kern.osversion '16.0.0
configure:9200: $? = 0
configure:9214: gcc -E  conftest.c
gcc: warning: couldn't understand kern.osversion '16.0.0
conftest.c:13:28: fatal error: ac_nonexistent.h: No such file or directory
 #include <ac_nonexistent.h>
                            ^
compilation terminated.
configure:9214: $? = 1
configure: failed program was:
| /* confdefs.h */
| #define PACKAGE_NAME "isl"
| #define PACKAGE_TARNAME "isl"
| #define PACKAGE_VERSION "0.17.1"
| #define PACKAGE_STRING "isl 0.17.1"
| #define PACKAGE_BUGREPORT "isl-development@googlegroups.com"
| #define PACKAGE_URL ""
| #define PACKAGE "isl"
| #define VERSION "0.17.1"
| #define GCC_WARN_UNUSED_RESULT __attribute__((__warn_unused_result__))
| #define HAVE___ATTRIBUTE__ 1
| /* end confdefs.h.  */
| #include <ac_nonexistent.h>
configure:9243: checking for ANSI C header files
configure:9263: gcc -c -O3 -fomit-frame-pointer -malign-double -fstrict-aliasing -ffast-math  conftest.c >&5
gcc: warning: couldn't understand kern.osversion '16.0.0
configure:9263: $? = 0
gcc: warning: couldn't understand kern.osversion '16.0.0
gcc: warning: couldn't understand kern.osversion '16.0.0
configure:9336: gcc -o conftest -O3 -fomit-frame-pointer -malign-double -fstrict-aliasing -ffast-math   conftest.c  >&5
gcc: warning: couldn't understand kern.osversion '16.0.0
ld: warning: object file (/var/folders/j3/jbfdwjt54xn1pvw24hx69hg00000gn/T//ccSTiXzU.o) was built for newer OSX version (10.12) than being linked (10.4)
configure:9336: $? = 0
configure:9336: ./conftest
configure:9336: $? = 0
configure:9347: result: yes
configure:9360: checking for sys/types.h
configure:9360: gcc -c -O3 -fomit-frame-pointer -malign-double -fstrict-aliasing -ffast-math  conftest.c >&5
gcc: warning: couldn't understand kern.osversion '16.0.0
configure:9360: $? = 0
configure:9360: result: yes
configure:9360: checking for sys/stat.h
configure:9360: gcc -c -O3 -fomit-frame-pointer -malign-double -fstrict-aliasing -ffast-math  conftest.c >&5
gcc: warning: couldn't understand kern.osversion '16.0.0
configure:9360: $? = 0
configure:9360: result: yes
configure:9360: checking for stdlib.h
configure:9360: gcc -c -O3 -fomit-frame-pointer -malign-double -fstrict-aliasing -ffast-math  conftest.c >&5
gcc: warning: couldn't understand kern.osversion '16.0.0
configure:9360: $? = 0
configure:9360: result: yes
configure:9360: checking for string.h
configure:9360: gcc -c -O3 -fomit-frame-pointer -malign-double -fstrict-aliasing -ffast-math  conftest.c >&5
gcc: warning: couldn't understand kern.osversion '16.0.0
configure:9360: $? = 0
configure:9360: result: yes
configure:9360: checking for memory.h
configure:9360: gcc -c -O3 -fomit-frame-pointer -malign-double -fstrict-aliasing -ffast-math  conftest.c >&5
gcc: warning: couldn't understand kern.osversion '16.0.0
configure:9360: $? = 0
configure:9360: result: yes
configure:9360: checking for strings.h
configure:9360: gcc -c -O3 -fomit-frame-pointer -malign-double -fstrict-aliasing -ffast-math  conftest.c >&5
gcc: warning: couldn't understand kern.osversion '16.0.0
configure:9360: $? = 0
configure:9360: result: yes
configure:9360: checking for inttypes.h
configure:9360: gcc -c -O3 -fomit-frame-pointer -malign-double -fstrict-aliasing -ffast-math  conftest.c >&5
gcc: warning: couldn't understand kern.osversion '16.0.0
configure:9360: $? = 0
configure:9360: result: yes
configure:9360: checking for stdint.h
configure:9360: gcc -c -O3 -fomit-frame-pointer -malign-double -fstrict-aliasing -ffast-math  conftest.c >&5
gcc: warning: couldn't understand kern.osversion '16.0.0
configure:9360: $? = 0
configure:9360: result: yes
configure:9360: checking for unistd.h
configure:9360: gcc -c -O3 -fomit-frame-pointer -malign-double -fstrict-aliasing -ffast-math  conftest.c >&5
gcc: warning: couldn't understand kern.osversion '16.0.0
configure:9360: $? = 0
configure:9360: result: yes
configure:9374: checking for dlfcn.h
configure:9374: gcc -c -O3 -fomit-frame-pointer -malign-double -fstrict-aliasing -ffast-math  conftest.c >&5
gcc: warning: couldn't understand kern.osversion '16.0.0
configure:9374: $? = 0
configure:9374: result: yes
configure:9591: checking for objdir
configure:9606: result: .libs
configure:9877: checking if gcc supports -fno-rtti -fno-exceptions
configure:9895: gcc -c -O3 -fomit-frame-pointer -malign-double -fstrict-aliasing -ffast-math  -fno-rtti -fno-exceptions conftest.c >&5
gcc: warning: couldn't understand kern.osversion '16.0.0
cc1: warning: command line option '-fno-rtti' is valid for C++/ObjC++ but not for C
configure:9899: $? = 0
configure:9912: result: no
configure:10239: checking for gcc option to produce PIC
configure:10246: result: -fno-common -DPIC
configure:10254: checking if gcc PIC flag -fno-common -DPIC works
configure:10272: gcc -c -O3 -fomit-frame-pointer -malign-double -fstrict-aliasing -ffast-math  -fno-common -DPIC -DPIC conftest.c >&5
gcc: warning: couldn't understand kern.osversion '16.0.0
configure:10276: $? = 0
configure:10289: result: yes
configure:10318: checking if gcc static flag -static works
configure:10346: result: no
configure:10361: checking if gcc supports -c -o file.o
configure:10382: gcc -c -O3 -fomit-frame-pointer -malign-double -fstrict-aliasing -ffast-math  -o out/conftest2.o conftest.c >&5
gcc: warning: couldn't understand kern.osversion '16.0.0
configure:10386: $? = 0
configure:10408: result: yes
configure:10416: checking if gcc supports -c -o file.o
configure:10463: result: yes
configure:10496: checking whether the gcc linker (/usr/bin/ld) supports shared libraries
configure:11653: result: yes
configure:11893: checking dynamic linker characteristics
configure:12627: result: darwin16.0.0 dyld
configure:12734: checking how to hardcode library paths into programs
configure:12759: result: immediate
configure:13299: checking whether stripping libraries is possible
configure:13313: result: yes
configure:13339: checking if libtool supports shared libraries
configure:13341: result: yes
configure:13344: checking whether to build shared libraries
configure:13365: result: yes
configure:13368: checking whether to build static libraries
configure:13372: result: yes
configure:13395: checking how to run the C++ preprocessor
configure:13422: g++ -E  conftest.cpp
g++: warning: couldn't understand kern.osversion '16.0.0
configure:13422: $? = 0
configure:13436: g++ -E  conftest.cpp
g++: warning: couldn't understand kern.osversion '16.0.0
conftest.cpp:25:28: fatal error: ac_nonexistent.h: No such file or directory
 #include <ac_nonexistent.h>
                            ^
compilation terminated.
configure:13436: $? = 1
configure: failed program was:
| /* confdefs.h */
| #define PACKAGE_NAME "isl"
| #define PACKAGE_TARNAME "isl"
| #define PACKAGE_VERSION "0.17.1"
| #define PACKAGE_STRING "isl 0.17.1"
| #define PACKAGE_BUGREPORT "isl-development@googlegroups.com"
| #define PACKAGE_URL ""
| #define PACKAGE "isl"
| #define VERSION "0.17.1"
| #define GCC_WARN_UNUSED_RESULT __attribute__((__warn_unused_result__))
| #define HAVE___ATTRIBUTE__ 1
| #define STDC_HEADERS 1
| #define HAVE_SYS_TYPES_H 1
| #define HAVE_SYS_STAT_H 1
| #define HAVE_STDLIB_H 1
| #define HAVE_STRING_H 1
| #define HAVE_MEMORY_H 1
| #define HAVE_STRINGS_H 1
| #define HAVE_INTTYPES_H 1
| #define HAVE_STDINT_H 1
| #define HAVE_UNISTD_H 1
| #define HAVE_DLFCN_H 1
| #define LT_OBJDIR ".libs/"
| /* end confdefs.h.  */
| #include <ac_nonexistent.h>
configure:13461: result: g++ -E
configure:13481: g++ -E  conftest.cpp
g++: warning: couldn't understand kern.osversion '16.0.0
configure:13481: $? = 0
configure:13495: g++ -E  conftest.cpp
g++: warning: couldn't understand kern.osversion '16.0.0
conftest.cpp:25:28: fatal error: ac_nonexistent.h: No such file or directory
 #include <ac_nonexistent.h>
                            ^
compilation terminated.
configure:13495: $? = 1
configure: failed program was:
| /* confdefs.h */
| #define PACKAGE_NAME "isl"
| #define PACKAGE_TARNAME "isl"
| #define PACKAGE_VERSION "0.17.1"
| #define PACKAGE_STRING "isl 0.17.1"
| #define PACKAGE_BUGREPORT "isl-development@googlegroups.com"
| #define PACKAGE_URL ""
| #define PACKAGE "isl"
| #define VERSION "0.17.1"
| #define GCC_WARN_UNUSED_RESULT __attribute__((__warn_unused_result__))
| #define HAVE___ATTRIBUTE__ 1
| #define STDC_HEADERS 1
| #define HAVE_SYS_TYPES_H 1
| #define HAVE_SYS_STAT_H 1
| #define HAVE_STDLIB_H 1
| #define HAVE_STRING_H 1
| #define HAVE_MEMORY_H 1
| #define HAVE_STRINGS_H 1
| #define HAVE_INTTYPES_H 1
| #define HAVE_STDINT_H 1
| #define HAVE_UNISTD_H 1
| #define HAVE_DLFCN_H 1
| #define LT_OBJDIR ".libs/"
| /* end confdefs.h.  */
| #include <ac_nonexistent.h>
configure:13664: checking for ld used by g++
g++: warning: couldn't understand kern.osversion '16.0.0
configure:13731: result: /usr/bin/ld
configure:13738: checking if the linker (/usr/bin/ld) is GNU ld
configure:13753: result: no
configure:13808: checking whether the g++ linker (/usr/bin/ld) supports shared libraries
configure:14810: result: yes
configure:14846: g++ -c -g -O2  conftest.cpp >&5
g++: warning: couldn't understand kern.osversion '16.0.0
configure:14849: $? = 0
configure:15369: checking for g++ option to produce PIC
configure:15376: result: -fno-common -DPIC
configure:15384: checking if g++ PIC flag -fno-common -DPIC works
configure:15402: g++ -c -g -O2  -fno-common -DPIC -DPIC conftest.cpp >&5
g++: warning: couldn't understand kern.osversion '16.0.0
configure:15406: $? = 0
configure:15419: result: yes
configure:15442: checking if g++ static flag -static works
configure:15470: result: no
configure:15482: checking if g++ supports -c -o file.o
configure:15503: g++ -c -g -O2  -o out/conftest2.o conftest.cpp >&5
g++: warning: couldn't understand kern.osversion '16.0.0
configure:15507: $? = 0
configure:15529: result: yes
configure:15534: checking if g++ supports -c -o file.o
configure:15581: result: yes
configure:15611: checking whether the g++ linker (/usr/bin/ld) supports shared libraries
configure:15650: result: yes
configure:15791: checking dynamic linker characteristics
configure:16459: result: darwin16.0.0 dyld
configure:16512: checking how to hardcode library paths into programs
configure:16537: result: immediate
configure:16601: checking for perl
configure:16617: found /usr/bin/perl
configure:16628: result: perl
configure:16638: checking for pdflatex
configure:16668: result: no
configure:16675: checking for pod2html
configure:16691: found /usr/bin/pod2html
configure:16702: result: pod2html
configure:16721: checking for stdint types
configure:16744: gcc -c   conftest.c >&5
gcc: warning: couldn't understand kern.osversion '16.0.0
configure:16744: $? = 0
configure:16788: result: stdint.h (shortcircuit)
configure:17175: result: make use of stdint.h in include/isl/stdint.h (assuming C99 compatible system)
configure:17289: checking which gmp to use
configure:17291: result: system
configure:17309: checking gmp.h usability
configure:17309: gcc -c -O3 -fomit-frame-pointer -malign-double -fstrict-aliasing -ffast-math -I/usr/local/gcc-6.2.0/include  conftest.c >&5
gcc: warning: couldn't understand kern.osversion '16.0.0
configure:17309: $? = 0
configure:17309: result: yes
configure:17309: checking gmp.h presence
configure:17309: gcc -E -I/usr/local/gcc-6.2.0/include  conftest.c
gcc: warning: couldn't understand kern.osversion '16.0.0
configure:17309: $? = 0
configure:17309: result: yes
configure:17309: checking for gmp.h
configure:17309: result: yes
configure:17317: checking for main in -lgmp
configure:17336: gcc -o conftest -O3 -fomit-frame-pointer -malign-double -fstrict-aliasing -ffast-math -I/usr/local/gcc-6.2.0/include  -L/usr/local/gcc-6.2.0/lib  conftest.c -lgmp  -lgmp  >&5
gcc: warning: couldn't understand kern.osversion '16.0.0
ld: warning: object file (/var/folders/j3/jbfdwjt54xn1pvw24hx69hg00000gn/T//ccECXWa3.o) was built for newer OSX version (10.12) than being linked (10.4)
configure:17336: $? = 0
configure:17345: result: yes
configure:17373: gcc -o conftest -O3 -fomit-frame-pointer -malign-double -fstrict-aliasing -ffast-math -I/usr/local/gcc-6.2.0/include  -L/usr/local/gcc-6.2.0/lib  conftest.c -lgmp -lgmp  >&5
gcc: warning: couldn't understand kern.osversion '16.0.0
ld: warning: object file (/var/folders/j3/jbfdwjt54xn1pvw24hx69hg00000gn/T//ccl5IfCX.o) was built for newer OSX version (10.12) than being linked (10.4)
configure:17373: $? = 0
configure:17396: checking whether mp_get_memory_functions is declared
configure:17396: gcc -c -O3 -fomit-frame-pointer -malign-double -fstrict-aliasing -ffast-math -I/usr/local/gcc-6.2.0/include  conftest.c >&5
gcc: warning: couldn't understand kern.osversion '16.0.0
configure:17396: $? = 0
configure:17396: result: yes
configure:17506: checking whether ffs is declared
configure:17506: gcc -c -O3 -fomit-frame-pointer -malign-double -fstrict-aliasing -ffast-math  conftest.c >&5
gcc: warning: couldn't understand kern.osversion '16.0.0
configure:17506: $? = 0
configure:17506: result: yes
configure:17518: checking whether __builtin_ffs is declared
configure:17518: gcc -c -O3 -fomit-frame-pointer -malign-double -fstrict-aliasing -ffast-math  conftest.c >&5
gcc: warning: couldn't understand kern.osversion '16.0.0
configure:17518: $? = 0
configure:17518: result: yes
configure:17529: checking whether _BitScanForward is declared
configure:17529: gcc -c -O3 -fomit-frame-pointer -malign-double -fstrict-aliasing -ffast-math  conftest.c >&5
gcc: warning: couldn't understand kern.osversion '16.0.0
conftest.c:30:20: fatal error: intrin.h: No such file or directory
 #include <intrin.h>
                    ^
compilation terminated.
configure:17529: $? = 1
configure: failed program was:
| /* confdefs.h */
| #define PACKAGE_NAME "isl"
| #define PACKAGE_TARNAME "isl"
| #define PACKAGE_VERSION "0.17.1"
| #define PACKAGE_STRING "isl 0.17.1"
| #define PACKAGE_BUGREPORT "isl-development@googlegroups.com"
| #define PACKAGE_URL ""
| #define PACKAGE "isl"
| #define VERSION "0.17.1"
| #define GCC_WARN_UNUSED_RESULT __attribute__((__warn_unused_result__))
| #define HAVE___ATTRIBUTE__ 1
| #define STDC_HEADERS 1
| #define HAVE_SYS_TYPES_H 1
| #define HAVE_SYS_STAT_H 1
| #define HAVE_STDLIB_H 1
| #define HAVE_STRING_H 1
| #define HAVE_MEMORY_H 1
| #define HAVE_STRINGS_H 1
| #define HAVE_INTTYPES_H 1
| #define HAVE_STDINT_H 1
| #define HAVE_UNISTD_H 1
| #define HAVE_DLFCN_H 1
| #define LT_OBJDIR ".libs/"
| #define USE_GMP_FOR_MP /**/
| #define HAVE_LIBGMP 1
| #define HAVE_DECL_MP_GET_MEMORY_FUNCTIONS 1
| #define HAVE_DECL_FFS 1
| #define HAVE_DECL___BUILTIN_FFS 1
| /* end confdefs.h.  */
| #include <intrin.h>
| 
| int
| main ()
| {
| #ifndef _BitScanForward
| #ifdef __cplusplus
|   (void) _BitScanForward;
| #else
|   (void) _BitScanForward;
| #endif
| #endif
| 
|   ;
|   return 0;
| }
configure:17529: result: no
configure:17546: checking whether strcasecmp is declared
configure:17546: gcc -c -O3 -fomit-frame-pointer -malign-double -fstrict-aliasing -ffast-math  conftest.c >&5
gcc: warning: couldn't understand kern.osversion '16.0.0
configure:17546: $? = 0
configure:17546: result: yes
configure:17557: checking whether strncasecmp is declared
configure:17557: gcc -c -O3 -fomit-frame-pointer -malign-double -fstrict-aliasing -ffast-math  conftest.c >&5
gcc: warning: couldn't understand kern.osversion '16.0.0
configure:17557: $? = 0
configure:17557: result: yes
configure:17569: checking whether _stricmp is declared
configure:17569: gcc -c -O3 -fomit-frame-pointer -malign-double -fstrict-aliasing -ffast-math  conftest.c >&5
gcc: warning: couldn't understand kern.osversion '16.0.0
conftest.c: In function 'main':
conftest.c:42:10: error: '_stricmp' undeclared (first use in this function)
   (void) _stricmp;
          ^
conftest.c:42:10: note: each undeclared identifier is reported only once for each function it appears in
configure:17569: $? = 1
configure: failed program was:
| /* confdefs.h */
| #define PACKAGE_NAME "isl"
| #define PACKAGE_TARNAME "isl"
| #define PACKAGE_VERSION "0.17.1"
| #define PACKAGE_STRING "isl 0.17.1"
| #define PACKAGE_BUGREPORT "isl-development@googlegroups.com"
| #define PACKAGE_URL ""
| #define PACKAGE "isl"
| #define VERSION "0.17.1"
| #define GCC_WARN_UNUSED_RESULT __attribute__((__warn_unused_result__))
| #define HAVE___ATTRIBUTE__ 1
| #define STDC_HEADERS 1
| #define HAVE_SYS_TYPES_H 1
| #define HAVE_SYS_STAT_H 1
| #define HAVE_STDLIB_H 1
| #define HAVE_STRING_H 1
| #define HAVE_MEMORY_H 1
| #define HAVE_STRINGS_H 1
| #define HAVE_INTTYPES_H 1
| #define HAVE_STDINT_H 1
| #define HAVE_UNISTD_H 1
| #define HAVE_DLFCN_H 1
| #define LT_OBJDIR ".libs/"
| #define USE_GMP_FOR_MP /**/
| #define HAVE_LIBGMP 1
| #define HAVE_DECL_MP_GET_MEMORY_FUNCTIONS 1
| #define HAVE_DECL_FFS 1
| #define HAVE_DECL___BUILTIN_FFS 1
| #define HAVE_DECL__BITSCANFORWARD 0
| #define HAVE_DECL_STRCASECMP 1
| #define HAVE_DECL_STRNCASECMP 1
| /* end confdefs.h.  */
| #include <string.h>
| 
| int
| main ()
| {
| #ifndef _stricmp
| #ifdef __cplusplus
|   (void) _stricmp;
| #else
|   (void) _stricmp;
| #endif
| #endif
| 
|   ;
|   return 0;
| }
configure:17569: result: no
configure:17580: checking whether _strnicmp is declared
configure:17580: gcc -c -O3 -fomit-frame-pointer -malign-double -fstrict-aliasing -ffast-math  conftest.c >&5
gcc: warning: couldn't understand kern.osversion '16.0.0
conftest.c: In function 'main':
conftest.c:43:10: error: '_strnicmp' undeclared (first use in this function)
   (void) _strnicmp;
          ^
conftest.c:43:10: note: each undeclared identifier is reported only once for each function it appears in
configure:17580: $? = 1
configure: failed program was:
| /* confdefs.h */
| #define PACKAGE_NAME "isl"
| #define PACKAGE_TARNAME "isl"
| #define PACKAGE_VERSION "0.17.1"
| #define PACKAGE_STRING "isl 0.17.1"
| #define PACKAGE_BUGREPORT "isl-development@googlegroups.com"
| #define PACKAGE_URL ""
| #define PACKAGE "isl"
| #define VERSION "0.17.1"
| #define GCC_WARN_UNUSED_RESULT __attribute__((__warn_unused_result__))
| #define HAVE___ATTRIBUTE__ 1
| #define STDC_HEADERS 1
| #define HAVE_SYS_TYPES_H 1
| #define HAVE_SYS_STAT_H 1
| #define HAVE_STDLIB_H 1
| #define HAVE_STRING_H 1
| #define HAVE_MEMORY_H 1
| #define HAVE_STRINGS_H 1
| #define HAVE_INTTYPES_H 1
| #define HAVE_STDINT_H 1
| #define HAVE_UNISTD_H 1
| #define HAVE_DLFCN_H 1
| #define LT_OBJDIR ".libs/"
| #define USE_GMP_FOR_MP /**/
| #define HAVE_LIBGMP 1
| #define HAVE_DECL_MP_GET_MEMORY_FUNCTIONS 1
| #define HAVE_DECL_FFS 1
| #define HAVE_DECL___BUILTIN_FFS 1
| #define HAVE_DECL__BITSCANFORWARD 0
| #define HAVE_DECL_STRCASECMP 1
| #define HAVE_DECL_STRNCASECMP 1
| #define HAVE_DECL__STRICMP 0
| /* end confdefs.h.  */
| #include <string.h>
| 
| int
| main ()
| {
| #ifndef _strnicmp
| #ifdef __cplusplus
|   (void) _strnicmp;
| #else
|   (void) _strnicmp;
| #endif
| #endif
| 
|   ;
|   return 0;
| }
configure:17580: result: no
configure:17600: checking whether snprintf is declared
configure:17600: gcc -c -O3 -fomit-frame-pointer -malign-double -fstrict-aliasing -ffast-math  conftest.c >&5
gcc: warning: couldn't understand kern.osversion '16.0.0
configure:17600: $? = 0
configure:17600: result: yes
configure:17611: checking whether _snprintf is declared
configure:17611: gcc -c -O3 -fomit-frame-pointer -malign-double -fstrict-aliasing -ffast-math  conftest.c >&5
gcc: warning: couldn't understand kern.osversion '16.0.0
conftest.c: In function 'main':
conftest.c:45:10: error: '_snprintf' undeclared (first use in this function)
   (void) _snprintf;
          ^
conftest.c:45:10: note: each undeclared identifier is reported only once for each function it appears in
configure:17611: $? = 1
configure: failed program was:
| /* confdefs.h */
| #define PACKAGE_NAME "isl"
| #define PACKAGE_TARNAME "isl"
| #define PACKAGE_VERSION "0.17.1"
| #define PACKAGE_STRING "isl 0.17.1"
| #define PACKAGE_BUGREPORT "isl-development@googlegroups.com"
| #define PACKAGE_URL ""
| #define PACKAGE "isl"
| #define VERSION "0.17.1"
| #define GCC_WARN_UNUSED_RESULT __attribute__((__warn_unused_result__))
| #define HAVE___ATTRIBUTE__ 1
| #define STDC_HEADERS 1
| #define HAVE_SYS_TYPES_H 1
| #define HAVE_SYS_STAT_H 1
| #define HAVE_STDLIB_H 1
| #define HAVE_STRING_H 1
| #define HAVE_MEMORY_H 1
| #define HAVE_STRINGS_H 1
| #define HAVE_INTTYPES_H 1
| #define HAVE_STDINT_H 1
| #define HAVE_UNISTD_H 1
| #define HAVE_DLFCN_H 1
| #define LT_OBJDIR ".libs/"
| #define USE_GMP_FOR_MP /**/
| #define HAVE_LIBGMP 1
| #define HAVE_DECL_MP_GET_MEMORY_FUNCTIONS 1
| #define HAVE_DECL_FFS 1
| #define HAVE_DECL___BUILTIN_FFS 1
| #define HAVE_DECL__BITSCANFORWARD 0
| #define HAVE_DECL_STRCASECMP 1
| #define HAVE_DECL_STRNCASECMP 1
| #define HAVE_DECL__STRICMP 0
| #define HAVE_DECL__STRNICMP 0
| #define HAVE_DECL_SNPRINTF 1
| /* end confdefs.h.  */
| #include <stdio.h>
| 
| int
| main ()
| {
| #ifndef _snprintf
| #ifdef __cplusplus
|   (void) _snprintf;
| #else
|   (void) _snprintf;
| #endif
| #endif
| 
|   ;
|   return 0;
| }
configure:17611: result: no
configure:17708: checking which clang to use
configure:17710: result: no
configure:18304: checking for C compiler vendor
configure:18335: result: gnu
configure:18356: checking our pkgconfig libname
configure:18364: result: isl
configure:18367: checking our pkgconfig version
configure:18375: result: 0.17.1
configure:18378: checking our pkgconfig_libdir
configure:18385: result: ${libdir}/pkgconfig
configure:18388: result: expanded our pkgconfig_libdir... /usr/local/gcc-6.2.0/lib/pkgconfig
configure:18392: checking our pkgconfig_libfile
configure:18398: result: isl.pc
configure:18405: checking our package / suffix
configure:18409: result: isl / 
configure:18412: checking our pkgconfig description
configure:18419: result: isl Library
configure:18422: checking our pkgconfig requires
configure:18427: result: 
configure:18430: checking our pkgconfig ext libs
configure:18437: result: -lisl -lgmp
configure:18440: checking our pkgconfig cppflags
configure:18445: result: -I/usr/local/gcc-6.2.0/include
configure:18448: checking our pkgconfig ldflags
configure:18453: result: -L/usr/local/gcc-6.2.0/lib
configure:18493: result: noninstalled pkgconfig -L /Users/mscho/Simon/91_toolchain/gcc/isl-0.17.1/build/.libs
configure:18528: result: noninstalled pkgconfig -I /Users/mscho/Simon/91_toolchain/gcc/isl-0.17.1/build/../include
configure:18696: checking that generated files are newer than configure
configure:18702: result: done
configure:18757: creating ./config.status

## ---------------------- ##
## Running config.status. ##
## ---------------------- ##

This file was extended by isl config.status 0.17.1, which was
generated by GNU Autoconf 2.69.  Invocation command line was

  CONFIG_FILES    = 
  CONFIG_HEADERS  = 
  CONFIG_LINKS    = 
  CONFIG_COMMANDS = 
  $ ./config.status 

on Medardus.local

config.status:1232: creating Makefile
config.status:1232: creating doc/Makefile
config.status:1232: creating bound_test.sh
config.status:1232: creating codegen_test.sh
config.status:1232: creating pip_test.sh
config.status:1232: creating isl_config.h
config.status:1446: executing depfiles commands
config.status:1446: executing libtool commands
config.status:1446: executing include/isl/stdint.h commands
config.status:2344: creating include/isl/stdint.h : _ISL_INCLUDE_ISL_STDINT_H
config.status:1446: executing isl.pc commands
config.status:2826: creating isl.pc.in
config.status:2849: creating isl.pc
config.status:2875: creating isl-uninstalled.pc
config.status:2905: creating isl-uninstalled.sh

## ---------------- ##
## Cache variables. ##
## ---------------- ##

ac_cv_build=x86_64-apple-darwin16.0.0
ac_cv_c_compiler_gnu=yes
ac_cv_cxx_compiler_gnu=yes
ac_cv_env_CCC_set=
ac_cv_env_CCC_value=
ac_cv_env_CC_set=
ac_cv_env_CC_value=
ac_cv_env_CFLAGS_set=
ac_cv_env_CFLAGS_value=
ac_cv_env_CPPFLAGS_set=
ac_cv_env_CPPFLAGS_value=
ac_cv_env_CPP_set=
ac_cv_env_CPP_value=
ac_cv_env_CXXCPP_set=
ac_cv_env_CXXCPP_value=
ac_cv_env_CXXFLAGS_set=
ac_cv_env_CXXFLAGS_value=
ac_cv_env_CXX_set=
ac_cv_env_CXX_value=
ac_cv_env_LDFLAGS_set=
ac_cv_env_LDFLAGS_value=
ac_cv_env_LIBS_set=
ac_cv_env_LIBS_value=
ac_cv_env_build_alias_set=
ac_cv_env_build_alias_value=
ac_cv_env_host_alias_set=
ac_cv_env_host_alias_value=
ac_cv_env_target_alias_set=
ac_cv_env_target_alias_value=
ac_cv_have_decl__BitScanForward=no
ac_cv_have_decl___builtin_ffs=yes
ac_cv_have_decl__snprintf=no
ac_cv_have_decl__stricmp=no
ac_cv_have_decl__strnicmp=no
ac_cv_have_decl_ffs=yes
ac_cv_have_decl_mp_get_memory_functions=yes
ac_cv_have_decl_snprintf=yes
ac_cv_have_decl_strcasecmp=yes
ac_cv_have_decl_strncasecmp=yes
ac_cv_header_dlfcn_h=yes
ac_cv_header_gmp_h=yes
ac_cv_header_inttypes_h=yes
ac_cv_header_memory_h=yes
ac_cv_header_stdc=yes
ac_cv_header_stdint=stdint.h
ac_cv_header_stdint_h=yes
ac_cv_header_stdint_t=stdint.h
ac_cv_header_stdlib_h=yes
ac_cv_header_string_h=yes
ac_cv_header_strings_h=yes
ac_cv_header_sys_stat_h=yes
ac_cv_header_sys_types_h=yes
ac_cv_header_unistd_h=yes
ac_cv_host=x86_64-apple-darwin16.0.0
ac_cv_lib_gmp_main=yes
ac_cv_objext=o
ac_cv_path_EGREP='/usr/bin/grep -E'
ac_cv_path_FGREP='/usr/bin/grep -F'
ac_cv_path_GREP=/usr/bin/grep
ac_cv_path_SED=/usr/bin/sed
ac_cv_path_install='/usr/bin/install -c'
ac_cv_prog_AWK=awk
ac_cv_prog_CPP='gcc -E'
ac_cv_prog_CXXCPP='g++ -E'
ac_cv_prog_PERL=perl
ac_cv_prog_POD2HTML=pod2html
ac_cv_prog_ac_ct_AR=ar
ac_cv_prog_ac_ct_CC=gcc
ac_cv_prog_ac_ct_CXX=g++
ac_cv_prog_ac_ct_DSYMUTIL=dsymutil
ac_cv_prog_ac_ct_LIPO=lipo
ac_cv_prog_ac_ct_NMEDIT=nmedit
ac_cv_prog_ac_ct_OBJDUMP=objdump
ac_cv_prog_ac_ct_OTOOL=otool
ac_cv_prog_ac_ct_RANLIB=ranlib
ac_cv_prog_ac_ct_STRIP=strip
ac_cv_prog_cc_c89=
ac_cv_prog_cc_g=yes
ac_cv_prog_cxx_g=yes
ac_cv_prog_make_make_set=yes
ac_cv_stdint_message='using gnu compiler gcc (GCC) 4.9.1'
ac_cv_stdint_result='(assuming C99 compatible system)'
am_cv_CC_dependencies_compiler_type=gcc3
am_cv_CXX_dependencies_compiler_type=gcc3
am_cv_make_support_nested_variables=yes
am_cv_prog_cc_c_o=yes
ax_cv___attribute__=yes
ax_cv_c_compiler_vendor=gnu
ax_cv_c_flags__O3__fomit_frame_pointer__malign_double__fstrict_aliasing__ffast_math=yes
ax_cv_c_flags__ffast_math=yes
ax_cv_c_flags__fstrict_aliasing=yes
ax_cv_c_flags__malign_double=yes
ax_cv_c_flags__march_pentium2=no
ax_cv_c_flags__march_pentiumpro=no
ax_cv_c_flags__mcpu_pentium2=no
ax_cv_c_flags__mcpu_pentiumpro=no
ax_cv_c_flags__mpentium2=no
ax_cv_c_flags__mpentiumpro=no
ax_cv_gcc_archflag=unknown
ax_cv_gcc_warn_unused_result=yes
ax_cv_gcc_x86_cpuid_0=d:756e6547:6c65746e:49656e69
ax_cv_gcc_x86_cpuid_1=306a9:2100800:7fbae3ff:bfebfbff
lt_cv_apple_cc_single_mod=yes
lt_cv_ar_at_file=no
lt_cv_deplibs_check_method=pass_all
lt_cv_file_magic_cmd='$MAGIC_CMD'
lt_cv_file_magic_test_file=
lt_cv_ld_exported_symbols_list=yes
lt_cv_ld_force_load=yes
lt_cv_ld_reload_flag=-r
lt_cv_nm_interface='BSD nm'
lt_cv_objdir=.libs
lt_cv_path_LD=/usr/bin/ld
lt_cv_path_LDCXX=/usr/bin/ld
lt_cv_path_NM='/usr/bin/nm -B'
lt_cv_path_mainfest_tool=no
lt_cv_prog_compiler_c_o=yes
lt_cv_prog_compiler_c_o_CXX=yes
lt_cv_prog_compiler_pic='-fno-common -DPIC'
lt_cv_prog_compiler_pic_CXX='-fno-common -DPIC'
lt_cv_prog_compiler_pic_works=yes
lt_cv_prog_compiler_pic_works_CXX=yes
lt_cv_prog_compiler_rtti_exceptions=no
lt_cv_prog_compiler_static_works=no
lt_cv_prog_compiler_static_works_CXX=no
lt_cv_prog_gnu_ld=no
lt_cv_prog_gnu_ldcxx=no
lt_cv_sharedlib_from_linklib_cmd='printf %s\n'
lt_cv_sys_global_symbol_pipe='sed -n -e '\''s/^.*[	 ]\([BCDEGRST][BCDEGRST]*\)[	 ][	 ]*_\([_A-Za-z][_A-Za-z0-9]*\)$/\1 _\2 \2/p'\'' | sed '\''/ __gnu_lto/d'\'''
lt_cv_sys_global_symbol_to_c_name_address='sed -n -e '\''s/^: \([^ ]*\)[ ]*$/  {\"\1\", (void *) 0},/p'\'' -e '\''s/^[BCDEGRST]* \([^ ]*\) \([^ ]*\)$/  {"\2", (void *) \&\2},/p'\'''
lt_cv_sys_global_symbol_to_c_name_address_lib_prefix='sed -n -e '\''s/^: \([^ ]*\)[ ]*$/  {\"\1\", (void *) 0},/p'\'' -e '\''s/^[BCDEGRST]* \([^ ]*\) \(lib[^ ]*\)$/  {"\2", (void *) \&\2},/p'\'' -e '\''s/^[BCDEGRST]* \([^ ]*\) \([^ ]*\)$/  {"lib\2", (void *) \&\2},/p'\'''
lt_cv_sys_global_symbol_to_cdecl='sed -n -e '\''s/^T .* \(.*\)$/extern int \1();/p'\'' -e '\''s/^[BCDEGRST]* .* \(.*\)$/extern char \1;/p'\'''
lt_cv_sys_max_cmd_len=196608
lt_cv_to_host_file_cmd=func_convert_file_noop
lt_cv_to_tool_file_cmd=func_convert_file_noop

## ----------------- ##
## Output variables. ##
## ----------------- ##

ACLOCAL='${SHELL} /Users/mscho/Simon/91_toolchain/gcc/isl-0.17.1/missing aclocal-1.15'
AMDEPBACKSLASH='\'
AMDEP_FALSE='#'
AMDEP_TRUE=''
AMTAR='$${TAR-tar}'
AM_BACKSLASH='\'
AM_DEFAULT_V='$(AM_DEFAULT_VERBOSITY)'
AM_DEFAULT_VERBOSITY='0'
AM_V='$(V)'
AR='ar'
AUTOCONF='${SHELL} /Users/mscho/Simon/91_toolchain/gcc/isl-0.17.1/missing autoconf'
AUTOHEADER='${SHELL} /Users/mscho/Simon/91_toolchain/gcc/isl-0.17.1/missing autoheader'
AUTOMAKE='${SHELL} /Users/mscho/Simon/91_toolchain/gcc/isl-0.17.1/missing automake-1.15'
AWK='awk'
CC='gcc'
CCDEPMODE='depmode=gcc3'
CFLAGS='-O3 -fomit-frame-pointer -malign-double -fstrict-aliasing -ffast-math'
CLANG_CXXFLAGS=''
CLANG_LDFLAGS=''
CLANG_LIBS=''
CPP='gcc -E'
CPPFLAGS=''
CXX='g++'
CXXCPP='g++ -E'
CXXDEPMODE='depmode=gcc3'
CXXFLAGS='-g -O2'
CYGPATH_W='echo'
DEFS='-DHAVE_CONFIG_H'
DEPDIR='.deps'
DLLTOOL='false'
DSYMUTIL='dsymutil'
DUMPBIN=''
ECHO_C='\c'
ECHO_N=''
ECHO_T=''
EGREP='/usr/bin/grep -E'
EXEEXT=''
FGREP='/usr/bin/grep -F'
GENERATE_DOC_FALSE=''
GENERATE_DOC_TRUE='#'
GIT_HEAD=''
GIT_HEAD_ID='isl-0.17.1'
GIT_HEAD_VERSION='isl-0.17.1'
GMP_FOR_MP_FALSE='#'
GMP_FOR_MP_TRUE=''
GREP='/usr/bin/grep'
HAVE_CLANG_FALSE=''
HAVE_CLANG_TRUE='#'
IMATH_FOR_MP_FALSE=''
IMATH_FOR_MP_TRUE='#'
INSTALL_DATA='${INSTALL} -m 644'
INSTALL_PROGRAM='${INSTALL}'
INSTALL_SCRIPT='${INSTALL}'
INSTALL_STRIP_PROGRAM='$(install_sh) -c -s'
LD='/usr/bin/ld'
LDFLAGS=''
LIBOBJS=''
LIBS=''
LIBTOOL='$(SHELL) $(top_builddir)/libtool'
LIB_CLANG_EDIT=''
LIPO='lipo'
LN_S='ln -s'
LTLIBOBJS=''
MAKEINFO='${SHELL} /Users/mscho/Simon/91_toolchain/gcc/isl-0.17.1/missing makeinfo'
MANIFEST_TOOL=':'
MKDIR_P='.././install-sh -c -d'
MP_CPPFLAGS='-I/usr/local/gcc-6.2.0/include'
MP_LDFLAGS='-L/usr/local/gcc-6.2.0/lib'
MP_LIBS='-lgmp'
NEED_GET_MEMORY_FUNCTIONS_FALSE=''
NEED_GET_MEMORY_FUNCTIONS_TRUE='#'
NM='/usr/bin/nm -B'
NMEDIT='nmedit'
OBJDUMP='objdump'
OBJEXT='o'
OTOOL64=':'
OTOOL='otool'
PACKAGE='isl'
PACKAGE_BUGREPORT='isl-development@googlegroups.com'
PACKAGE_NAME='isl'
PACKAGE_STRING='isl 0.17.1'
PACKAGE_TARNAME='isl'
PACKAGE_URL=''
PACKAGE_VERSION='0.17.1'
PATH_SEPARATOR=':'
PDFLATEX=''
PERL='perl'
POD2HTML='pod2html'
PRTDIAG=''
RANLIB='ranlib'
SED='/usr/bin/sed'
SET_MAKE=''
SHELL='/bin/sh'
SMALL_INT_OPT_FALSE=''
SMALL_INT_OPT_TRUE='#'
STRIP='strip'
VERSION='0.17.1'
WARNING_FLAGS=''
ac_ct_AR='ar'
ac_ct_CC='gcc'
ac_ct_CXX='g++'
ac_ct_DUMPBIN=''
am__EXEEXT_FALSE=''
am__EXEEXT_TRUE='#'
am__fastdepCC_FALSE='#'
am__fastdepCC_TRUE=''
am__fastdepCXX_FALSE='#'
am__fastdepCXX_TRUE=''
am__include='include'
am__isrc=' -I$(srcdir)'
am__leading_dot='.'
am__nodep='_no'
am__quote=''
am__tar='$${TAR-tar} chof - "$$tardir"'
am__untar='$${TAR-tar} xf -'
bindir='${exec_prefix}/bin'
build='x86_64-apple-darwin16.0.0'
build_alias=''
build_cpu='x86_64'
build_os='darwin16.0.0'
build_vendor='apple'
datadir='${datarootdir}'
datarootdir='${prefix}/share'
docdir='${datarootdir}/doc/${PACKAGE_TARNAME}'
dvidir='${docdir}'
exec_prefix='${prefix}'
host='x86_64-apple-darwin16.0.0'
host_alias=''
host_cpu='x86_64'
host_os='darwin16.0.0'
host_vendor='apple'
htmldir='${docdir}'
includedir='${prefix}/include'
infodir='${datarootdir}/info'
install_sh='${SHELL} /Users/mscho/Simon/91_toolchain/gcc/isl-0.17.1/install-sh'
libdir='${exec_prefix}/lib'
libexecdir='${exec_prefix}/libexec'
llvm_config_found=''
localedir='${datarootdir}/locale'
localstatedir='${prefix}/var'
mandir='${datarootdir}/man'
mkdir_p='$(MKDIR_P)'
oldincludedir='/usr/include'
pdfdir='${docdir}'
pkgconfig_libdir='${libdir}/pkgconfig'
pkgconfig_libfile='isl.pc'
prefix='/usr/local/gcc-6.2.0'
program_transform_name='s,x,x,'
psdir='${docdir}'
sbindir='${exec_prefix}/sbin'
sharedstatedir='${prefix}/com'
sysconfdir='${prefix}/etc'
target_alias=''
versioninfo='17:1:2'

## ----------- ##
## confdefs.h. ##
## ----------- ##

/* confdefs.h */
#define PACKAGE_NAME "isl"
#define PACKAGE_TARNAME "isl"
#define PACKAGE_VERSION "0.17.1"
#define PACKAGE_STRING "isl 0.17.1"
#define PACKAGE_BUGREPORT "isl-development@googlegroups.com"
#define PACKAGE_URL ""
#define PACKAGE "isl"
#define VERSION "0.17.1"
#define GCC_WARN_UNUSED_RESULT __attribute__((__warn_unused_result__))
#define HAVE___ATTRIBUTE__ 1
#define STDC_HEADERS 1
#define HAVE_SYS_TYPES_H 1
#define HAVE_SYS_STAT_H 1
#define HAVE_STDLIB_H 1
#define HAVE_STRING_H 1
#define HAVE_MEMORY_H 1
#define HAVE_STRINGS_H 1
#define HAVE_INTTYPES_H 1
#define HAVE_STDINT_H 1
#define HAVE_UNISTD_H 1
#define HAVE_DLFCN_H 1
#define LT_OBJDIR ".libs/"
#define USE_GMP_FOR_MP /**/
#define HAVE_LIBGMP 1
#define HAVE_DECL_MP_GET_MEMORY_FUNCTIONS 1
#define HAVE_DECL_FFS 1
#define HAVE_DECL___BUILTIN_FFS 1
#define HAVE_DECL__BITSCANFORWARD 0
#define HAVE_DECL_STRCASECMP 1
#define HAVE_DECL_STRNCASECMP 1
#define HAVE_DECL__STRICMP 0
#define HAVE_DECL__STRNICMP 0
#define HAVE_DECL_SNPRINTF 1
#define HAVE_DECL__SNPRINTF 0

configure: exit 0
