This file contains any messages produced by compilers while
running configure, to aid debugging if configure makes a mistake.

It was created by isl configure 0.16.1, which was
generated by GNU Autoconf 2.69.  Invocation command line was

  $ ../configure --prefix=/usr/local/gcc-6.1.0 --with-gmp-prefix=/usr/local/gcc-6.1.0

## --------- ##
## Platform. ##
## --------- ##

hostname = Medardus.local
uname -m = x86_64
uname -r = 15.5.0
uname -s = Darwin
uname -v = Darwin Kernel Version 15.5.0: Tue Apr 19 18:36:36 PDT 2016; root:xnu-3248.50.21~8/RELEASE_X86_64

/usr/bin/uname -p = i386
/bin/uname -X     = unknown

/bin/arch              = unknown
/usr/bin/arch -k       = unknown
/usr/convex/getsysinfo = unknown
/usr/bin/hostinfo      = Mach kernel version:
	 Darwin Kernel Version 15.5.0: Tue Apr 19 18:36:36 PDT 2016; root:xnu-3248.50.21~8/RELEASE_X86_64
Kernel configured for up to 4 processors.
2 processors are physically available.
4 processors are logically available.
Processor type: i486 (Intel 80486)
Processors active: 0 1 2 3
Primary memory available: 8.00 gigabytes
Default processor set: 268 tasks, 1447 threads, 4 processors
Load average: 1.18, Mach factor: 2.81
/bin/machine           = unknown
/usr/bin/oslevel       = unknown
/bin/universe          = unknown

PATH: /usr/local/bin
PATH: /usr/bin
PATH: /bin
PATH: /usr/sbin
PATH: /sbin
PATH: /opt/X11/bin


## ----------- ##
## Core tests. ##
## ----------- ##

configure:2817: checking for a BSD-compatible install
configure:2885: result: /usr/bin/install -c
configure:2896: checking whether build environment is sane
configure:2951: result: yes
configure:3102: checking for a thread-safe mkdir -p
configure:3141: result: .././install-sh -c -d
configure:3148: checking for gawk
configure:3178: result: no
configure:3148: checking for mawk
configure:3178: result: no
configure:3148: checking for nawk
configure:3178: result: no
configure:3148: checking for awk
configure:3164: found /usr/bin/awk
configure:3175: result: awk
configure:3186: checking whether make sets $(MAKE)
configure:3208: result: yes
configure:3237: checking whether make supports nested variables
configure:3254: result: yes
configure:3390: checking whether make supports nested variables
configure:3407: result: yes
configure:3481: checking for gcc
configure:3497: found /usr/local/bin/gcc
configure:3508: result: gcc
configure:3737: checking for C compiler version
configure:3746: gcc --version >&5
gcc (GCC) 4.9.1
Copyright (C) 2014 Free Software Foundation, Inc.
This is free software; see the source for copying conditions.  There is NO
warranty; not even for MERCHANTABILITY or FITNESS FOR A PARTICULAR PURPOSE.

gcc: warning: couldn't understand kern.osversion '15.5.0
configure:3757: $? = 0
configure:3746: gcc -v >&5
gcc: warning: couldn't understand kern.osversion '15.5.0
Using built-in specs.
COLLECT_GCC=gcc
COLLECT_LTO_WRAPPER=/usr/local/libexec/gcc/x86_64-apple-darwin13.3.0/4.9.1/lto-wrapper
Target: x86_64-apple-darwin13.3.0
Configured with: ../gcc_4.9.1/configure --enable-languages=c,c++
Thread model: posix
gcc version 4.9.1 (GCC) 
configure:3757: $? = 0
configure:3746: gcc -V >&5
gcc: warning: couldn't understand kern.osversion '15.5.0
gcc: error: unrecognized command line option '-V'
gcc: fatal error: no input files
compilation terminated.
configure:3757: $? = 1
configure:3746: gcc -qversion >&5
gcc: warning: couldn't understand kern.osversion '15.5.0
gcc: error: unrecognized command line option '-qversion'
gcc: fatal error: no input files
compilation terminated.
configure:3757: $? = 1
configure:3777: checking whether the C compiler works
configure:3799: gcc    conftest.c  >&5
gcc: warning: couldn't understand kern.osversion '15.5.0
ld: warning: object file (/var/folders/j3/jbfdwjt54xn1pvw24hx69hg00000gn/T//ccrzJnY2.o) was built for newer OSX version (10.11) than being linked (10.4)
configure:3803: $? = 0
configure:3851: result: yes
configure:3854: checking for C compiler default output file name
configure:3856: result: a.out
configure:3862: checking for suffix of executables
configure:3869: gcc -o conftest    conftest.c  >&5
gcc: warning: couldn't understand kern.osversion '15.5.0
ld: warning: object file (/var/folders/j3/jbfdwjt54xn1pvw24hx69hg00000gn/T//ccQwEjcz.o) was built for newer OSX version (10.11) than being linked (10.4)
configure:3873: $? = 0
configure:3895: result: 
configure:3917: checking whether we are cross compiling
configure:3925: gcc -o conftest    conftest.c  >&5
gcc: warning: couldn't understand kern.osversion '15.5.0
ld: warning: object file (/var/folders/j3/jbfdwjt54xn1pvw24hx69hg00000gn/T//ccgQMDfU.o) was built for newer OSX version (10.11) than being linked (10.4)
configure:3929: $? = 0
configure:3936: ./conftest
configure:3940: $? = 0
configure:3955: result: no
configure:3960: checking for suffix of object files
configure:3982: gcc -c   conftest.c >&5
gcc: warning: couldn't understand kern.osversion '15.5.0
configure:3986: $? = 0
configure:4007: result: o
configure:4011: checking whether we are using the GNU C compiler
configure:4030: gcc -c   conftest.c >&5
gcc: warning: couldn't understand kern.osversion '15.5.0
configure:4030: $? = 0
configure:4039: result: yes
configure:4048: checking whether gcc accepts -g
configure:4068: gcc -c -g  conftest.c >&5
gcc: warning: couldn't understand kern.osversion '15.5.0
configure:4068: $? = 0
configure: failed program was:
| /* confdefs.h */
| #define PACKAGE_NAME "isl"
| #define PACKAGE_TARNAME "isl"
| #define PACKAGE_VERSION "0.16.1"
| #define PACKAGE_STRING "isl 0.16.1"
| #define PACKAGE_BUGREPORT "isl-development@googlegroups.com"
| #define PACKAGE_URL ""
| #define PACKAGE "isl"
| #define VERSION "0.16.1"
| /* end confdefs.h.  */
| 
| int
| main ()
| {
| 
|   ;
|   return 0;
| }
configure:4083: gcc -c   conftest.c >&5
gcc: warning: couldn't understand kern.osversion '15.5.0
configure:4083: $? = 0
configure: failed program was:
| /* confdefs.h */
| #define PACKAGE_NAME "isl"
| #define PACKAGE_TARNAME "isl"
| #define PACKAGE_VERSION "0.16.1"
| #define PACKAGE_STRING "isl 0.16.1"
| #define PACKAGE_BUGREPORT "isl-development@googlegroups.com"
| #define PACKAGE_URL ""
| #define PACKAGE "isl"
| #define VERSION "0.16.1"
| /* end confdefs.h.  */
| 
| int
| main ()
| {
| 
|   ;
|   return 0;
| }
configure:4099: gcc -c -g  conftest.c >&5
gcc: warning: couldn't understand kern.osversion '15.5.0
configure:4099: $? = 0
configure:4109: result: yes
configure:4126: checking for gcc option to accept ISO C89
configure:4189: gcc  -c -g -O2  conftest.c >&5
gcc: warning: couldn't understand kern.osversion '15.5.0
configure:4189: $? = 0
configure:4202: result: none needed
configure:4227: checking whether gcc understands -c and -o together
configure:4249: gcc -c conftest.c -o conftest2.o
gcc: warning: couldn't understand kern.osversion '15.5.0
configure:4252: $? = 0
configure:4249: gcc -c conftest.c -o conftest2.o
gcc: warning: couldn't understand kern.osversion '15.5.0
configure:4252: $? = 0
configure:4264: result: yes
configure:4292: checking for style of include used by make
configure:4320: result: GNU
configure:4346: checking dependency style of gcc
configure:4457: result: gcc3
configure:4530: checking for g++
configure:4546: found /usr/local/bin/g++
configure:4557: result: g++
configure:4584: checking for C++ compiler version
configure:4593: g++ --version >&5
g++ (GCC) 4.9.1
Copyright (C) 2014 Free Software Foundation, Inc.
This is free software; see the source for copying conditions.  There is NO
warranty; not even for MERCHANTABILITY or FITNESS FOR A PARTICULAR PURPOSE.

g++: warning: couldn't understand kern.osversion '15.5.0
configure:4604: $? = 0
configure:4593: g++ -v >&5
g++: warning: couldn't understand kern.osversion '15.5.0
Using built-in specs.
COLLECT_GCC=g++
COLLECT_LTO_WRAPPER=/usr/local/libexec/gcc/x86_64-apple-darwin13.3.0/4.9.1/lto-wrapper
Target: x86_64-apple-darwin13.3.0
Configured with: ../gcc_4.9.1/configure --enable-languages=c,c++
Thread model: posix
gcc version 4.9.1 (GCC) 
configure:4604: $? = 0
configure:4593: g++ -V >&5
g++: warning: couldn't understand kern.osversion '15.5.0
g++: error: unrecognized command line option '-V'
g++: fatal error: no input files
compilation terminated.
configure:4604: $? = 1
configure:4593: g++ -qversion >&5
g++: warning: couldn't understand kern.osversion '15.5.0
g++: error: unrecognized command line option '-qversion'
g++: fatal error: no input files
compilation terminated.
configure:4604: $? = 1
configure:4608: checking whether we are using the GNU C++ compiler
configure:4627: g++ -c   conftest.cpp >&5
g++: warning: couldn't understand kern.osversion '15.5.0
configure:4627: $? = 0
configure:4636: result: yes
configure:4645: checking whether g++ accepts -g
configure:4665: g++ -c -g  conftest.cpp >&5
g++: warning: couldn't understand kern.osversion '15.5.0
configure:4665: $? = 0
configure: failed program was:
| /* confdefs.h */
| #define PACKAGE_NAME "isl"
| #define PACKAGE_TARNAME "isl"
| #define PACKAGE_VERSION "0.16.1"
| #define PACKAGE_STRING "isl 0.16.1"
| #define PACKAGE_BUGREPORT "isl-development@googlegroups.com"
| #define PACKAGE_URL ""
| #define PACKAGE "isl"
| #define VERSION "0.16.1"
| /* end confdefs.h.  */
| 
| int
| main ()
| {
| 
|   ;
|   return 0;
| }
configure:4680: g++ -c   conftest.cpp >&5
g++: warning: couldn't understand kern.osversion '15.5.0
configure:4680: $? = 0
configure: failed program was:
| /* confdefs.h */
| #define PACKAGE_NAME "isl"
| #define PACKAGE_TARNAME "isl"
| #define PACKAGE_VERSION "0.16.1"
| #define PACKAGE_STRING "isl 0.16.1"
| #define PACKAGE_BUGREPORT "isl-development@googlegroups.com"
| #define PACKAGE_URL ""
| #define PACKAGE "isl"
| #define VERSION "0.16.1"
| /* end confdefs.h.  */
| 
| int
| main ()
| {
| 
|   ;
|   return 0;
| }
configure:4696: g++ -c -g  conftest.cpp >&5
g++: warning: couldn't understand kern.osversion '15.5.0
configure:4696: $? = 0
configure:4706: result: yes
configure:4731: checking dependency style of g++
configure:4842: result: gcc3
configure:4860: checking for C compiler vendor
configure:4884: gcc -c -g -O2  conftest.c >&5
gcc: warning: couldn't understand kern.osversion '15.5.0
conftest.c: In function 'main':
conftest.c:17:7: error: 'thisisanerror' undeclared (first use in this function)
       thisisanerror;
       ^
conftest.c:17:7: note: each undeclared identifier is reported only once for each function it appears in
configure:4884: $? = 1
configure: failed program was:
| /* confdefs.h */
| #define PACKAGE_NAME "isl"
| #define PACKAGE_TARNAME "isl"
| #define PACKAGE_VERSION "0.16.1"
| #define PACKAGE_STRING "isl 0.16.1"
| #define PACKAGE_BUGREPORT "isl-development@googlegroups.com"
| #define PACKAGE_URL ""
| #define PACKAGE "isl"
| #define VERSION "0.16.1"
| /* end confdefs.h.  */
| 
| int
| main ()
| {
| 
| #if !(defined(__ICC) || defined(__ECC) || defined(__INTEL_COMPILER))
|       thisisanerror;
| #endif
| 
|   ;
|   return 0;
| }
configure:4884: gcc -c -g -O2  conftest.c >&5
gcc: warning: couldn't understand kern.osversion '15.5.0
conftest.c: In function 'main':
conftest.c:17:7: error: 'thisisanerror' undeclared (first use in this function)
       thisisanerror;
       ^
conftest.c:17:7: note: each undeclared identifier is reported only once for each function it appears in
configure:4884: $? = 1
configure: failed program was:
| /* confdefs.h */
| #define PACKAGE_NAME "isl"
| #define PACKAGE_TARNAME "isl"
| #define PACKAGE_VERSION "0.16.1"
| #define PACKAGE_STRING "isl 0.16.1"
| #define PACKAGE_BUGREPORT "isl-development@googlegroups.com"
| #define PACKAGE_URL ""
| #define PACKAGE "isl"
| #define VERSION "0.16.1"
| /* end confdefs.h.  */
| 
| int
| main ()
| {
| 
| #if !(defined(__xlc__) || defined(__xlC__) || defined(__IBMC__) || defined(__IBMCPP__))
|       thisisanerror;
| #endif
| 
|   ;
|   return 0;
| }
configure:4884: gcc -c -g -O2  conftest.c >&5
gcc: warning: couldn't understand kern.osversion '15.5.0
conftest.c: In function 'main':
conftest.c:17:7: error: 'thisisanerror' undeclared (first use in this function)
       thisisanerror;
       ^
conftest.c:17:7: note: each undeclared identifier is reported only once for each function it appears in
configure:4884: $? = 1
configure: failed program was:
| /* confdefs.h */
| #define PACKAGE_NAME "isl"
| #define PACKAGE_TARNAME "isl"
| #define PACKAGE_VERSION "0.16.1"
| #define PACKAGE_STRING "isl 0.16.1"
| #define PACKAGE_BUGREPORT "isl-development@googlegroups.com"
| #define PACKAGE_URL ""
| #define PACKAGE "isl"
| #define VERSION "0.16.1"
| /* end confdefs.h.  */
| 
| int
| main ()
| {
| 
| #if !(defined(__PATHCC__) || defined(__PATHSCALE__))
|       thisisanerror;
| #endif
| 
|   ;
|   return 0;
| }
configure:4884: gcc -c -g -O2  conftest.c >&5
gcc: warning: couldn't understand kern.osversion '15.5.0
conftest.c: In function 'main':
conftest.c:17:7: error: 'thisisanerror' undeclared (first use in this function)
       thisisanerror;
       ^
conftest.c:17:7: note: each undeclared identifier is reported only once for each function it appears in
configure:4884: $? = 1
configure: failed program was:
| /* confdefs.h */
| #define PACKAGE_NAME "isl"
| #define PACKAGE_TARNAME "isl"
| #define PACKAGE_VERSION "0.16.1"
| #define PACKAGE_STRING "isl 0.16.1"
| #define PACKAGE_BUGREPORT "isl-development@googlegroups.com"
| #define PACKAGE_URL ""
| #define PACKAGE "isl"
| #define VERSION "0.16.1"
| /* end confdefs.h.  */
| 
| int
| main ()
| {
| 
| #if !(defined(__clang__))
|       thisisanerror;
| #endif
| 
|   ;
|   return 0;
| }
configure:4884: gcc -c -g -O2  conftest.c >&5
gcc: warning: couldn't understand kern.osversion '15.5.0
configure:4884: $? = 0
configure:4891: result: gnu
configure:4898: checking build system type
configure:4912: result: x86_64-apple-darwin15.5.0
configure:4932: checking host system type
configure:4945: result: x86_64-apple-darwin15.5.0
configure:5221: checking whether C compiler accepts -malign-double
configure:5240: gcc -c -malign-double  conftest.c >&5
gcc: warning: couldn't understand kern.osversion '15.5.0
configure:5240: $? = 0
configure:5250: result: yes
configure:5260: checking whether C compiler accepts -fstrict-aliasing
configure:5279: gcc -c -fstrict-aliasing  conftest.c >&5
gcc: warning: couldn't understand kern.osversion '15.5.0
configure:5279: $? = 0
configure:5289: result: yes
configure:5299: checking whether C compiler accepts -ffast-math
configure:5318: gcc -c -ffast-math  conftest.c >&5
gcc: warning: couldn't understand kern.osversion '15.5.0
configure:5318: $? = 0
configure:5328: result: yes
configure:5349: checking for gcc architecture flag
configure:5351: result: 
configure:5373: checking for x86 cpuid 0 output
configure:5402: gcc -o conftest -O3 -fomit-frame-pointer -malign-double -fstrict-aliasing -ffast-math   conftest.c  >&5
gcc: warning: couldn't understand kern.osversion '15.5.0
ld: warning: object file (/var/folders/j3/jbfdwjt54xn1pvw24hx69hg00000gn/T//ccm21iY0.o) was built for newer OSX version (10.11) than being linked (10.4)
configure:5402: $? = 0
configure:5402: ./conftest
configure:5402: $? = 0
configure:5412: result: d:756e6547:6c65746e:49656e69
configure:5428: checking for x86 cpuid 1 output
configure:5457: gcc -o conftest -O3 -fomit-frame-pointer -malign-double -fstrict-aliasing -ffast-math   conftest.c  >&5
gcc: warning: couldn't understand kern.osversion '15.5.0
ld: warning: object file (/var/folders/j3/jbfdwjt54xn1pvw24hx69hg00000gn/T//ccPafmVw.o) was built for newer OSX version (10.11) than being linked (10.4)
configure:5457: $? = 0
configure:5457: ./conftest
configure:5457: $? = 0
configure:5467: result: 306a9:100800:7fbae3ff:bfebfbff
configure:5681: checking whether C compiler accepts -march=pentium2
configure:5696: gcc -c -march=pentium2  conftest.c >&5
gcc: warning: couldn't understand kern.osversion '15.5.0
conftest.c:1:0: error: CPU you selected does not support x86-64 instruction set
 /* confdefs.h */
 ^
conftest.c:1:0: error: CPU you selected does not support x86-64 instruction set
configure:5696: $? = 1
configure: failed program was:
| /* confdefs.h */
| #define PACKAGE_NAME "isl"
| #define PACKAGE_TARNAME "isl"
| #define PACKAGE_VERSION "0.16.1"
| #define PACKAGE_STRING "isl 0.16.1"
| #define PACKAGE_BUGREPORT "isl-development@googlegroups.com"
| #define PACKAGE_URL ""
| #define PACKAGE "isl"
| #define VERSION "0.16.1"
| /* end confdefs.h.  */
| 
| int
| main ()
| {
| 
|   ;
|   return 0;
| }
configure:5704: result: no
configure:5681: checking whether C compiler accepts -mcpu=pentium2
configure:5696: gcc -c -mcpu=pentium2  conftest.c >&5
gcc: warning: couldn't understand kern.osversion '15.5.0
gcc: warning: '-mcpu=' is deprecated; use '-mtune=' or '-march=' instead
conftest.c:1:0: error: CPU you selected does not support x86-64 instruction set
 /* confdefs.h */
 ^
configure:5696: $? = 1
configure: failed program was:
| /* confdefs.h */
| #define PACKAGE_NAME "isl"
| #define PACKAGE_TARNAME "isl"
| #define PACKAGE_VERSION "0.16.1"
| #define PACKAGE_STRING "isl 0.16.1"
| #define PACKAGE_BUGREPORT "isl-development@googlegroups.com"
| #define PACKAGE_URL ""
| #define PACKAGE "isl"
| #define VERSION "0.16.1"
| /* end confdefs.h.  */
| 
| int
| main ()
| {
| 
|   ;
|   return 0;
| }
configure:5704: result: no
configure:5681: checking whether C compiler accepts -mpentium2
configure:5696: gcc -c -mpentium2  conftest.c >&5
gcc: warning: couldn't understand kern.osversion '15.5.0
gcc: error: unrecognized command line option '-mpentium2'
configure:5696: $? = 1
configure: failed program was:
| /* confdefs.h */
| #define PACKAGE_NAME "isl"
| #define PACKAGE_TARNAME "isl"
| #define PACKAGE_VERSION "0.16.1"
| #define PACKAGE_STRING "isl 0.16.1"
| #define PACKAGE_BUGREPORT "isl-development@googlegroups.com"
| #define PACKAGE_URL ""
| #define PACKAGE "isl"
| #define VERSION "0.16.1"
| /* end confdefs.h.  */
| 
| int
| main ()
| {
| 
|   ;
|   return 0;
| }
configure:5704: result: no
configure:5681: checking whether C compiler accepts -march=pentiumpro
configure:5696: gcc -c -march=pentiumpro  conftest.c >&5
gcc: warning: couldn't understand kern.osversion '15.5.0
conftest.c:1:0: error: CPU you selected does not support x86-64 instruction set
 /* confdefs.h */
 ^
conftest.c:1:0: error: CPU you selected does not support x86-64 instruction set
configure:5696: $? = 1
configure: failed program was:
| /* confdefs.h */
| #define PACKAGE_NAME "isl"
| #define PACKAGE_TARNAME "isl"
| #define PACKAGE_VERSION "0.16.1"
| #define PACKAGE_STRING "isl 0.16.1"
| #define PACKAGE_BUGREPORT "isl-development@googlegroups.com"
| #define PACKAGE_URL ""
| #define PACKAGE "isl"
| #define VERSION "0.16.1"
| /* end confdefs.h.  */
| 
| int
| main ()
| {
| 
|   ;
|   return 0;
| }
configure:5704: result: no
configure:5681: checking whether C compiler accepts -mcpu=pentiumpro
configure:5696: gcc -c -mcpu=pentiumpro  conftest.c >&5
gcc: warning: couldn't understand kern.osversion '15.5.0
gcc: warning: '-mcpu=' is deprecated; use '-mtune=' or '-march=' instead
conftest.c:1:0: error: CPU you selected does not support x86-64 instruction set
 /* confdefs.h */
 ^
configure:5696: $? = 1
configure: failed program was:
| /* confdefs.h */
| #define PACKAGE_NAME "isl"
| #define PACKAGE_TARNAME "isl"
| #define PACKAGE_VERSION "0.16.1"
| #define PACKAGE_STRING "isl 0.16.1"
| #define PACKAGE_BUGREPORT "isl-development@googlegroups.com"
| #define PACKAGE_URL ""
| #define PACKAGE "isl"
| #define VERSION "0.16.1"
| /* end confdefs.h.  */
| 
| int
| main ()
| {
| 
|   ;
|   return 0;
| }
configure:5704: result: no
configure:5681: checking whether C compiler accepts -mpentiumpro
configure:5696: gcc -c -mpentiumpro  conftest.c >&5
gcc: warning: couldn't understand kern.osversion '15.5.0
gcc: error: unrecognized command line option '-mpentiumpro'
configure:5696: $? = 1
configure: failed program was:
| /* confdefs.h */
| #define PACKAGE_NAME "isl"
| #define PACKAGE_TARNAME "isl"
| #define PACKAGE_VERSION "0.16.1"
| #define PACKAGE_STRING "isl 0.16.1"
| #define PACKAGE_BUGREPORT "isl-development@googlegroups.com"
| #define PACKAGE_URL ""
| #define PACKAGE "isl"
| #define VERSION "0.16.1"
| /* end confdefs.h.  */
| 
| int
| main ()
| {
| 
|   ;
|   return 0;
| }
configure:5704: result: no
configure:5721: checking for gcc architecture flag
configure:5723: result: unknown
configure:5755: checking whether C compiler accepts -O3 -fomit-frame-pointer -malign-double -fstrict-aliasing -ffast-math
configure:5770: gcc -c -O3 -fomit-frame-pointer -malign-double -fstrict-aliasing -ffast-math  conftest.c >&5
gcc: warning: couldn't understand kern.osversion '15.5.0
configure:5770: $? = 0
configure:5778: result: yes
configure:5798: checking whether the compiler supports function __attribute__((__warn_unused_result__))
configure:5816: gcc -c -O3 -fomit-frame-pointer -malign-double -fstrict-aliasing -ffast-math  conftest.c >&5
gcc: warning: couldn't understand kern.osversion '15.5.0
configure:5816: $? = 0
configure:5823: result: yes
configure:5832: checking for __attribute__
configure:5854: gcc -c -O3 -fomit-frame-pointer -malign-double -fstrict-aliasing -ffast-math  conftest.c >&5
gcc: warning: couldn't understand kern.osversion '15.5.0
configure:5854: $? = 0
configure:5863: result: yes
configure:5918: checking how to print strings
configure:5945: result: printf
configure:5966: checking for a sed that does not truncate output
configure:6030: result: /usr/bin/sed
configure:6048: checking for grep that handles long lines and -e
configure:6106: result: /usr/bin/grep
configure:6111: checking for egrep
configure:6173: result: /usr/bin/grep -E
configure:6178: checking for fgrep
configure:6240: result: /usr/bin/grep -F
configure:6275: checking for ld used by gcc
gcc: warning: couldn't understand kern.osversion '15.5.0
configure:6342: result: /usr/bin/ld
configure:6349: checking if the linker (/usr/bin/ld) is GNU ld
configure:6364: result: no
configure:6376: checking for BSD- or MS-compatible name lister (nm)
configure:6425: result: /usr/bin/nm -B
configure:6555: checking the name lister (/usr/bin/nm -B) interface
configure:6562: gcc -c -O3 -fomit-frame-pointer -malign-double -fstrict-aliasing -ffast-math  conftest.c >&5
gcc: warning: couldn't understand kern.osversion '15.5.0
configure:6565: /usr/bin/nm -B "conftest.o"
configure:6568: output
0000000000000000 S _some_variable
configure:6575: result: BSD nm
configure:6578: checking whether ln -s works
configure:6582: result: yes
configure:6590: checking the maximum length of command line arguments
configure:6721: result: 196608
configure:6769: checking how to convert x86_64-apple-darwin15.5.0 file names to x86_64-apple-darwin15.5.0 format
configure:6809: result: func_convert_file_noop
configure:6816: checking how to convert x86_64-apple-darwin15.5.0 file names to toolchain format
configure:6836: result: func_convert_file_noop
configure:6843: checking for /usr/bin/ld option to reload object files
configure:6850: result: -r
configure:6924: checking for objdump
configure:6954: result: no
configure:6983: checking how to recognize dependent libraries
configure:7180: result: pass_all
configure:7265: checking for dlltool
configure:7295: result: no
configure:7325: checking how to associate runtime and link libraries
configure:7352: result: printf %s\n
configure:7412: checking for ar
configure:7428: found /usr/bin/ar
configure:7439: result: ar
configure:7476: checking for archiver @FILE support
configure:7493: gcc -c -O3 -fomit-frame-pointer -malign-double -fstrict-aliasing -ffast-math  conftest.c >&5
gcc: warning: couldn't understand kern.osversion '15.5.0
configure:7493: $? = 0
configure:7496: ar cru libconftest.a @conftest.lst >&5
ar: @conftest.lst: No such file or directory
configure:7499: $? = 1
configure:7519: result: no
configure:7577: checking for strip
configure:7593: found /usr/bin/strip
configure:7604: result: strip
configure:7676: checking for ranlib
configure:7692: found /usr/bin/ranlib
configure:7703: result: ranlib
configure:7805: checking command to parse /usr/bin/nm -B output from gcc object
configure:7958: gcc -c -O3 -fomit-frame-pointer -malign-double -fstrict-aliasing -ffast-math  conftest.c >&5
gcc: warning: couldn't understand kern.osversion '15.5.0
configure:7961: $? = 0
configure:7965: /usr/bin/nm -B conftest.o \| sed -n -e 's/^.*[ ]\([BCDEGRST][BCDEGRST]*\)[ ][ ]*\([_A-Za-z][_A-Za-z0-9]*\)$/\1 \2 \2/p' | sed '/ __gnu_lto/d' \> conftest.nm
configure:7968: $? = 0
cannot find nm_test_var in conftest.nm
configure:7958: gcc -c -O3 -fomit-frame-pointer -malign-double -fstrict-aliasing -ffast-math  conftest.c >&5
gcc: warning: couldn't understand kern.osversion '15.5.0
configure:7961: $? = 0
configure:7965: /usr/bin/nm -B conftest.o \| sed -n -e 's/^.*[ ]\([BCDEGRST][BCDEGRST]*\)[ ][ ]*_\([_A-Za-z][_A-Za-z0-9]*\)$/\1 _\2 \2/p' | sed '/ __gnu_lto/d' \> conftest.nm
configure:7968: $? = 0
configure:8034: gcc -o conftest -O3 -fomit-frame-pointer -malign-double -fstrict-aliasing -ffast-math   conftest.c conftstm.o >&5
gcc: warning: couldn't understand kern.osversion '15.5.0
ld: warning: object file (/var/folders/j3/jbfdwjt54xn1pvw24hx69hg00000gn/T//ccY2mJ8x.o) was built for newer OSX version (10.11) than being linked (10.4)ld: warning: 
object file (conftstm.o) was built for newer OSX version (10.11) than being linked (10.4)
configure:8037: $? = 0
configure:8075: result: ok
configure:8122: checking for sysroot
configure:8152: result: no
configure:8465: checking for mt
configure:8495: result: no
configure:8515: checking if : is a manifest tool
configure:8521: : '-?'
configure:8529: result: no
configure:8585: checking for dsymutil
configure:8601: found /usr/bin/dsymutil
configure:8612: result: dsymutil
configure:8677: checking for nmedit
configure:8693: found /usr/bin/nmedit
configure:8704: result: nmedit
configure:8769: checking for lipo
configure:8785: found /usr/bin/lipo
configure:8796: result: lipo
configure:8861: checking for otool
configure:8877: found /usr/bin/otool
configure:8888: result: otool
configure:8953: checking for otool64
configure:8983: result: no
configure:9028: checking for -single_module linker flag
gcc -O3 -fomit-frame-pointer -malign-double -fstrict-aliasing -ffast-math  -o libconftest.dylib -dynamiclib -Wl,-single_module conftest.c
configure:9061: result: yes
configure:9064: checking for -exported_symbols_list linker flag
configure:9084: gcc -o conftest -O3 -fomit-frame-pointer -malign-double -fstrict-aliasing -ffast-math   -Wl,-exported_symbols_list,conftest.sym conftest.c  >&5
gcc: warning: couldn't understand kern.osversion '15.5.0
ld: warning: object file (/var/folders/j3/jbfdwjt54xn1pvw24hx69hg00000gn/T//ccqvvXmd.o) was built for newer OSX version (10.11) than being linked (10.4)
configure:9084: $? = 0
configure:9094: result: yes
configure:9097: checking for -force_load linker flag
gcc -O3 -fomit-frame-pointer -malign-double -fstrict-aliasing -ffast-math -c -o conftest.o conftest.c
gcc: warning: couldn't understand kern.osversion '15.5.0
ar cru libconftest.a conftest.o
ranlib libconftest.a
gcc -O3 -fomit-frame-pointer -malign-double -fstrict-aliasing -ffast-math  -o conftest conftest.c -Wl,-force_load,./libconftest.a
configure:9129: result: yes
configure:9171: checking how to run the C preprocessor
configure:9202: gcc -E  conftest.c
gcc: warning: couldn't understand kern.osversion '15.5.0
configure:9202: $? = 0
configure:9216: gcc -E  conftest.c
gcc: warning: couldn't understand kern.osversion '15.5.0
conftest.c:13:28: fatal error: ac_nonexistent.h: No such file or directory
 #include <ac_nonexistent.h>
                            ^
compilation terminated.
configure:9216: $? = 1
configure: failed program was:
| /* confdefs.h */
| #define PACKAGE_NAME "isl"
| #define PACKAGE_TARNAME "isl"
| #define PACKAGE_VERSION "0.16.1"
| #define PACKAGE_STRING "isl 0.16.1"
| #define PACKAGE_BUGREPORT "isl-development@googlegroups.com"
| #define PACKAGE_URL ""
| #define PACKAGE "isl"
| #define VERSION "0.16.1"
| #define GCC_WARN_UNUSED_RESULT __attribute__((__warn_unused_result__))
| #define HAVE___ATTRIBUTE__ 1
| /* end confdefs.h.  */
| #include <ac_nonexistent.h>
configure:9241: result: gcc -E
configure:9261: gcc -E  conftest.c
gcc: warning: couldn't understand kern.osversion '15.5.0
configure:9261: $? = 0
configure:9275: gcc -E  conftest.c
gcc: warning: couldn't understand kern.osversion '15.5.0
conftest.c:13:28: fatal error: ac_nonexistent.h: No such file or directory
 #include <ac_nonexistent.h>
                            ^
compilation terminated.
configure:9275: $? = 1
configure: failed program was:
| /* confdefs.h */
| #define PACKAGE_NAME "isl"
| #define PACKAGE_TARNAME "isl"
| #define PACKAGE_VERSION "0.16.1"
| #define PACKAGE_STRING "isl 0.16.1"
| #define PACKAGE_BUGREPORT "isl-development@googlegroups.com"
| #define PACKAGE_URL ""
| #define PACKAGE "isl"
| #define VERSION "0.16.1"
| #define GCC_WARN_UNUSED_RESULT __attribute__((__warn_unused_result__))
| #define HAVE___ATTRIBUTE__ 1
| /* end confdefs.h.  */
| #include <ac_nonexistent.h>
configure:9304: checking for ANSI C header files
configure:9324: gcc -c -O3 -fomit-frame-pointer -malign-double -fstrict-aliasing -ffast-math  conftest.c >&5
gcc: warning: couldn't understand kern.osversion '15.5.0
configure:9324: $? = 0
gcc: warning: couldn't understand kern.osversion '15.5.0
gcc: warning: couldn't understand kern.osversion '15.5.0
configure:9397: gcc -o conftest -O3 -fomit-frame-pointer -malign-double -fstrict-aliasing -ffast-math   conftest.c  >&5
gcc: warning: couldn't understand kern.osversion '15.5.0
ld: warning: object file (/var/folders/j3/jbfdwjt54xn1pvw24hx69hg00000gn/T//cc79O2yE.o) was built for newer OSX version (10.11) than being linked (10.4)
configure:9397: $? = 0
configure:9397: ./conftest
configure:9397: $? = 0
configure:9408: result: yes
configure:9421: checking for sys/types.h
configure:9421: gcc -c -O3 -fomit-frame-pointer -malign-double -fstrict-aliasing -ffast-math  conftest.c >&5
gcc: warning: couldn't understand kern.osversion '15.5.0
configure:9421: $? = 0
configure:9421: result: yes
configure:9421: checking for sys/stat.h
configure:9421: gcc -c -O3 -fomit-frame-pointer -malign-double -fstrict-aliasing -ffast-math  conftest.c >&5
gcc: warning: couldn't understand kern.osversion '15.5.0
configure:9421: $? = 0
configure:9421: result: yes
configure:9421: checking for stdlib.h
configure:9421: gcc -c -O3 -fomit-frame-pointer -malign-double -fstrict-aliasing -ffast-math  conftest.c >&5
gcc: warning: couldn't understand kern.osversion '15.5.0
configure:9421: $? = 0
configure:9421: result: yes
configure:9421: checking for string.h
configure:9421: gcc -c -O3 -fomit-frame-pointer -malign-double -fstrict-aliasing -ffast-math  conftest.c >&5
gcc: warning: couldn't understand kern.osversion '15.5.0
configure:9421: $? = 0
configure:9421: result: yes
configure:9421: checking for memory.h
configure:9421: gcc -c -O3 -fomit-frame-pointer -malign-double -fstrict-aliasing -ffast-math  conftest.c >&5
gcc: warning: couldn't understand kern.osversion '15.5.0
configure:9421: $? = 0
configure:9421: result: yes
configure:9421: checking for strings.h
configure:9421: gcc -c -O3 -fomit-frame-pointer -malign-double -fstrict-aliasing -ffast-math  conftest.c >&5
gcc: warning: couldn't understand kern.osversion '15.5.0
configure:9421: $? = 0
configure:9421: result: yes
configure:9421: checking for inttypes.h
configure:9421: gcc -c -O3 -fomit-frame-pointer -malign-double -fstrict-aliasing -ffast-math  conftest.c >&5
gcc: warning: couldn't understand kern.osversion '15.5.0
configure:9421: $? = 0
configure:9421: result: yes
configure:9421: checking for stdint.h
configure:9421: gcc -c -O3 -fomit-frame-pointer -malign-double -fstrict-aliasing -ffast-math  conftest.c >&5
gcc: warning: couldn't understand kern.osversion '15.5.0
configure:9421: $? = 0
configure:9421: result: yes
configure:9421: checking for unistd.h
configure:9421: gcc -c -O3 -fomit-frame-pointer -malign-double -fstrict-aliasing -ffast-math  conftest.c >&5
gcc: warning: couldn't understand kern.osversion '15.5.0
configure:9421: $? = 0
configure:9421: result: yes
configure:9435: checking for dlfcn.h
configure:9435: gcc -c -O3 -fomit-frame-pointer -malign-double -fstrict-aliasing -ffast-math  conftest.c >&5
gcc: warning: couldn't understand kern.osversion '15.5.0
configure:9435: $? = 0
configure:9435: result: yes
configure:9650: checking for objdir
configure:9665: result: .libs
configure:9936: checking if gcc supports -fno-rtti -fno-exceptions
configure:9954: gcc -c -O3 -fomit-frame-pointer -malign-double -fstrict-aliasing -ffast-math  -fno-rtti -fno-exceptions conftest.c >&5
gcc: warning: couldn't understand kern.osversion '15.5.0
cc1: warning: command line option '-fno-rtti' is valid for C++/ObjC++ but not for C
configure:9958: $? = 0
configure:9971: result: no
configure:10319: checking for gcc option to produce PIC
configure:10326: result: -fno-common -DPIC
configure:10334: checking if gcc PIC flag -fno-common -DPIC works
configure:10352: gcc -c -O3 -fomit-frame-pointer -malign-double -fstrict-aliasing -ffast-math  -fno-common -DPIC -DPIC conftest.c >&5
gcc: warning: couldn't understand kern.osversion '15.5.0
configure:10356: $? = 0
configure:10369: result: yes
configure:10398: checking if gcc static flag -static works
configure:10426: result: no
configure:10441: checking if gcc supports -c -o file.o
configure:10462: gcc -c -O3 -fomit-frame-pointer -malign-double -fstrict-aliasing -ffast-math  -o out/conftest2.o conftest.c >&5
gcc: warning: couldn't understand kern.osversion '15.5.0
configure:10466: $? = 0
configure:10488: result: yes
configure:10496: checking if gcc supports -c -o file.o
configure:10543: result: yes
configure:10576: checking whether the gcc linker (/usr/bin/ld) supports shared libraries
configure:11724: result: yes
configure:11964: checking dynamic linker characteristics
configure:12702: result: darwin15.5.0 dyld
configure:12809: checking how to hardcode library paths into programs
configure:12834: result: immediate
configure:13382: checking whether stripping libraries is possible
configure:13396: result: yes
configure:13422: checking if libtool supports shared libraries
configure:13424: result: yes
configure:13427: checking whether to build shared libraries
configure:13448: result: yes
configure:13451: checking whether to build static libraries
configure:13455: result: yes
configure:13478: checking how to run the C++ preprocessor
configure:13505: g++ -E  conftest.cpp
g++: warning: couldn't understand kern.osversion '15.5.0
configure:13505: $? = 0
configure:13519: g++ -E  conftest.cpp
g++: warning: couldn't understand kern.osversion '15.5.0
conftest.cpp:25:28: fatal error: ac_nonexistent.h: No such file or directory
 #include <ac_nonexistent.h>
                            ^
compilation terminated.
configure:13519: $? = 1
configure: failed program was:
| /* confdefs.h */
| #define PACKAGE_NAME "isl"
| #define PACKAGE_TARNAME "isl"
| #define PACKAGE_VERSION "0.16.1"
| #define PACKAGE_STRING "isl 0.16.1"
| #define PACKAGE_BUGREPORT "isl-development@googlegroups.com"
| #define PACKAGE_URL ""
| #define PACKAGE "isl"
| #define VERSION "0.16.1"
| #define GCC_WARN_UNUSED_RESULT __attribute__((__warn_unused_result__))
| #define HAVE___ATTRIBUTE__ 1
| #define STDC_HEADERS 1
| #define HAVE_SYS_TYPES_H 1
| #define HAVE_SYS_STAT_H 1
| #define HAVE_STDLIB_H 1
| #define HAVE_STRING_H 1
| #define HAVE_MEMORY_H 1
| #define HAVE_STRINGS_H 1
| #define HAVE_INTTYPES_H 1
| #define HAVE_STDINT_H 1
| #define HAVE_UNISTD_H 1
| #define HAVE_DLFCN_H 1
| #define LT_OBJDIR ".libs/"
| /* end confdefs.h.  */
| #include <ac_nonexistent.h>
configure:13544: result: g++ -E
configure:13564: g++ -E  conftest.cpp
g++: warning: couldn't understand kern.osversion '15.5.0
configure:13564: $? = 0
configure:13578: g++ -E  conftest.cpp
g++: warning: couldn't understand kern.osversion '15.5.0
conftest.cpp:25:28: fatal error: ac_nonexistent.h: No such file or directory
 #include <ac_nonexistent.h>
                            ^
compilation terminated.
configure:13578: $? = 1
configure: failed program was:
| /* confdefs.h */
| #define PACKAGE_NAME "isl"
| #define PACKAGE_TARNAME "isl"
| #define PACKAGE_VERSION "0.16.1"
| #define PACKAGE_STRING "isl 0.16.1"
| #define PACKAGE_BUGREPORT "isl-development@googlegroups.com"
| #define PACKAGE_URL ""
| #define PACKAGE "isl"
| #define VERSION "0.16.1"
| #define GCC_WARN_UNUSED_RESULT __attribute__((__warn_unused_result__))
| #define HAVE___ATTRIBUTE__ 1
| #define STDC_HEADERS 1
| #define HAVE_SYS_TYPES_H 1
| #define HAVE_SYS_STAT_H 1
| #define HAVE_STDLIB_H 1
| #define HAVE_STRING_H 1
| #define HAVE_MEMORY_H 1
| #define HAVE_STRINGS_H 1
| #define HAVE_INTTYPES_H 1
| #define HAVE_STDINT_H 1
| #define HAVE_UNISTD_H 1
| #define HAVE_DLFCN_H 1
| #define LT_OBJDIR ".libs/"
| /* end confdefs.h.  */
| #include <ac_nonexistent.h>
configure:13747: checking for ld used by g++
g++: warning: couldn't understand kern.osversion '15.5.0
configure:13814: result: /usr/bin/ld
configure:13821: checking if the linker (/usr/bin/ld) is GNU ld
configure:13836: result: no
configure:13891: checking whether the g++ linker (/usr/bin/ld) supports shared libraries
configure:14889: result: yes
configure:14925: g++ -c -g -O2  conftest.cpp >&5
g++: warning: couldn't understand kern.osversion '15.5.0
configure:14928: $? = 0
configure:15449: checking for g++ option to produce PIC
configure:15456: result: -fno-common -DPIC
configure:15464: checking if g++ PIC flag -fno-common -DPIC works
configure:15482: g++ -c -g -O2  -fno-common -DPIC -DPIC conftest.cpp >&5
g++: warning: couldn't understand kern.osversion '15.5.0
configure:15486: $? = 0
configure:15499: result: yes
configure:15522: checking if g++ static flag -static works
configure:15550: result: no
configure:15562: checking if g++ supports -c -o file.o
configure:15583: g++ -c -g -O2  -o out/conftest2.o conftest.cpp >&5
g++: warning: couldn't understand kern.osversion '15.5.0
configure:15587: $? = 0
configure:15609: result: yes
configure:15614: checking if g++ supports -c -o file.o
configure:15661: result: yes
configure:15691: checking whether the g++ linker (/usr/bin/ld) supports shared libraries
configure:15727: result: yes
configure:15868: checking dynamic linker characteristics
configure:16533: result: darwin15.5.0 dyld
configure:16586: checking how to hardcode library paths into programs
configure:16611: result: immediate
configure:16675: checking for perl
configure:16691: found /usr/bin/perl
configure:16702: result: perl
configure:16712: checking for pdflatex
configure:16742: result: no
configure:16749: checking for pod2html
configure:16765: found /usr/bin/pod2html
configure:16776: result: pod2html
configure:16795: checking for stdint types
configure:16818: gcc -c   conftest.c >&5
gcc: warning: couldn't understand kern.osversion '15.5.0
configure:16818: $? = 0
configure:16862: result: stdint.h (shortcircuit)
configure:17249: result: make use of stdint.h in include/isl/stdint.h (assuming C99 compatible system)
configure:17363: checking which gmp to use
configure:17365: result: system
configure:17383: checking gmp.h usability
configure:17383: gcc -c -O3 -fomit-frame-pointer -malign-double -fstrict-aliasing -ffast-math -I/usr/local/gcc-6.1.0/include  conftest.c >&5
gcc: warning: couldn't understand kern.osversion '15.5.0
configure:17383: $? = 0
configure:17383: result: yes
configure:17383: checking gmp.h presence
configure:17383: gcc -E -I/usr/local/gcc-6.1.0/include  conftest.c
gcc: warning: couldn't understand kern.osversion '15.5.0
configure:17383: $? = 0
configure:17383: result: yes
configure:17383: checking for gmp.h
configure:17383: result: yes
configure:17391: checking for main in -lgmp
configure:17410: gcc -o conftest -O3 -fomit-frame-pointer -malign-double -fstrict-aliasing -ffast-math -I/usr/local/gcc-6.1.0/include  -L/usr/local/gcc-6.1.0/lib  conftest.c -lgmp  -lgmp  >&5
gcc: warning: couldn't understand kern.osversion '15.5.0
ld: warning: object file (/var/folders/j3/jbfdwjt54xn1pvw24hx69hg00000gn/T//ccghCcjU.o) was built for newer OSX version (10.11) than being linked (10.4)
configure:17410: $? = 0
configure:17419: result: yes
configure:17447: gcc -o conftest -O3 -fomit-frame-pointer -malign-double -fstrict-aliasing -ffast-math -I/usr/local/gcc-6.1.0/include  -L/usr/local/gcc-6.1.0/lib  conftest.c -lgmp -lgmp  >&5
gcc: warning: couldn't understand kern.osversion '15.5.0
ld: warning: object file (/var/folders/j3/jbfdwjt54xn1pvw24hx69hg00000gn/T//ccppAUXW.o) was built for newer OSX version (10.11) than being linked (10.4)
configure:17447: $? = 0
configure:17470: checking whether mp_get_memory_functions is declared
configure:17470: gcc -c -O3 -fomit-frame-pointer -malign-double -fstrict-aliasing -ffast-math -I/usr/local/gcc-6.1.0/include  conftest.c >&5
gcc: warning: couldn't understand kern.osversion '15.5.0
configure:17470: $? = 0
configure:17470: result: yes
configure:17580: checking whether ffs is declared
configure:17580: gcc -c -O3 -fomit-frame-pointer -malign-double -fstrict-aliasing -ffast-math  conftest.c >&5
gcc: warning: couldn't understand kern.osversion '15.5.0
configure:17580: $? = 0
configure:17580: result: yes
configure:17592: checking whether __builtin_ffs is declared
configure:17592: gcc -c -O3 -fomit-frame-pointer -malign-double -fstrict-aliasing -ffast-math  conftest.c >&5
gcc: warning: couldn't understand kern.osversion '15.5.0
configure:17592: $? = 0
configure:17592: result: yes
configure:17603: checking whether _BitScanForward is declared
configure:17603: gcc -c -O3 -fomit-frame-pointer -malign-double -fstrict-aliasing -ffast-math  conftest.c >&5
gcc: warning: couldn't understand kern.osversion '15.5.0
conftest.c:30:20: fatal error: intrin.h: No such file or directory
 #include <intrin.h>
                    ^
compilation terminated.
configure:17603: $? = 1
configure: failed program was:
| /* confdefs.h */
| #define PACKAGE_NAME "isl"
| #define PACKAGE_TARNAME "isl"
| #define PACKAGE_VERSION "0.16.1"
| #define PACKAGE_STRING "isl 0.16.1"
| #define PACKAGE_BUGREPORT "isl-development@googlegroups.com"
| #define PACKAGE_URL ""
| #define PACKAGE "isl"
| #define VERSION "0.16.1"
| #define GCC_WARN_UNUSED_RESULT __attribute__((__warn_unused_result__))
| #define HAVE___ATTRIBUTE__ 1
| #define STDC_HEADERS 1
| #define HAVE_SYS_TYPES_H 1
| #define HAVE_SYS_STAT_H 1
| #define HAVE_STDLIB_H 1
| #define HAVE_STRING_H 1
| #define HAVE_MEMORY_H 1
| #define HAVE_STRINGS_H 1
| #define HAVE_INTTYPES_H 1
| #define HAVE_STDINT_H 1
| #define HAVE_UNISTD_H 1
| #define HAVE_DLFCN_H 1
| #define LT_OBJDIR ".libs/"
| #define USE_GMP_FOR_MP /**/
| #define HAVE_LIBGMP 1
| #define HAVE_DECL_MP_GET_MEMORY_FUNCTIONS 1
| #define HAVE_DECL_FFS 1
| #define HAVE_DECL___BUILTIN_FFS 1
| /* end confdefs.h.  */
| #include <intrin.h>
| 
| int
| main ()
| {
| #ifndef _BitScanForward
| #ifdef __cplusplus
|   (void) _BitScanForward;
| #else
|   (void) _BitScanForward;
| #endif
| #endif
| 
|   ;
|   return 0;
| }
configure:17603: result: no
configure:17620: checking whether strcasecmp is declared
configure:17620: gcc -c -O3 -fomit-frame-pointer -malign-double -fstrict-aliasing -ffast-math  conftest.c >&5
gcc: warning: couldn't understand kern.osversion '15.5.0
configure:17620: $? = 0
configure:17620: result: yes
configure:17631: checking whether strncasecmp is declared
configure:17631: gcc -c -O3 -fomit-frame-pointer -malign-double -fstrict-aliasing -ffast-math  conftest.c >&5
gcc: warning: couldn't understand kern.osversion '15.5.0
configure:17631: $? = 0
configure:17631: result: yes
configure:17643: checking whether _stricmp is declared
configure:17643: gcc -c -O3 -fomit-frame-pointer -malign-double -fstrict-aliasing -ffast-math  conftest.c >&5
gcc: warning: couldn't understand kern.osversion '15.5.0
conftest.c: In function 'main':
conftest.c:42:10: error: '_stricmp' undeclared (first use in this function)
   (void) _stricmp;
          ^
conftest.c:42:10: note: each undeclared identifier is reported only once for each function it appears in
configure:17643: $? = 1
configure: failed program was:
| /* confdefs.h */
| #define PACKAGE_NAME "isl"
| #define PACKAGE_TARNAME "isl"
| #define PACKAGE_VERSION "0.16.1"
| #define PACKAGE_STRING "isl 0.16.1"
| #define PACKAGE_BUGREPORT "isl-development@googlegroups.com"
| #define PACKAGE_URL ""
| #define PACKAGE "isl"
| #define VERSION "0.16.1"
| #define GCC_WARN_UNUSED_RESULT __attribute__((__warn_unused_result__))
| #define HAVE___ATTRIBUTE__ 1
| #define STDC_HEADERS 1
| #define HAVE_SYS_TYPES_H 1
| #define HAVE_SYS_STAT_H 1
| #define HAVE_STDLIB_H 1
| #define HAVE_STRING_H 1
| #define HAVE_MEMORY_H 1
| #define HAVE_STRINGS_H 1
| #define HAVE_INTTYPES_H 1
| #define HAVE_STDINT_H 1
| #define HAVE_UNISTD_H 1
| #define HAVE_DLFCN_H 1
| #define LT_OBJDIR ".libs/"
| #define USE_GMP_FOR_MP /**/
| #define HAVE_LIBGMP 1
| #define HAVE_DECL_MP_GET_MEMORY_FUNCTIONS 1
| #define HAVE_DECL_FFS 1
| #define HAVE_DECL___BUILTIN_FFS 1
| #define HAVE_DECL__BITSCANFORWARD 0
| #define HAVE_DECL_STRCASECMP 1
| #define HAVE_DECL_STRNCASECMP 1
| /* end confdefs.h.  */
| #include <string.h>
| 
| int
| main ()
| {
| #ifndef _stricmp
| #ifdef __cplusplus
|   (void) _stricmp;
| #else
|   (void) _stricmp;
| #endif
| #endif
| 
|   ;
|   return 0;
| }
configure:17643: result: no
configure:17654: checking whether _strnicmp is declared
configure:17654: gcc -c -O3 -fomit-frame-pointer -malign-double -fstrict-aliasing -ffast-math  conftest.c >&5
gcc: warning: couldn't understand kern.osversion '15.5.0
conftest.c: In function 'main':
conftest.c:43:10: error: '_strnicmp' undeclared (first use in this function)
   (void) _strnicmp;
          ^
conftest.c:43:10: note: each undeclared identifier is reported only once for each function it appears in
configure:17654: $? = 1
configure: failed program was:
| /* confdefs.h */
| #define PACKAGE_NAME "isl"
| #define PACKAGE_TARNAME "isl"
| #define PACKAGE_VERSION "0.16.1"
| #define PACKAGE_STRING "isl 0.16.1"
| #define PACKAGE_BUGREPORT "isl-development@googlegroups.com"
| #define PACKAGE_URL ""
| #define PACKAGE "isl"
| #define VERSION "0.16.1"
| #define GCC_WARN_UNUSED_RESULT __attribute__((__warn_unused_result__))
| #define HAVE___ATTRIBUTE__ 1
| #define STDC_HEADERS 1
| #define HAVE_SYS_TYPES_H 1
| #define HAVE_SYS_STAT_H 1
| #define HAVE_STDLIB_H 1
| #define HAVE_STRING_H 1
| #define HAVE_MEMORY_H 1
| #define HAVE_STRINGS_H 1
| #define HAVE_INTTYPES_H 1
| #define HAVE_STDINT_H 1
| #define HAVE_UNISTD_H 1
| #define HAVE_DLFCN_H 1
| #define LT_OBJDIR ".libs/"
| #define USE_GMP_FOR_MP /**/
| #define HAVE_LIBGMP 1
| #define HAVE_DECL_MP_GET_MEMORY_FUNCTIONS 1
| #define HAVE_DECL_FFS 1
| #define HAVE_DECL___BUILTIN_FFS 1
| #define HAVE_DECL__BITSCANFORWARD 0
| #define HAVE_DECL_STRCASECMP 1
| #define HAVE_DECL_STRNCASECMP 1
| #define HAVE_DECL__STRICMP 0
| /* end confdefs.h.  */
| #include <string.h>
| 
| int
| main ()
| {
| #ifndef _strnicmp
| #ifdef __cplusplus
|   (void) _strnicmp;
| #else
|   (void) _strnicmp;
| #endif
| #endif
| 
|   ;
|   return 0;
| }
configure:17654: result: no
configure:17674: checking whether snprintf is declared
configure:17674: gcc -c -O3 -fomit-frame-pointer -malign-double -fstrict-aliasing -ffast-math  conftest.c >&5
gcc: warning: couldn't understand kern.osversion '15.5.0
configure:17674: $? = 0
configure:17674: result: yes
configure:17685: checking whether _snprintf is declared
configure:17685: gcc -c -O3 -fomit-frame-pointer -malign-double -fstrict-aliasing -ffast-math  conftest.c >&5
gcc: warning: couldn't understand kern.osversion '15.5.0
conftest.c: In function 'main':
conftest.c:45:10: error: '_snprintf' undeclared (first use in this function)
   (void) _snprintf;
          ^
conftest.c:45:10: note: each undeclared identifier is reported only once for each function it appears in
configure:17685: $? = 1
configure: failed program was:
| /* confdefs.h */
| #define PACKAGE_NAME "isl"
| #define PACKAGE_TARNAME "isl"
| #define PACKAGE_VERSION "0.16.1"
| #define PACKAGE_STRING "isl 0.16.1"
| #define PACKAGE_BUGREPORT "isl-development@googlegroups.com"
| #define PACKAGE_URL ""
| #define PACKAGE "isl"
| #define VERSION "0.16.1"
| #define GCC_WARN_UNUSED_RESULT __attribute__((__warn_unused_result__))
| #define HAVE___ATTRIBUTE__ 1
| #define STDC_HEADERS 1
| #define HAVE_SYS_TYPES_H 1
| #define HAVE_SYS_STAT_H 1
| #define HAVE_STDLIB_H 1
| #define HAVE_STRING_H 1
| #define HAVE_MEMORY_H 1
| #define HAVE_STRINGS_H 1
| #define HAVE_INTTYPES_H 1
| #define HAVE_STDINT_H 1
| #define HAVE_UNISTD_H 1
| #define HAVE_DLFCN_H 1
| #define LT_OBJDIR ".libs/"
| #define USE_GMP_FOR_MP /**/
| #define HAVE_LIBGMP 1
| #define HAVE_DECL_MP_GET_MEMORY_FUNCTIONS 1
| #define HAVE_DECL_FFS 1
| #define HAVE_DECL___BUILTIN_FFS 1
| #define HAVE_DECL__BITSCANFORWARD 0
| #define HAVE_DECL_STRCASECMP 1
| #define HAVE_DECL_STRNCASECMP 1
| #define HAVE_DECL__STRICMP 0
| #define HAVE_DECL__STRNICMP 0
| #define HAVE_DECL_SNPRINTF 1
| /* end confdefs.h.  */
| #include <stdio.h>
| 
| int
| main ()
| {
| #ifndef _snprintf
| #ifdef __cplusplus
|   (void) _snprintf;
| #else
|   (void) _snprintf;
| #endif
| #endif
| 
|   ;
|   return 0;
| }
configure:17685: result: no
configure:17782: checking which clang to use
configure:17784: result: no
configure:18378: checking for C compiler vendor
configure:18409: result: gnu
configure:18430: checking our pkgconfig libname
configure:18438: result: isl
configure:18441: checking our pkgconfig version
configure:18449: result: 0.16.1
configure:18452: checking our pkgconfig_libdir
configure:18459: result: ${libdir}/pkgconfig
configure:18462: result: expanded our pkgconfig_libdir... /usr/local/gcc-6.1.0/lib/pkgconfig
configure:18466: checking our pkgconfig_libfile
configure:18472: result: isl.pc
configure:18479: checking our package / suffix
configure:18483: result: isl / 
configure:18486: checking our pkgconfig description
configure:18493: result: isl Library
configure:18496: checking our pkgconfig requires
configure:18501: result: 
configure:18504: checking our pkgconfig ext libs
configure:18511: result: -lisl -lgmp
configure:18514: checking our pkgconfig cppflags
configure:18519: result: -I/usr/local/gcc-6.1.0/include
configure:18522: checking our pkgconfig ldflags
configure:18527: result: -L/usr/local/gcc-6.1.0/lib
configure:18567: result: noninstalled pkgconfig -L /Users/mscho/Simon/91_toolchain/gcc/isl-0.16.1/build/.libs
configure:18602: result: noninstalled pkgconfig -I /Users/mscho/Simon/91_toolchain/gcc/isl-0.16.1/build/../include
configure:18770: checking that generated files are newer than configure
configure:18776: result: done
configure:18831: creating ./config.status

## ---------------------- ##
## Running config.status. ##
## ---------------------- ##

This file was extended by isl config.status 0.16.1, which was
generated by GNU Autoconf 2.69.  Invocation command line was

  CONFIG_FILES    = 
  CONFIG_HEADERS  = 
  CONFIG_LINKS    = 
  CONFIG_COMMANDS = 
  $ ./config.status 

on Medardus.local

config.status:1231: creating Makefile
config.status:1231: creating doc/Makefile
config.status:1231: creating bound_test.sh
config.status:1231: creating codegen_test.sh
config.status:1231: creating pip_test.sh
config.status:1231: creating isl_config.h
config.status:1445: executing depfiles commands
config.status:1445: executing libtool commands
config.status:1445: executing include/isl/stdint.h commands
config.status:2190: creating include/isl/stdint.h : _ISL_INCLUDE_ISL_STDINT_H
config.status:1445: executing isl.pc commands
config.status:2672: creating isl.pc.in
config.status:2695: creating isl.pc
config.status:2721: creating isl-uninstalled.pc
config.status:2751: creating isl-uninstalled.sh

## ---------------- ##
## Cache variables. ##
## ---------------- ##

ac_cv_build=x86_64-apple-darwin15.5.0
ac_cv_c_compiler_gnu=yes
ac_cv_cxx_compiler_gnu=yes
ac_cv_env_CCC_set=
ac_cv_env_CCC_value=
ac_cv_env_CC_set=
ac_cv_env_CC_value=
ac_cv_env_CFLAGS_set=
ac_cv_env_CFLAGS_value=
ac_cv_env_CPPFLAGS_set=
ac_cv_env_CPPFLAGS_value=
ac_cv_env_CPP_set=
ac_cv_env_CPP_value=
ac_cv_env_CXXCPP_set=
ac_cv_env_CXXCPP_value=
ac_cv_env_CXXFLAGS_set=
ac_cv_env_CXXFLAGS_value=
ac_cv_env_CXX_set=
ac_cv_env_CXX_value=
ac_cv_env_LDFLAGS_set=
ac_cv_env_LDFLAGS_value=
ac_cv_env_LIBS_set=
ac_cv_env_LIBS_value=
ac_cv_env_build_alias_set=
ac_cv_env_build_alias_value=
ac_cv_env_host_alias_set=
ac_cv_env_host_alias_value=
ac_cv_env_target_alias_set=
ac_cv_env_target_alias_value=
ac_cv_have_decl__BitScanForward=no
ac_cv_have_decl___builtin_ffs=yes
ac_cv_have_decl__snprintf=no
ac_cv_have_decl__stricmp=no
ac_cv_have_decl__strnicmp=no
ac_cv_have_decl_ffs=yes
ac_cv_have_decl_mp_get_memory_functions=yes
ac_cv_have_decl_snprintf=yes
ac_cv_have_decl_strcasecmp=yes
ac_cv_have_decl_strncasecmp=yes
ac_cv_header_dlfcn_h=yes
ac_cv_header_gmp_h=yes
ac_cv_header_inttypes_h=yes
ac_cv_header_memory_h=yes
ac_cv_header_stdc=yes
ac_cv_header_stdint=stdint.h
ac_cv_header_stdint_h=yes
ac_cv_header_stdint_t=stdint.h
ac_cv_header_stdlib_h=yes
ac_cv_header_string_h=yes
ac_cv_header_strings_h=yes
ac_cv_header_sys_stat_h=yes
ac_cv_header_sys_types_h=yes
ac_cv_header_unistd_h=yes
ac_cv_host=x86_64-apple-darwin15.5.0
ac_cv_lib_gmp_main=yes
ac_cv_objext=o
ac_cv_path_EGREP='/usr/bin/grep -E'
ac_cv_path_FGREP='/usr/bin/grep -F'
ac_cv_path_GREP=/usr/bin/grep
ac_cv_path_SED=/usr/bin/sed
ac_cv_path_install='/usr/bin/install -c'
ac_cv_prog_AWK=awk
ac_cv_prog_CPP='gcc -E'
ac_cv_prog_CXXCPP='g++ -E'
ac_cv_prog_PERL=perl
ac_cv_prog_POD2HTML=pod2html
ac_cv_prog_ac_ct_AR=ar
ac_cv_prog_ac_ct_CC=gcc
ac_cv_prog_ac_ct_CXX=g++
ac_cv_prog_ac_ct_DSYMUTIL=dsymutil
ac_cv_prog_ac_ct_LIPO=lipo
ac_cv_prog_ac_ct_NMEDIT=nmedit
ac_cv_prog_ac_ct_OTOOL=otool
ac_cv_prog_ac_ct_RANLIB=ranlib
ac_cv_prog_ac_ct_STRIP=strip
ac_cv_prog_cc_c89=
ac_cv_prog_cc_g=yes
ac_cv_prog_cxx_g=yes
ac_cv_prog_make_make_set=yes
ac_cv_stdint_message='using gnu compiler gcc (GCC) 4.9.1'
ac_cv_stdint_result='(assuming C99 compatible system)'
am_cv_CC_dependencies_compiler_type=gcc3
am_cv_CXX_dependencies_compiler_type=gcc3
am_cv_make_support_nested_variables=yes
am_cv_prog_cc_c_o=yes
ax_cv___attribute__=yes
ax_cv_c_compiler_vendor=gnu
ax_cv_c_flags__O3__fomit_frame_pointer__malign_double__fstrict_aliasing__ffast_math=yes
ax_cv_c_flags__ffast_math=yes
ax_cv_c_flags__fstrict_aliasing=yes
ax_cv_c_flags__malign_double=yes
ax_cv_c_flags__march_pentium2=no
ax_cv_c_flags__march_pentiumpro=no
ax_cv_c_flags__mcpu_pentium2=no
ax_cv_c_flags__mcpu_pentiumpro=no
ax_cv_c_flags__mpentium2=no
ax_cv_c_flags__mpentiumpro=no
ax_cv_gcc_archflag=unknown
ax_cv_gcc_warn_unused_result=yes
ax_cv_gcc_x86_cpuid_0=d:756e6547:6c65746e:49656e69
ax_cv_gcc_x86_cpuid_1=306a9:100800:7fbae3ff:bfebfbff
lt_cv_apple_cc_single_mod=yes
lt_cv_ar_at_file=no
lt_cv_deplibs_check_method=pass_all
lt_cv_file_magic_cmd='$MAGIC_CMD'
lt_cv_file_magic_test_file=
lt_cv_ld_exported_symbols_list=yes
lt_cv_ld_force_load=yes
lt_cv_ld_reload_flag=-r
lt_cv_nm_interface='BSD nm'
lt_cv_objdir=.libs
lt_cv_path_LD=/usr/bin/ld
lt_cv_path_LDCXX=/usr/bin/ld
lt_cv_path_NM='/usr/bin/nm -B'
lt_cv_path_mainfest_tool=no
lt_cv_prog_compiler_c_o=yes
lt_cv_prog_compiler_c_o_CXX=yes
lt_cv_prog_compiler_pic='-fno-common -DPIC'
lt_cv_prog_compiler_pic_CXX='-fno-common -DPIC'
lt_cv_prog_compiler_pic_works=yes
lt_cv_prog_compiler_pic_works_CXX=yes
lt_cv_prog_compiler_rtti_exceptions=no
lt_cv_prog_compiler_static_works=no
lt_cv_prog_compiler_static_works_CXX=no
lt_cv_prog_gnu_ld=no
lt_cv_prog_gnu_ldcxx=no
lt_cv_sharedlib_from_linklib_cmd='printf %s\n'
lt_cv_sys_global_symbol_pipe='sed -n -e '\''s/^.*[	 ]\([BCDEGRST][BCDEGRST]*\)[	 ][	 ]*_\([_A-Za-z][_A-Za-z0-9]*\)$/\1 _\2 \2/p'\'' | sed '\''/ __gnu_lto/d'\'''
lt_cv_sys_global_symbol_to_c_name_address='sed -n -e '\''s/^: \(.*\) .*$/  {"\1", (void *) 0},/p'\'' -e '\''s/^[BCDEGRST][BCDEGRST]* .* \(.*\)$/  {"\1", (void *) \&\1},/p'\'''
lt_cv_sys_global_symbol_to_c_name_address_lib_prefix='sed -n -e '\''s/^: \(.*\) .*$/  {"\1", (void *) 0},/p'\'' -e '\''s/^[BCDEGRST][BCDEGRST]* .* \(lib.*\)$/  {"\1", (void *) \&\1},/p'\'' -e '\''s/^[BCDEGRST][BCDEGRST]* .* \(.*\)$/  {"lib\1", (void *) \&\1},/p'\'''
lt_cv_sys_global_symbol_to_cdecl='sed -n -e '\''s/^T .* \(.*\)$/extern int \1();/p'\'' -e '\''s/^[BCDEGRST][BCDEGRST]* .* \(.*\)$/extern char \1;/p'\'''
lt_cv_sys_global_symbol_to_import=
lt_cv_sys_max_cmd_len=196608
lt_cv_to_host_file_cmd=func_convert_file_noop
lt_cv_to_tool_file_cmd=func_convert_file_noop

## ----------------- ##
## Output variables. ##
## ----------------- ##

ACLOCAL='${SHELL} /Users/mscho/Simon/91_toolchain/gcc/isl-0.16.1/missing aclocal-1.14'
AMDEPBACKSLASH='\'
AMDEP_FALSE='#'
AMDEP_TRUE=''
AMTAR='$${TAR-tar}'
AM_BACKSLASH='\'
AM_DEFAULT_V='$(AM_DEFAULT_VERBOSITY)'
AM_DEFAULT_VERBOSITY='0'
AM_V='$(V)'
AR='ar'
AUTOCONF='${SHELL} /Users/mscho/Simon/91_toolchain/gcc/isl-0.16.1/missing autoconf'
AUTOHEADER='${SHELL} /Users/mscho/Simon/91_toolchain/gcc/isl-0.16.1/missing autoheader'
AUTOMAKE='${SHELL} /Users/mscho/Simon/91_toolchain/gcc/isl-0.16.1/missing automake-1.14'
AWK='awk'
CC='gcc'
CCDEPMODE='depmode=gcc3'
CFLAGS='-O3 -fomit-frame-pointer -malign-double -fstrict-aliasing -ffast-math'
CLANG_CXXFLAGS=''
CLANG_LDFLAGS=''
CLANG_LIBS=''
CPP='gcc -E'
CPPFLAGS=''
CXX='g++'
CXXCPP='g++ -E'
CXXDEPMODE='depmode=gcc3'
CXXFLAGS='-g -O2'
CYGPATH_W='echo'
DEFS='-DHAVE_CONFIG_H'
DEPDIR='.deps'
DLLTOOL='false'
DSYMUTIL='dsymutil'
DUMPBIN=''
ECHO_C='\c'
ECHO_N=''
ECHO_T=''
EGREP='/usr/bin/grep -E'
EXEEXT=''
FGREP='/usr/bin/grep -F'
GENERATE_DOC_FALSE=''
GENERATE_DOC_TRUE='#'
GIT_HEAD=''
GIT_HEAD_ID='isl-0.16.1'
GIT_HEAD_VERSION='isl-0.16.1'
GMP_FOR_MP_FALSE='#'
GMP_FOR_MP_TRUE=''
GREP='/usr/bin/grep'
HAVE_CLANG_FALSE=''
HAVE_CLANG_TRUE='#'
IMATH_FOR_MP_FALSE=''
IMATH_FOR_MP_TRUE='#'
INSTALL_DATA='${INSTALL} -m 644'
INSTALL_PROGRAM='${INSTALL}'
INSTALL_SCRIPT='${INSTALL}'
INSTALL_STRIP_PROGRAM='$(install_sh) -c -s'
LD='/usr/bin/ld'
LDFLAGS=''
LIBOBJS=''
LIBS=''
LIBTOOL='$(SHELL) $(top_builddir)/libtool'
LIB_CLANG_EDIT=''
LIPO='lipo'
LN_S='ln -s'
LTLIBOBJS=''
MAKEINFO='${SHELL} /Users/mscho/Simon/91_toolchain/gcc/isl-0.16.1/missing makeinfo'
MANIFEST_TOOL=':'
MKDIR_P='.././install-sh -c -d'
MP_CPPFLAGS='-I/usr/local/gcc-6.1.0/include'
MP_LDFLAGS='-L/usr/local/gcc-6.1.0/lib'
MP_LIBS='-lgmp'
NEED_GET_MEMORY_FUNCTIONS_FALSE=''
NEED_GET_MEMORY_FUNCTIONS_TRUE='#'
NM='/usr/bin/nm -B'
NMEDIT='nmedit'
OBJDUMP='false'
OBJEXT='o'
OTOOL64=':'
OTOOL='otool'
PACKAGE='isl'
PACKAGE_BUGREPORT='isl-development@googlegroups.com'
PACKAGE_NAME='isl'
PACKAGE_STRING='isl 0.16.1'
PACKAGE_TARNAME='isl'
PACKAGE_URL=''
PACKAGE_VERSION='0.16.1'
PATH_SEPARATOR=':'
PDFLATEX=''
PERL='perl'
POD2HTML='pod2html'
PRTDIAG=''
RANLIB='ranlib'
SED='/usr/bin/sed'
SET_MAKE=''
SHELL='/bin/sh'
SMALL_INT_OPT_FALSE=''
SMALL_INT_OPT_TRUE='#'
STRIP='strip'
VERSION='0.16.1'
WARNING_FLAGS=''
ac_ct_AR='ar'
ac_ct_CC='gcc'
ac_ct_CXX='g++'
ac_ct_DUMPBIN=''
am__EXEEXT_FALSE=''
am__EXEEXT_TRUE='#'
am__fastdepCC_FALSE='#'
am__fastdepCC_TRUE=''
am__fastdepCXX_FALSE='#'
am__fastdepCXX_TRUE=''
am__include='include'
am__isrc=' -I$(srcdir)'
am__leading_dot='.'
am__nodep='_no'
am__quote=''
am__tar='$${TAR-tar} chof - "$$tardir"'
am__untar='$${TAR-tar} xf -'
bindir='${exec_prefix}/bin'
build='x86_64-apple-darwin15.5.0'
build_alias=''
build_cpu='x86_64'
build_os='darwin15.5.0'
build_vendor='apple'
datadir='${datarootdir}'
datarootdir='${prefix}/share'
docdir='${datarootdir}/doc/${PACKAGE_TARNAME}'
dvidir='${docdir}'
exec_prefix='${prefix}'
host='x86_64-apple-darwin15.5.0'
host_alias=''
host_cpu='x86_64'
host_os='darwin15.5.0'
host_vendor='apple'
htmldir='${docdir}'
includedir='${prefix}/include'
infodir='${datarootdir}/info'
install_sh='${SHELL} /Users/mscho/Simon/91_toolchain/gcc/isl-0.16.1/install-sh'
libdir='${exec_prefix}/lib'
libexecdir='${exec_prefix}/libexec'
llvm_config_found=''
localedir='${datarootdir}/locale'
localstatedir='${prefix}/var'
mandir='${datarootdir}/man'
mkdir_p='$(MKDIR_P)'
oldincludedir='/usr/include'
pdfdir='${docdir}'
pkgconfig_libdir='${libdir}/pkgconfig'
pkgconfig_libfile='isl.pc'
prefix='/usr/local/gcc-6.1.0'
program_transform_name='s,x,x,'
psdir='${docdir}'
sbindir='${exec_prefix}/sbin'
sharedstatedir='${prefix}/com'
sysconfdir='${prefix}/etc'
target_alias=''
versioninfo='16:1:1'

## ----------- ##
## confdefs.h. ##
## ----------- ##

/* confdefs.h */
#define PACKAGE_NAME "isl"
#define PACKAGE_TARNAME "isl"
#define PACKAGE_VERSION "0.16.1"
#define PACKAGE_STRING "isl 0.16.1"
#define PACKAGE_BUGREPORT "isl-development@googlegroups.com"
#define PACKAGE_URL ""
#define PACKAGE "isl"
#define VERSION "0.16.1"
#define GCC_WARN_UNUSED_RESULT __attribute__((__warn_unused_result__))
#define HAVE___ATTRIBUTE__ 1
#define STDC_HEADERS 1
#define HAVE_SYS_TYPES_H 1
#define HAVE_SYS_STAT_H 1
#define HAVE_STDLIB_H 1
#define HAVE_STRING_H 1
#define HAVE_MEMORY_H 1
#define HAVE_STRINGS_H 1
#define HAVE_INTTYPES_H 1
#define HAVE_STDINT_H 1
#define HAVE_UNISTD_H 1
#define HAVE_DLFCN_H 1
#define LT_OBJDIR ".libs/"
#define USE_GMP_FOR_MP /**/
#define HAVE_LIBGMP 1
#define HAVE_DECL_MP_GET_MEMORY_FUNCTIONS 1
#define HAVE_DECL_FFS 1
#define HAVE_DECL___BUILTIN_FFS 1
#define HAVE_DECL__BITSCANFORWARD 0
#define HAVE_DECL_STRCASECMP 1
#define HAVE_DECL_STRNCASECMP 1
#define HAVE_DECL__STRICMP 0
#define HAVE_DECL__STRNICMP 0
#define HAVE_DECL_SNPRINTF 1
#define HAVE_DECL__SNPRINTF 0

configure: exit 0
