This file contains any messages produced by compilers while
running configure, to aid debugging if configure makes a mistake.

It was created by mpc configure 1.0.3, which was
generated by GNU Autoconf 2.69.  Invocation command line was

  $ ../configure --prefix=/usr/local/gcc-6.1.0 --with-gmp=/usr/local/gcc-6.1.0 --with-mpfr=/usr/local/gcc-6.1.0

## --------- ##
## Platform. ##
## --------- ##

hostname = Medardus.local
uname -m = x86_64
uname -r = 15.5.0
uname -s = Darwin
uname -v = Darwin Kernel Version 15.5.0: Tue Apr 19 18:36:36 PDT 2016; root:xnu-3248.50.21~8/RELEASE_X86_64

/usr/bin/uname -p = i386
/bin/uname -X     = unknown

/bin/arch              = unknown
/usr/bin/arch -k       = unknown
/usr/convex/getsysinfo = unknown
/usr/bin/hostinfo      = Mach kernel version:
	 Darwin Kernel Version 15.5.0: Tue Apr 19 18:36:36 PDT 2016; root:xnu-3248.50.21~8/RELEASE_X86_64
Kernel configured for up to 4 processors.
2 processors are physically available.
4 processors are logically available.
Processor type: i486 (Intel 80486)
Processors active: 0 1 2 3
Primary memory available: 8.00 gigabytes
Default processor set: 297 tasks, 1662 threads, 4 processors
Load average: 3.50, Mach factor: 2.00
/bin/machine           = unknown
/usr/bin/oslevel       = unknown
/bin/universe          = unknown

PATH: /usr/local/bin
PATH: /usr/bin
PATH: /bin
PATH: /usr/sbin
PATH: /sbin
PATH: /opt/X11/bin


## ----------- ##
## Core tests. ##
## ----------- ##

configure:2347: checking for a BSD-compatible install
configure:2415: result: /usr/bin/install -c
configure:2426: checking whether build environment is sane
configure:2481: result: yes
configure:2632: checking for a thread-safe mkdir -p
configure:2671: result: ../install-sh -c -d
configure:2678: checking for gawk
configure:2708: result: no
configure:2678: checking for mawk
configure:2708: result: no
configure:2678: checking for nawk
configure:2708: result: no
configure:2678: checking for awk
configure:2694: found /usr/bin/awk
configure:2705: result: awk
configure:2716: checking whether make sets $(MAKE)
configure:2738: result: yes
configure:2767: checking whether make supports nested variables
configure:2784: result: yes
configure:2911: checking whether to enable maintainer-specific portions of Makefiles
configure:2920: result: no
configure:2941: checking build system type
configure:2955: result: x86_64-apple-darwin15.5.0
configure:2975: checking host system type
configure:2988: result: x86_64-apple-darwin15.5.0
configure:3172: checking for grep that handles long lines and -e
configure:3230: result: /usr/bin/grep
configure:3235: checking for egrep
configure:3297: result: /usr/bin/grep -E
configure:3302: checking for a sed that does not truncate output
configure:3366: result: /usr/bin/sed
configure:3373: checking for CC and CFLAGS in gmp.h
configure:3399: result: yes CC=gcc -std=gnu99 CFLAGS=-O2 -pedantic -fomit-frame-pointer -m64 -mtune=sandybridge -march=sandybridge
configure:3405: checking for CC=gcc -std=gnu99 and CFLAGS=-O2 -pedantic -fomit-frame-pointer -m64 -mtune=sandybridge -march=sandybridge
configure:3409: result: yes
configure:3472: checking for gcc
configure:3499: result: gcc -std=gnu99
configure:3728: checking for C compiler version
configure:3737: gcc -std=gnu99 --version >&5
gcc (GCC) 4.9.1
Copyright (C) 2014 Free Software Foundation, Inc.
This is free software; see the source for copying conditions.  There is NO
warranty; not even for MERCHANTABILITY or FITNESS FOR A PARTICULAR PURPOSE.

gcc: warning: couldn't understand kern.osversion '15.5.0
configure:3748: $? = 0
configure:3737: gcc -std=gnu99 -v >&5
gcc: warning: couldn't understand kern.osversion '15.5.0
Using built-in specs.
COLLECT_GCC=gcc
COLLECT_LTO_WRAPPER=/usr/local/libexec/gcc/x86_64-apple-darwin13.3.0/4.9.1/lto-wrapper
Target: x86_64-apple-darwin13.3.0
Configured with: ../gcc_4.9.1/configure --enable-languages=c,c++
Thread model: posix
gcc version 4.9.1 (GCC) 
configure:3748: $? = 0
configure:3737: gcc -std=gnu99 -V >&5
gcc: warning: couldn't understand kern.osversion '15.5.0
gcc: error: unrecognized command line option '-V'
gcc: fatal error: no input files
compilation terminated.
configure:3748: $? = 1
configure:3737: gcc -std=gnu99 -qversion >&5
gcc: warning: couldn't understand kern.osversion '15.5.0
gcc: error: unrecognized command line option '-qversion'
gcc: fatal error: no input files
compilation terminated.
configure:3748: $? = 1
configure:3768: checking whether the C compiler works
configure:3790: gcc -std=gnu99 -O2 -pedantic -fomit-frame-pointer -m64 -mtune=sandybridge -march=sandybridge -I/usr/local/gcc-6.1.0/include -I/usr/local/gcc-6.1.0/include  -L/usr/local/gcc-6.1.0/lib -L/usr/local/gcc-6.1.0/lib  conftest.c  >&5
gcc: warning: couldn't understand kern.osversion '15.5.0
ld: warning: object file (/var/folders/j3/jbfdwjt54xn1pvw24hx69hg00000gn/T//ccIQyxTB.o) was built for newer OSX version (10.11) than being linked (10.4)
configure:3794: $? = 0
configure:3842: result: yes
configure:3845: checking for C compiler default output file name
configure:3847: result: a.out
configure:3853: checking for suffix of executables
configure:3860: gcc -std=gnu99 -o conftest -O2 -pedantic -fomit-frame-pointer -m64 -mtune=sandybridge -march=sandybridge -I/usr/local/gcc-6.1.0/include -I/usr/local/gcc-6.1.0/include  -L/usr/local/gcc-6.1.0/lib -L/usr/local/gcc-6.1.0/lib  conftest.c  >&5
gcc: warning: couldn't understand kern.osversion '15.5.0
ld: warning: object file (/var/folders/j3/jbfdwjt54xn1pvw24hx69hg00000gn/T//cc8DXYJU.o) was built for newer OSX version (10.11) than being linked (10.4)
configure:3864: $? = 0
configure:3886: result: 
configure:3908: checking whether we are cross compiling
configure:3916: gcc -std=gnu99 -o conftest -O2 -pedantic -fomit-frame-pointer -m64 -mtune=sandybridge -march=sandybridge -I/usr/local/gcc-6.1.0/include -I/usr/local/gcc-6.1.0/include  -L/usr/local/gcc-6.1.0/lib -L/usr/local/gcc-6.1.0/lib  conftest.c  >&5
gcc: warning: couldn't understand kern.osversion '15.5.0
ld: warning: object file (/var/folders/j3/jbfdwjt54xn1pvw24hx69hg00000gn/T//ccRh81j9.o) was built for newer OSX version (10.11) than being linked (10.4)
configure:3920: $? = 0
configure:3927: ./conftest
configure:3931: $? = 0
configure:3946: result: no
configure:3951: checking for suffix of object files
configure:3973: gcc -std=gnu99 -c -O2 -pedantic -fomit-frame-pointer -m64 -mtune=sandybridge -march=sandybridge -I/usr/local/gcc-6.1.0/include -I/usr/local/gcc-6.1.0/include  conftest.c >&5
gcc: warning: couldn't understand kern.osversion '15.5.0
configure:3977: $? = 0
configure:3998: result: o
configure:4002: checking whether we are using the GNU C compiler
configure:4021: gcc -std=gnu99 -c -O2 -pedantic -fomit-frame-pointer -m64 -mtune=sandybridge -march=sandybridge -I/usr/local/gcc-6.1.0/include -I/usr/local/gcc-6.1.0/include  conftest.c >&5
gcc: warning: couldn't understand kern.osversion '15.5.0
configure:4021: $? = 0
configure:4030: result: yes
configure:4039: checking whether gcc -std=gnu99 accepts -g
configure:4059: gcc -std=gnu99 -c -g -I/usr/local/gcc-6.1.0/include -I/usr/local/gcc-6.1.0/include  conftest.c >&5
gcc: warning: couldn't understand kern.osversion '15.5.0
configure:4059: $? = 0
configure: failed program was:
| /* confdefs.h */
| #define PACKAGE_NAME "mpc"
| #define PACKAGE_TARNAME "mpc"
| #define PACKAGE_VERSION "1.0.3"
| #define PACKAGE_STRING "mpc 1.0.3"
| #define PACKAGE_BUGREPORT "mpc-discuss@lists.gforge.inria.fr"
| #define PACKAGE_URL ""
| #define PACKAGE "mpc"
| #define VERSION "1.0.3"
| /* end confdefs.h.  */
| 
| int
| main ()
| {
| 
|   ;
|   return 0;
| }
configure:4074: gcc -std=gnu99 -c  -I/usr/local/gcc-6.1.0/include -I/usr/local/gcc-6.1.0/include  conftest.c >&5
gcc: warning: couldn't understand kern.osversion '15.5.0
configure:4074: $? = 0
configure: failed program was:
| /* confdefs.h */
| #define PACKAGE_NAME "mpc"
| #define PACKAGE_TARNAME "mpc"
| #define PACKAGE_VERSION "1.0.3"
| #define PACKAGE_STRING "mpc 1.0.3"
| #define PACKAGE_BUGREPORT "mpc-discuss@lists.gforge.inria.fr"
| #define PACKAGE_URL ""
| #define PACKAGE "mpc"
| #define VERSION "1.0.3"
| /* end confdefs.h.  */
| 
| int
| main ()
| {
| 
|   ;
|   return 0;
| }
configure:4090: gcc -std=gnu99 -c -g -I/usr/local/gcc-6.1.0/include -I/usr/local/gcc-6.1.0/include  conftest.c >&5
gcc: warning: couldn't understand kern.osversion '15.5.0
configure:4090: $? = 0
configure:4100: result: yes
configure:4117: checking for gcc -std=gnu99 option to accept ISO C89
configure:4180: gcc -std=gnu99  -c -O2 -pedantic -fomit-frame-pointer -m64 -mtune=sandybridge -march=sandybridge -I/usr/local/gcc-6.1.0/include -I/usr/local/gcc-6.1.0/include  conftest.c >&5
gcc: warning: couldn't understand kern.osversion '15.5.0
configure:4180: $? = 0
configure:4193: result: none needed
configure:4218: checking whether gcc -std=gnu99 understands -c and -o together
configure:4240: gcc -std=gnu99 -c conftest.c -o conftest2.o
gcc: warning: couldn't understand kern.osversion '15.5.0
configure:4243: $? = 0
configure:4240: gcc -std=gnu99 -c conftest.c -o conftest2.o
gcc: warning: couldn't understand kern.osversion '15.5.0
configure:4243: $? = 0
configure:4255: result: yes
configure:4283: checking for style of include used by make
configure:4311: result: GNU
configure:4337: checking dependency style of gcc -std=gnu99
configure:4448: result: gcc3
configure:4521: checking for ar
configure:4537: found /usr/bin/ar
configure:4548: result: ar
configure:4574: checking the archiver (ar) interface
configure:4590: gcc -std=gnu99 -c -O2 -pedantic -fomit-frame-pointer -m64 -mtune=sandybridge -march=sandybridge -I/usr/local/gcc-6.1.0/include -I/usr/local/gcc-6.1.0/include  conftest.c >&5
gcc: warning: couldn't understand kern.osversion '15.5.0
configure:4590: $? = 0
configure:4592: ar cru libconftest.a conftest.o >&5
configure:4595: $? = 0
configure:4623: result: ar
configure:4691: checking how to print strings
configure:4718: result: printf
configure:4739: checking for a sed that does not truncate output
configure:4803: result: /usr/bin/sed
configure:4821: checking for fgrep
configure:4883: result: /usr/bin/grep -F
configure:4918: checking for ld used by gcc -std=gnu99
gcc: warning: couldn't understand kern.osversion '15.5.0
configure:4985: result: /usr/bin/ld
configure:4992: checking if the linker (/usr/bin/ld) is GNU ld
configure:5007: result: no
configure:5019: checking for BSD- or MS-compatible name lister (nm)
configure:5073: result: /usr/bin/nm -B
configure:5203: checking the name lister (/usr/bin/nm -B) interface
configure:5210: gcc -std=gnu99 -c -O2 -pedantic -fomit-frame-pointer -m64 -mtune=sandybridge -march=sandybridge -I/usr/local/gcc-6.1.0/include -I/usr/local/gcc-6.1.0/include  conftest.c >&5
gcc: warning: couldn't understand kern.osversion '15.5.0
configure:5213: /usr/bin/nm -B "conftest.o"
configure:5216: output
0000000000000000 S _some_variable
configure:5223: result: BSD nm
configure:5226: checking whether ln -s works
configure:5230: result: yes
configure:5238: checking the maximum length of command line arguments
configure:5369: result: 196608
configure:5417: checking how to convert x86_64-apple-darwin15.5.0 file names to x86_64-apple-darwin15.5.0 format
configure:5457: result: func_convert_file_noop
configure:5464: checking how to convert x86_64-apple-darwin15.5.0 file names to toolchain format
configure:5484: result: func_convert_file_noop
configure:5491: checking for /usr/bin/ld option to reload object files
configure:5498: result: -r
configure:5572: checking for objdump
configure:5602: result: no
configure:5631: checking how to recognize dependent libraries
configure:5831: result: pass_all
configure:5916: checking for dlltool
configure:5946: result: no
configure:5976: checking how to associate runtime and link libraries
configure:6003: result: printf %s\n
configure:6127: checking for archiver @FILE support
configure:6144: gcc -std=gnu99 -c -O2 -pedantic -fomit-frame-pointer -m64 -mtune=sandybridge -march=sandybridge -I/usr/local/gcc-6.1.0/include -I/usr/local/gcc-6.1.0/include  conftest.c >&5
gcc: warning: couldn't understand kern.osversion '15.5.0
configure:6144: $? = 0
configure:6147: ar cru libconftest.a @conftest.lst >&5
ar: @conftest.lst: No such file or directory
configure:6150: $? = 1
configure:6170: result: no
configure:6228: checking for strip
configure:6244: found /usr/bin/strip
configure:6255: result: strip
configure:6327: checking for ranlib
configure:6343: found /usr/bin/ranlib
configure:6354: result: ranlib
configure:6456: checking command to parse /usr/bin/nm -B output from gcc -std=gnu99 object
configure:6609: gcc -std=gnu99 -c -O2 -pedantic -fomit-frame-pointer -m64 -mtune=sandybridge -march=sandybridge -I/usr/local/gcc-6.1.0/include -I/usr/local/gcc-6.1.0/include  conftest.c >&5
gcc: warning: couldn't understand kern.osversion '15.5.0
configure:6612: $? = 0
configure:6616: /usr/bin/nm -B conftest.o \| sed -n -e 's/^.*[ ]\([BCDEGRST][BCDEGRST]*\)[ ][ ]*\([_A-Za-z][_A-Za-z0-9]*\)$/\1 \2 \2/p' | sed '/ __gnu_lto/d' \> conftest.nm
configure:6619: $? = 0
cannot find nm_test_var in conftest.nm
configure:6609: gcc -std=gnu99 -c -O2 -pedantic -fomit-frame-pointer -m64 -mtune=sandybridge -march=sandybridge -I/usr/local/gcc-6.1.0/include -I/usr/local/gcc-6.1.0/include  conftest.c >&5
gcc: warning: couldn't understand kern.osversion '15.5.0
configure:6612: $? = 0
configure:6616: /usr/bin/nm -B conftest.o \| sed -n -e 's/^.*[ ]\([BCDEGRST][BCDEGRST]*\)[ ][ ]*_\([_A-Za-z][_A-Za-z0-9]*\)$/\1 _\2 \2/p' | sed '/ __gnu_lto/d' \> conftest.nm
configure:6619: $? = 0
configure:6685: gcc -std=gnu99 -o conftest -O2 -pedantic -fomit-frame-pointer -m64 -mtune=sandybridge -march=sandybridge -I/usr/local/gcc-6.1.0/include -I/usr/local/gcc-6.1.0/include  -L/usr/local/gcc-6.1.0/lib -L/usr/local/gcc-6.1.0/lib  conftest.c conftstm.o >&5
gcc: warning: couldn't understand kern.osversion '15.5.0
conftest.c:29:20: warning: ISO C forbids conversion of function pointer to object pointer type [-Wpedantic]
   {"nm_test_func", (void *) &nm_test_func},
                    ^
ld: warning: ld: warning: object file (/var/folders/j3/jbfdwjt54xn1pvw24hx69hg00000gn/T//ccCyoSu2.o) was built for newer OSX version (10.11) than being linked (10.4)object file (conftstm.o) was built for newer OSX version (10.11) than being linked (10.4)

configure:6688: $? = 0
configure:6726: result: ok
configure:6773: checking for sysroot
configure:6803: result: no
configure:6810: checking for a working dd
configure:6848: result: /bin/dd
configure:6852: checking how to truncate binary pipes
configure:6867: result: /bin/dd bs=4096 count=1
configure:7196: checking for mt
configure:7226: result: no
configure:7246: checking if : is a manifest tool
configure:7252: : '-?'
configure:7260: result: no
configure:7316: checking for dsymutil
configure:7332: found /usr/bin/dsymutil
configure:7343: result: dsymutil
configure:7408: checking for nmedit
configure:7424: found /usr/bin/nmedit
configure:7435: result: nmedit
configure:7500: checking for lipo
configure:7516: found /usr/bin/lipo
configure:7527: result: lipo
configure:7592: checking for otool
configure:7608: found /usr/bin/otool
configure:7619: result: otool
configure:7684: checking for otool64
configure:7714: result: no
configure:7759: checking for -single_module linker flag
gcc -std=gnu99 -O2 -pedantic -fomit-frame-pointer -m64 -mtune=sandybridge -march=sandybridge -L/usr/local/gcc-6.1.0/lib -L/usr/local/gcc-6.1.0/lib  -o libconftest.dylib -dynamiclib -Wl,-single_module conftest.c
configure:7792: result: yes
configure:7795: checking for -exported_symbols_list linker flag
configure:7815: gcc -std=gnu99 -o conftest -O2 -pedantic -fomit-frame-pointer -m64 -mtune=sandybridge -march=sandybridge -I/usr/local/gcc-6.1.0/include -I/usr/local/gcc-6.1.0/include  -L/usr/local/gcc-6.1.0/lib -L/usr/local/gcc-6.1.0/lib  -Wl,-exported_symbols_list,conftest.sym conftest.c  >&5
gcc: warning: couldn't understand kern.osversion '15.5.0
ld: warning: object file (/var/folders/j3/jbfdwjt54xn1pvw24hx69hg00000gn/T//ccEJX7fd.o) was built for newer OSX version (10.11) than being linked (10.4)
configure:7815: $? = 0
configure:7825: result: yes
configure:7828: checking for -force_load linker flag
gcc -std=gnu99 -O2 -pedantic -fomit-frame-pointer -m64 -mtune=sandybridge -march=sandybridge -c -o conftest.o conftest.c
gcc: warning: couldn't understand kern.osversion '15.5.0
ar cru libconftest.a conftest.o
ranlib libconftest.a
gcc -std=gnu99 -O2 -pedantic -fomit-frame-pointer -m64 -mtune=sandybridge -march=sandybridge -L/usr/local/gcc-6.1.0/lib -L/usr/local/gcc-6.1.0/lib  -o conftest conftest.c -Wl,-force_load,./libconftest.a
configure:7860: result: yes
configure:7937: checking how to run the C preprocessor
configure:7968: gcc -std=gnu99 -E -I/usr/local/gcc-6.1.0/include -I/usr/local/gcc-6.1.0/include  conftest.c
gcc: warning: couldn't understand kern.osversion '15.5.0
configure:7968: $? = 0
configure:7982: gcc -std=gnu99 -E -I/usr/local/gcc-6.1.0/include -I/usr/local/gcc-6.1.0/include  conftest.c
gcc: warning: couldn't understand kern.osversion '15.5.0
conftest.c:11:28: fatal error: ac_nonexistent.h: No such file or directory
 #include <ac_nonexistent.h>
                            ^
compilation terminated.
configure:7982: $? = 1
configure: failed program was:
| /* confdefs.h */
| #define PACKAGE_NAME "mpc"
| #define PACKAGE_TARNAME "mpc"
| #define PACKAGE_VERSION "1.0.3"
| #define PACKAGE_STRING "mpc 1.0.3"
| #define PACKAGE_BUGREPORT "mpc-discuss@lists.gforge.inria.fr"
| #define PACKAGE_URL ""
| #define PACKAGE "mpc"
| #define VERSION "1.0.3"
| /* end confdefs.h.  */
| #include <ac_nonexistent.h>
configure:8007: result: gcc -std=gnu99 -E
configure:8027: gcc -std=gnu99 -E -I/usr/local/gcc-6.1.0/include -I/usr/local/gcc-6.1.0/include  conftest.c
gcc: warning: couldn't understand kern.osversion '15.5.0
configure:8027: $? = 0
configure:8041: gcc -std=gnu99 -E -I/usr/local/gcc-6.1.0/include -I/usr/local/gcc-6.1.0/include  conftest.c
gcc: warning: couldn't understand kern.osversion '15.5.0
conftest.c:11:28: fatal error: ac_nonexistent.h: No such file or directory
 #include <ac_nonexistent.h>
                            ^
compilation terminated.
configure:8041: $? = 1
configure: failed program was:
| /* confdefs.h */
| #define PACKAGE_NAME "mpc"
| #define PACKAGE_TARNAME "mpc"
| #define PACKAGE_VERSION "1.0.3"
| #define PACKAGE_STRING "mpc 1.0.3"
| #define PACKAGE_BUGREPORT "mpc-discuss@lists.gforge.inria.fr"
| #define PACKAGE_URL ""
| #define PACKAGE "mpc"
| #define VERSION "1.0.3"
| /* end confdefs.h.  */
| #include <ac_nonexistent.h>
configure:8070: checking for ANSI C header files
configure:8090: gcc -std=gnu99 -c -O2 -pedantic -fomit-frame-pointer -m64 -mtune=sandybridge -march=sandybridge -I/usr/local/gcc-6.1.0/include -I/usr/local/gcc-6.1.0/include  conftest.c >&5
gcc: warning: couldn't understand kern.osversion '15.5.0
configure:8090: $? = 0
gcc: warning: couldn't understand kern.osversion '15.5.0
gcc: warning: couldn't understand kern.osversion '15.5.0
configure:8163: gcc -std=gnu99 -o conftest -O2 -pedantic -fomit-frame-pointer -m64 -mtune=sandybridge -march=sandybridge -I/usr/local/gcc-6.1.0/include -I/usr/local/gcc-6.1.0/include  -L/usr/local/gcc-6.1.0/lib -L/usr/local/gcc-6.1.0/lib  conftest.c  >&5
gcc: warning: couldn't understand kern.osversion '15.5.0
ld: warning: object file (/var/folders/j3/jbfdwjt54xn1pvw24hx69hg00000gn/T//ccecWM9t.o) was built for newer OSX version (10.11) than being linked (10.4)
configure:8163: $? = 0
configure:8163: ./conftest
configure:8163: $? = 0
configure:8174: result: yes
configure:8187: checking for sys/types.h
configure:8187: gcc -std=gnu99 -c -O2 -pedantic -fomit-frame-pointer -m64 -mtune=sandybridge -march=sandybridge -I/usr/local/gcc-6.1.0/include -I/usr/local/gcc-6.1.0/include  conftest.c >&5
gcc: warning: couldn't understand kern.osversion '15.5.0
configure:8187: $? = 0
configure:8187: result: yes
configure:8187: checking for sys/stat.h
configure:8187: gcc -std=gnu99 -c -O2 -pedantic -fomit-frame-pointer -m64 -mtune=sandybridge -march=sandybridge -I/usr/local/gcc-6.1.0/include -I/usr/local/gcc-6.1.0/include  conftest.c >&5
gcc: warning: couldn't understand kern.osversion '15.5.0
configure:8187: $? = 0
configure:8187: result: yes
configure:8187: checking for stdlib.h
configure:8187: gcc -std=gnu99 -c -O2 -pedantic -fomit-frame-pointer -m64 -mtune=sandybridge -march=sandybridge -I/usr/local/gcc-6.1.0/include -I/usr/local/gcc-6.1.0/include  conftest.c >&5
gcc: warning: couldn't understand kern.osversion '15.5.0
configure:8187: $? = 0
configure:8187: result: yes
configure:8187: checking for string.h
configure:8187: gcc -std=gnu99 -c -O2 -pedantic -fomit-frame-pointer -m64 -mtune=sandybridge -march=sandybridge -I/usr/local/gcc-6.1.0/include -I/usr/local/gcc-6.1.0/include  conftest.c >&5
gcc: warning: couldn't understand kern.osversion '15.5.0
configure:8187: $? = 0
configure:8187: result: yes
configure:8187: checking for memory.h
configure:8187: gcc -std=gnu99 -c -O2 -pedantic -fomit-frame-pointer -m64 -mtune=sandybridge -march=sandybridge -I/usr/local/gcc-6.1.0/include -I/usr/local/gcc-6.1.0/include  conftest.c >&5
gcc: warning: couldn't understand kern.osversion '15.5.0
configure:8187: $? = 0
configure:8187: result: yes
configure:8187: checking for strings.h
configure:8187: gcc -std=gnu99 -c -O2 -pedantic -fomit-frame-pointer -m64 -mtune=sandybridge -march=sandybridge -I/usr/local/gcc-6.1.0/include -I/usr/local/gcc-6.1.0/include  conftest.c >&5
gcc: warning: couldn't understand kern.osversion '15.5.0
configure:8187: $? = 0
configure:8187: result: yes
configure:8187: checking for inttypes.h
configure:8187: gcc -std=gnu99 -c -O2 -pedantic -fomit-frame-pointer -m64 -mtune=sandybridge -march=sandybridge -I/usr/local/gcc-6.1.0/include -I/usr/local/gcc-6.1.0/include  conftest.c >&5
gcc: warning: couldn't understand kern.osversion '15.5.0
configure:8187: $? = 0
configure:8187: result: yes
configure:8187: checking for stdint.h
configure:8187: gcc -std=gnu99 -c -O2 -pedantic -fomit-frame-pointer -m64 -mtune=sandybridge -march=sandybridge -I/usr/local/gcc-6.1.0/include -I/usr/local/gcc-6.1.0/include  conftest.c >&5
gcc: warning: couldn't understand kern.osversion '15.5.0
configure:8187: $? = 0
configure:8187: result: yes
configure:8187: checking for unistd.h
configure:8187: gcc -std=gnu99 -c -O2 -pedantic -fomit-frame-pointer -m64 -mtune=sandybridge -march=sandybridge -I/usr/local/gcc-6.1.0/include -I/usr/local/gcc-6.1.0/include  conftest.c >&5
gcc: warning: couldn't understand kern.osversion '15.5.0
configure:8187: $? = 0
configure:8187: result: yes
configure:8201: checking for dlfcn.h
configure:8201: gcc -std=gnu99 -c -O2 -pedantic -fomit-frame-pointer -m64 -mtune=sandybridge -march=sandybridge -I/usr/local/gcc-6.1.0/include -I/usr/local/gcc-6.1.0/include  conftest.c >&5
gcc: warning: couldn't understand kern.osversion '15.5.0
configure:8201: $? = 0
configure:8201: result: yes
configure:8457: checking for objdir
configure:8472: result: .libs
configure:8736: checking if gcc -std=gnu99 supports -fno-rtti -fno-exceptions
configure:8754: gcc -std=gnu99 -c -O2 -pedantic -fomit-frame-pointer -m64 -mtune=sandybridge -march=sandybridge -I/usr/local/gcc-6.1.0/include -I/usr/local/gcc-6.1.0/include  -fno-rtti -fno-exceptions conftest.c >&5
gcc: warning: couldn't understand kern.osversion '15.5.0
cc1: warning: command line option '-fno-rtti' is valid for C++/ObjC++ but not for C
configure:8758: $? = 0
configure:8771: result: no
configure:9129: checking for gcc -std=gnu99 option to produce PIC
configure:9136: result: -fno-common -DPIC
configure:9144: checking if gcc -std=gnu99 PIC flag -fno-common -DPIC works
configure:9162: gcc -std=gnu99 -c -O2 -pedantic -fomit-frame-pointer -m64 -mtune=sandybridge -march=sandybridge -I/usr/local/gcc-6.1.0/include -I/usr/local/gcc-6.1.0/include  -fno-common -DPIC -DPIC conftest.c >&5
gcc: warning: couldn't understand kern.osversion '15.5.0
configure:9166: $? = 0
configure:9179: result: yes
configure:9208: checking if gcc -std=gnu99 static flag -static works
configure:9236: result: no
configure:9251: checking if gcc -std=gnu99 supports -c -o file.o
configure:9272: gcc -std=gnu99 -c -O2 -pedantic -fomit-frame-pointer -m64 -mtune=sandybridge -march=sandybridge -I/usr/local/gcc-6.1.0/include -I/usr/local/gcc-6.1.0/include  -o out/conftest2.o conftest.c >&5
gcc: warning: couldn't understand kern.osversion '15.5.0
configure:9276: $? = 0
configure:9298: result: yes
configure:9306: checking if gcc -std=gnu99 supports -c -o file.o
configure:9353: result: yes
configure:9386: checking whether the gcc -std=gnu99 linker (/usr/bin/ld) supports shared libraries
configure:10645: result: yes
configure:10885: checking dynamic linker characteristics
configure:11703: result: darwin15.5.0 dyld
configure:11818: checking how to hardcode library paths into programs
configure:11843: result: immediate
configure:12391: checking whether stripping libraries is possible
configure:12405: result: yes
configure:12431: checking if libtool supports shared libraries
configure:12433: result: yes
configure:12436: checking whether to build shared libraries
configure:12461: result: yes
configure:12464: checking whether to build static libraries
configure:12468: result: yes
configure:12507: checking for gmp.h
configure:12515: gcc -std=gnu99 -c -O2 -pedantic -fomit-frame-pointer -m64 -mtune=sandybridge -march=sandybridge -I/usr/local/gcc-6.1.0/include -I/usr/local/gcc-6.1.0/include  conftest.c >&5
gcc: warning: couldn't understand kern.osversion '15.5.0
configure:12515: $? = 0
configure:12516: result: yes
configure:13383: checking for ANSI C header files
configure:13487: result: yes
configure:13498: checking locale.h usability
configure:13498: gcc -std=gnu99 -c -O2 -pedantic -fomit-frame-pointer -m64 -mtune=sandybridge -march=sandybridge -I/usr/local/gcc-6.1.0/include -I/usr/local/gcc-6.1.0/include  conftest.c >&5
gcc: warning: couldn't understand kern.osversion '15.5.0
configure:13498: $? = 0
configure:13498: result: yes
configure:13498: checking locale.h presence
configure:13498: gcc -std=gnu99 -E -I/usr/local/gcc-6.1.0/include -I/usr/local/gcc-6.1.0/include  conftest.c
gcc: warning: couldn't understand kern.osversion '15.5.0
configure:13498: $? = 0
configure:13498: result: yes
configure:13498: checking for locale.h
configure:13498: result: yes
configure:13498: checking for inttypes.h
configure:13498: result: yes
configure:13498: checking for stdint.h
configure:13498: result: yes
configure:13498: checking limits.h usability
configure:13498: gcc -std=gnu99 -c -O2 -pedantic -fomit-frame-pointer -m64 -mtune=sandybridge -march=sandybridge -I/usr/local/gcc-6.1.0/include -I/usr/local/gcc-6.1.0/include  conftest.c >&5
gcc: warning: couldn't understand kern.osversion '15.5.0
configure:13498: $? = 0
configure:13498: result: yes
configure:13498: checking limits.h presence
configure:13498: gcc -std=gnu99 -E -I/usr/local/gcc-6.1.0/include -I/usr/local/gcc-6.1.0/include  conftest.c
gcc: warning: couldn't understand kern.osversion '15.5.0
configure:13498: $? = 0
configure:13498: result: yes
configure:13498: checking for limits.h
configure:13498: result: yes
configure:13498: checking for unistd.h
configure:13498: result: yes
configure:13498: checking sys/time.h usability
configure:13498: gcc -std=gnu99 -c -O2 -pedantic -fomit-frame-pointer -m64 -mtune=sandybridge -march=sandybridge -I/usr/local/gcc-6.1.0/include -I/usr/local/gcc-6.1.0/include  conftest.c >&5
gcc: warning: couldn't understand kern.osversion '15.5.0
configure:13498: $? = 0
configure:13498: result: yes
configure:13498: checking sys/time.h presence
configure:13498: gcc -std=gnu99 -E -I/usr/local/gcc-6.1.0/include -I/usr/local/gcc-6.1.0/include  conftest.c
gcc: warning: couldn't understand kern.osversion '15.5.0
configure:13498: $? = 0
configure:13498: result: yes
configure:13498: checking for sys/time.h
configure:13498: result: yes
configure:13508: checking whether time.h and sys/time.h may both be included
configure:13528: gcc -std=gnu99 -c -O2 -pedantic -fomit-frame-pointer -m64 -mtune=sandybridge -march=sandybridge -I/usr/local/gcc-6.1.0/include -I/usr/local/gcc-6.1.0/include  conftest.c >&5
gcc: warning: couldn't understand kern.osversion '15.5.0
configure:13528: $? = 0
configure:13535: result: yes
configure:13544: checking complex.h usability
configure:13544: gcc -std=gnu99 -c -O2 -pedantic -fomit-frame-pointer -m64 -mtune=sandybridge -march=sandybridge -I/usr/local/gcc-6.1.0/include -I/usr/local/gcc-6.1.0/include  conftest.c >&5
gcc: warning: couldn't understand kern.osversion '15.5.0
configure:13544: $? = 0
configure:13544: result: yes
configure:13544: checking complex.h presence
configure:13544: gcc -std=gnu99 -E -I/usr/local/gcc-6.1.0/include -I/usr/local/gcc-6.1.0/include  conftest.c
gcc: warning: couldn't understand kern.osversion '15.5.0
configure:13544: $? = 0
configure:13544: result: yes
configure:13544: checking for complex.h
configure:13544: result: yes
configure:13549: checking for library containing creal
configure:13580: gcc -std=gnu99 -o conftest -O2 -pedantic -fomit-frame-pointer -m64 -mtune=sandybridge -march=sandybridge -I/usr/local/gcc-6.1.0/include -I/usr/local/gcc-6.1.0/include  -L/usr/local/gcc-6.1.0/lib -L/usr/local/gcc-6.1.0/lib  conftest.c  >&5
gcc: warning: couldn't understand kern.osversion '15.5.0
conftest.c:38:6: warning: conflicting types for built-in function 'creal'
 char creal ();
      ^
ld: warning: object file (/var/folders/j3/jbfdwjt54xn1pvw24hx69hg00000gn/T//ccUQj68P.o) was built for newer OSX version (10.11) than being linked (10.4)
configure:13580: $? = 0
configure:13597: result: none required
configure:13606: checking whether creal, cimag and I can be used
configure:13623: gcc -std=gnu99 -o conftest -O2 -pedantic -fomit-frame-pointer -m64 -mtune=sandybridge -march=sandybridge -I/usr/local/gcc-6.1.0/include -I/usr/local/gcc-6.1.0/include  -L/usr/local/gcc-6.1.0/lib -L/usr/local/gcc-6.1.0/lib  conftest.c  >&5
gcc: warning: couldn't understand kern.osversion '15.5.0
ld: warning: object file (/var/folders/j3/jbfdwjt54xn1pvw24hx69hg00000gn/T//ccDuYpCu.o) was built for newer OSX version (10.11) than being linked (10.4)
configure:13623: $? = 0
configure:13625: result: yes
configure:13648: checking for an ANSI C-conforming const
configure:13714: gcc -std=gnu99 -c -O2 -pedantic -fomit-frame-pointer -m64 -mtune=sandybridge -march=sandybridge -I/usr/local/gcc-6.1.0/include -I/usr/local/gcc-6.1.0/include  conftest.c >&5
gcc: warning: couldn't understand kern.osversion '15.5.0
configure:13714: $? = 0
configure:13721: result: yes
configure:13729: checking for size_t
configure:13729: gcc -std=gnu99 -c -O2 -pedantic -fomit-frame-pointer -m64 -mtune=sandybridge -march=sandybridge -I/usr/local/gcc-6.1.0/include -I/usr/local/gcc-6.1.0/include  conftest.c >&5
gcc: warning: couldn't understand kern.osversion '15.5.0
configure:13729: $? = 0
configure:13729: gcc -std=gnu99 -c -O2 -pedantic -fomit-frame-pointer -m64 -mtune=sandybridge -march=sandybridge -I/usr/local/gcc-6.1.0/include -I/usr/local/gcc-6.1.0/include  conftest.c >&5
gcc: warning: couldn't understand kern.osversion '15.5.0
conftest.c: In function 'main':
conftest.c:68:21: error: expected expression before ')' token
 if (sizeof ((size_t)))
                     ^
configure:13729: $? = 1
configure: failed program was:
| /* confdefs.h */
| #define PACKAGE_NAME "mpc"
| #define PACKAGE_TARNAME "mpc"
| #define PACKAGE_VERSION "1.0.3"
| #define PACKAGE_STRING "mpc 1.0.3"
| #define PACKAGE_BUGREPORT "mpc-discuss@lists.gforge.inria.fr"
| #define PACKAGE_URL ""
| #define PACKAGE "mpc"
| #define VERSION "1.0.3"
| #define STDC_HEADERS 1
| #define HAVE_SYS_TYPES_H 1
| #define HAVE_SYS_STAT_H 1
| #define HAVE_STDLIB_H 1
| #define HAVE_STRING_H 1
| #define HAVE_MEMORY_H 1
| #define HAVE_STRINGS_H 1
| #define HAVE_INTTYPES_H 1
| #define HAVE_STDINT_H 1
| #define HAVE_UNISTD_H 1
| #define HAVE_DLFCN_H 1
| #define LT_OBJDIR ".libs/"
| #define STDC_HEADERS 1
| #define HAVE_LOCALE_H 1
| #define HAVE_INTTYPES_H 1
| #define HAVE_STDINT_H 1
| #define HAVE_LIMITS_H 1
| #define HAVE_UNISTD_H 1
| #define HAVE_SYS_TIME_H 1
| #define TIME_WITH_SYS_TIME 1
| #define HAVE_COMPLEX_H 1
| /* end confdefs.h.  */
| #include <stdio.h>
| #ifdef HAVE_SYS_TYPES_H
| # include <sys/types.h>
| #endif
| #ifdef HAVE_SYS_STAT_H
| # include <sys/stat.h>
| #endif
| #ifdef STDC_HEADERS
| # include <stdlib.h>
| # include <stddef.h>
| #else
| # ifdef HAVE_STDLIB_H
| #  include <stdlib.h>
| # endif
| #endif
| #ifdef HAVE_STRING_H
| # if !defined STDC_HEADERS && defined HAVE_MEMORY_H
| #  include <memory.h>
| # endif
| # include <string.h>
| #endif
| #ifdef HAVE_STRINGS_H
| # include <strings.h>
| #endif
| #ifdef HAVE_INTTYPES_H
| # include <inttypes.h>
| #endif
| #ifdef HAVE_STDINT_H
| # include <stdint.h>
| #endif
| #ifdef HAVE_UNISTD_H
| # include <unistd.h>
| #endif
| int
| main ()
| {
| if (sizeof ((size_t)))
| 	    return 0;
|   ;
|   return 0;
| }
configure:13729: result: yes
configure:13745: checking for gettimeofday
configure:13745: gcc -std=gnu99 -o conftest -O2 -pedantic -fomit-frame-pointer -m64 -mtune=sandybridge -march=sandybridge -I/usr/local/gcc-6.1.0/include -I/usr/local/gcc-6.1.0/include  -L/usr/local/gcc-6.1.0/lib -L/usr/local/gcc-6.1.0/lib  conftest.c  >&5
gcc: warning: couldn't understand kern.osversion '15.5.0
ld: warning: object file (/var/folders/j3/jbfdwjt54xn1pvw24hx69hg00000gn/T//ccJWGE9W.o) was built for newer OSX version (10.11) than being linked (10.4)
configure:13745: $? = 0
configure:13745: result: yes
configure:13745: checking for localeconv
configure:13745: gcc -std=gnu99 -o conftest -O2 -pedantic -fomit-frame-pointer -m64 -mtune=sandybridge -march=sandybridge -I/usr/local/gcc-6.1.0/include -I/usr/local/gcc-6.1.0/include  -L/usr/local/gcc-6.1.0/lib -L/usr/local/gcc-6.1.0/lib  conftest.c  >&5
gcc: warning: couldn't understand kern.osversion '15.5.0
ld: warning: object file (/var/folders/j3/jbfdwjt54xn1pvw24hx69hg00000gn/T//ccY6AiwP.o) was built for newer OSX version (10.11) than being linked (10.4)
configure:13745: $? = 0
configure:13745: result: yes
configure:13745: checking for setlocale
configure:13745: gcc -std=gnu99 -o conftest -O2 -pedantic -fomit-frame-pointer -m64 -mtune=sandybridge -march=sandybridge -I/usr/local/gcc-6.1.0/include -I/usr/local/gcc-6.1.0/include  -L/usr/local/gcc-6.1.0/lib -L/usr/local/gcc-6.1.0/lib  conftest.c  >&5
gcc: warning: couldn't understand kern.osversion '15.5.0
ld: warning: object file (/var/folders/j3/jbfdwjt54xn1pvw24hx69hg00000gn/T//ccJIr296.o) was built for newer OSX version (10.11) than being linked (10.4)
configure:13745: $? = 0
configure:13745: result: yes
configure:13757: checking for dup
configure:13757: gcc -std=gnu99 -o conftest -O2 -pedantic -fomit-frame-pointer -m64 -mtune=sandybridge -march=sandybridge -I/usr/local/gcc-6.1.0/include -I/usr/local/gcc-6.1.0/include  -L/usr/local/gcc-6.1.0/lib -L/usr/local/gcc-6.1.0/lib  conftest.c  >&5
gcc: warning: couldn't understand kern.osversion '15.5.0
ld: warning: object file (/var/folders/j3/jbfdwjt54xn1pvw24hx69hg00000gn/T//ccMiYfmQ.o) was built for newer OSX version (10.11) than being linked (10.4)
configure:13757: $? = 0
configure:13757: result: yes
configure:13757: checking for dup2
configure:13757: gcc -std=gnu99 -o conftest -O2 -pedantic -fomit-frame-pointer -m64 -mtune=sandybridge -march=sandybridge -I/usr/local/gcc-6.1.0/include -I/usr/local/gcc-6.1.0/include  -L/usr/local/gcc-6.1.0/lib -L/usr/local/gcc-6.1.0/lib  conftest.c  >&5
gcc: warning: couldn't understand kern.osversion '15.5.0
ld: warning: object file (/var/folders/j3/jbfdwjt54xn1pvw24hx69hg00000gn/T//cc7xGLo3.o) was built for newer OSX version (10.11) than being linked (10.4)
configure:13757: $? = 0
configure:13757: result: yes
configure:13771: checking for __gmpz_init in -lgmp
configure:13796: gcc -std=gnu99 -o conftest -O2 -pedantic -fomit-frame-pointer -m64 -mtune=sandybridge -march=sandybridge -I/usr/local/gcc-6.1.0/include -I/usr/local/gcc-6.1.0/include  -L/usr/local/gcc-6.1.0/lib -L/usr/local/gcc-6.1.0/lib  conftest.c -lgmp   >&5
gcc: warning: couldn't understand kern.osversion '15.5.0
ld: warning: object file (/var/folders/j3/jbfdwjt54xn1pvw24hx69hg00000gn/T//ccTsFLXw.o) was built for newer OSX version (10.11) than being linked (10.4)
configure:13796: $? = 0
configure:13805: result: yes
configure:13814: checking for MPFR
configure:13829: gcc -std=gnu99 -o conftest -O2 -pedantic -fomit-frame-pointer -m64 -mtune=sandybridge -march=sandybridge -I/usr/local/gcc-6.1.0/include -I/usr/local/gcc-6.1.0/include  -L/usr/local/gcc-6.1.0/lib -L/usr/local/gcc-6.1.0/lib  conftest.c -lmpfr -lgmp  >&5
gcc: warning: couldn't understand kern.osversion '15.5.0
ld: warning: object file (/var/folders/j3/jbfdwjt54xn1pvw24hx69hg00000gn/T//cc6V8KWM.o) was built for newer OSX version (10.11) than being linked (10.4)
configure:13829: $? = 0
configure:13830: result: yes
configure:13848: checking for recent GMP
configure:13860: gcc -std=gnu99 -c -O2 -pedantic -fomit-frame-pointer -m64 -mtune=sandybridge -march=sandybridge -I/usr/local/gcc-6.1.0/include -I/usr/local/gcc-6.1.0/include  conftest.c >&5
gcc: warning: couldn't understand kern.osversion '15.5.0
configure:13860: $? = 0
configure:13861: result: yes
configure:13875: checking for recent MPFR
configure:13887: gcc -std=gnu99 -c -O2 -pedantic -fomit-frame-pointer -m64 -mtune=sandybridge -march=sandybridge -I/usr/local/gcc-6.1.0/include -I/usr/local/gcc-6.1.0/include  conftest.c >&5
gcc: warning: couldn't understand kern.osversion '15.5.0
configure:13887: $? = 0
configure:13888: result: yes
configure:14409: checking if gcc accepts -dumpversion option
configure:14434: cat conftest.c 1>&5
int main()
{
	return 0;
}
configure:14437: $? = 0
configure:14441: gcc -std=gnu99  -dumpversion -c conftest.c 1>&5
gcc: warning: couldn't understand kern.osversion '15.5.0
4.9.1
configure:14444: $? = 0
configure:14447: result: yes
configure:14474: checking gcc version
configure:14488: result: 4.9.1
configure:14679: checking that generated files are newer than configure
configure:14685: result: done
configure:14712: creating ./config.status

## ---------------------- ##
## Running config.status. ##
## ---------------------- ##

This file was extended by mpc config.status 1.0.3, which was
generated by GNU Autoconf 2.69.  Invocation command line was

  CONFIG_FILES    = 
  CONFIG_HEADERS  = 
  CONFIG_LINKS    = 
  CONFIG_COMMANDS = 
  $ ./config.status 

on Medardus.local

config.status:1110: creating Makefile
config.status:1110: creating src/Makefile
config.status:1110: creating tests/Makefile
config.status:1110: creating doc/Makefile
config.status:1110: creating config.h
config.status:1324: executing depfiles commands
config.status:1324: executing libtool commands

## ---------------- ##
## Cache variables. ##
## ---------------- ##

ac_cv_build=x86_64-apple-darwin15.5.0
ac_cv_c_compiler_gnu=yes
ac_cv_c_const=yes
ac_cv_env_CC_set=
ac_cv_env_CC_value=
ac_cv_env_CFLAGS_set=
ac_cv_env_CFLAGS_value=
ac_cv_env_CPPFLAGS_set=
ac_cv_env_CPPFLAGS_value=
ac_cv_env_CPP_set=
ac_cv_env_CPP_value=
ac_cv_env_LDFLAGS_set=
ac_cv_env_LDFLAGS_value=
ac_cv_env_LIBS_set=
ac_cv_env_LIBS_value=
ac_cv_env_LT_SYS_LIBRARY_PATH_set=
ac_cv_env_LT_SYS_LIBRARY_PATH_value=
ac_cv_env_build_alias_set=
ac_cv_env_build_alias_value=
ac_cv_env_host_alias_set=
ac_cv_env_host_alias_value=
ac_cv_env_target_alias_set=
ac_cv_env_target_alias_value=
ac_cv_func_dup2=yes
ac_cv_func_dup=yes
ac_cv_func_gettimeofday=yes
ac_cv_func_localeconv=yes
ac_cv_func_setlocale=yes
ac_cv_header_complex_h=yes
ac_cv_header_dlfcn_h=yes
ac_cv_header_inttypes_h=yes
ac_cv_header_limits_h=yes
ac_cv_header_locale_h=yes
ac_cv_header_memory_h=yes
ac_cv_header_stdc=yes
ac_cv_header_stdint_h=yes
ac_cv_header_stdlib_h=yes
ac_cv_header_string_h=yes
ac_cv_header_strings_h=yes
ac_cv_header_sys_stat_h=yes
ac_cv_header_sys_time_h=yes
ac_cv_header_sys_types_h=yes
ac_cv_header_time=yes
ac_cv_header_unistd_h=yes
ac_cv_host=x86_64-apple-darwin15.5.0
ac_cv_lib_gmp___gmpz_init=yes
ac_cv_objext=o
ac_cv_path_EGREP='/usr/bin/grep -E'
ac_cv_path_FGREP='/usr/bin/grep -F'
ac_cv_path_GREP=/usr/bin/grep
ac_cv_path_SED=/usr/bin/sed
ac_cv_path_install='/usr/bin/install -c'
ac_cv_path_lt_DD=/bin/dd
ac_cv_prog_AWK=awk
ac_cv_prog_CPP='gcc -std=gnu99 -E'
ac_cv_prog_ac_ct_AR=ar
ac_cv_prog_ac_ct_CC='gcc -std=gnu99'
ac_cv_prog_ac_ct_DSYMUTIL=dsymutil
ac_cv_prog_ac_ct_LIPO=lipo
ac_cv_prog_ac_ct_NMEDIT=nmedit
ac_cv_prog_ac_ct_OTOOL=otool
ac_cv_prog_ac_ct_RANLIB=ranlib
ac_cv_prog_ac_ct_STRIP=strip
ac_cv_prog_cc_c89=
ac_cv_prog_cc_g=yes
ac_cv_prog_make_make_set=yes
ac_cv_search_creal='none required'
ac_cv_type_size_t=yes
am_cv_CC_dependencies_compiler_type=gcc3
am_cv_ar_interface=ar
am_cv_make_support_nested_variables=yes
am_cv_prog_cc_c_o=yes
ax_cv_gcc_version=4.9.1
lt_cv_apple_cc_single_mod=yes
lt_cv_ar_at_file=no
lt_cv_deplibs_check_method=pass_all
lt_cv_file_magic_cmd='$MAGIC_CMD'
lt_cv_file_magic_test_file=
lt_cv_ld_exported_symbols_list=yes
lt_cv_ld_force_load=yes
lt_cv_ld_reload_flag=-r
lt_cv_nm_interface='BSD nm'
lt_cv_objdir=.libs
lt_cv_path_LD=/usr/bin/ld
lt_cv_path_NM='/usr/bin/nm -B'
lt_cv_path_mainfest_tool=no
lt_cv_prog_compiler_c_o=yes
lt_cv_prog_compiler_pic='-fno-common -DPIC'
lt_cv_prog_compiler_pic_works=yes
lt_cv_prog_compiler_rtti_exceptions=no
lt_cv_prog_compiler_static_works=no
lt_cv_prog_gnu_ld=no
lt_cv_sharedlib_from_linklib_cmd='printf %s\n'
lt_cv_sys_global_symbol_pipe='sed -n -e '\''s/^.*[	 ]\([BCDEGRST][BCDEGRST]*\)[	 ][	 ]*_\([_A-Za-z][_A-Za-z0-9]*\)$/\1 _\2 \2/p'\'' | sed '\''/ __gnu_lto/d'\'''
lt_cv_sys_global_symbol_to_c_name_address='sed -n -e '\''s/^: \(.*\) .*$/  {"\1", (void *) 0},/p'\'' -e '\''s/^[BCDEGRST][BCDEGRST]* .* \(.*\)$/  {"\1", (void *) \&\1},/p'\'''
lt_cv_sys_global_symbol_to_c_name_address_lib_prefix='sed -n -e '\''s/^: \(.*\) .*$/  {"\1", (void *) 0},/p'\'' -e '\''s/^[BCDEGRST][BCDEGRST]* .* \(lib.*\)$/  {"\1", (void *) \&\1},/p'\'' -e '\''s/^[BCDEGRST][BCDEGRST]* .* \(.*\)$/  {"lib\1", (void *) \&\1},/p'\'''
lt_cv_sys_global_symbol_to_cdecl='sed -n -e '\''s/^T .* \(.*\)$/extern int \1();/p'\'' -e '\''s/^[BCDEGRST][BCDEGRST]* .* \(.*\)$/extern char \1;/p'\'''
lt_cv_sys_global_symbol_to_import=
lt_cv_sys_lib_dlsearch_path_spec='/usr/local/lib /lib /usr/lib'
lt_cv_sys_max_cmd_len=196608
lt_cv_to_host_file_cmd=func_convert_file_noop
lt_cv_to_tool_file_cmd=func_convert_file_noop
lt_cv_truncate_bin='/bin/dd bs=4096 count=1'

## ----------------- ##
## Output variables. ##
## ----------------- ##

ACLOCAL='${SHELL} /Users/mscho/Simon/91_toolchain/gcc/mpc/missing aclocal-1.15'
AMDEPBACKSLASH='\'
AMDEP_FALSE='#'
AMDEP_TRUE=''
AMTAR='$${TAR-tar}'
AM_BACKSLASH='\'
AM_DEFAULT_V='$(AM_DEFAULT_VERBOSITY)'
AM_DEFAULT_VERBOSITY='1'
AM_V='$(V)'
AR='ar'
AS='as'
AUTOCONF='${SHELL} /Users/mscho/Simon/91_toolchain/gcc/mpc/missing autoconf'
AUTOHEADER='${SHELL} /Users/mscho/Simon/91_toolchain/gcc/mpc/missing autoheader'
AUTOMAKE='${SHELL} /Users/mscho/Simon/91_toolchain/gcc/mpc/missing automake-1.15'
AWK='awk'
CC='gcc -std=gnu99'
CCDEPMODE='depmode=gcc3'
CFLAGS='-O2 -pedantic -fomit-frame-pointer -m64 -mtune=sandybridge -march=sandybridge'
CPP='gcc -std=gnu99 -E'
CPPFLAGS='-I/usr/local/gcc-6.1.0/include -I/usr/local/gcc-6.1.0/include '
CYGPATH_W='echo'
DEFS='-DHAVE_CONFIG_H'
DEPDIR='.deps'
DLLTOOL='false'
DSYMUTIL='dsymutil'
DUMPBIN=''
ECHO_C='\c'
ECHO_N=''
ECHO_T=''
EGREP='/usr/bin/grep -E'
EXEEXT=''
FGREP='/usr/bin/grep -F'
GCC_VERSION='4.9.1'
GITVERSION=''
GREP='/usr/bin/grep'
HASGIT=''
INSTALL_DATA='${INSTALL} -m 644'
INSTALL_PROGRAM='${INSTALL}'
INSTALL_SCRIPT='${INSTALL}'
INSTALL_STRIP_PROGRAM='$(install_sh) -c -s'
LD='/usr/bin/ld'
LDFLAGS='-L/usr/local/gcc-6.1.0/lib -L/usr/local/gcc-6.1.0/lib '
LIBOBJS=''
LIBS='-lmpfr -lgmp '
LIBTOOL='$(SHELL) $(top_builddir)/libtool'
LIPO='lipo'
LN_S='ln -s'
LTLIBOBJS=''
LT_SYS_LIBRARY_PATH=''
MAINT='#'
MAINTAINER_MODE_FALSE=''
MAINTAINER_MODE_TRUE='#'
MAKEINFO='${SHELL} /Users/mscho/Simon/91_toolchain/gcc/mpc/missing makeinfo'
MANIFEST_TOOL=':'
MKDIR_P='../install-sh -c -d'
MPC_LDFLAGS=''
MPC_LOG_H=''
NM='/usr/bin/nm -B'
NMEDIT='nmedit'
OBJDUMP='false'
OBJEXT='o'
OTOOL64=':'
OTOOL='otool'
PACKAGE='mpc'
PACKAGE_BUGREPORT='mpc-discuss@lists.gforge.inria.fr'
PACKAGE_NAME='mpc'
PACKAGE_STRING='mpc 1.0.3'
PACKAGE_TARNAME='mpc'
PACKAGE_URL=''
PACKAGE_VERSION='1.0.3'
PATH_SEPARATOR=':'
RANLIB='ranlib'
SED='/usr/bin/sed'
SET_MAKE=''
SHELL='/bin/sh'
STRIP='strip'
VALGRIND=''
VERSION='1.0.3'
ac_ct_AR='ar'
ac_ct_CC='gcc -std=gnu99'
ac_ct_DUMPBIN=''
am__EXEEXT_FALSE=''
am__EXEEXT_TRUE='#'
am__fastdepCC_FALSE='#'
am__fastdepCC_TRUE=''
am__include='include'
am__isrc=' -I$(srcdir)'
am__leading_dot='.'
am__nodep='_no'
am__quote=''
am__tar='$${TAR-tar} chof - "$$tardir"'
am__untar='$${TAR-tar} xf -'
bindir='${exec_prefix}/bin'
build='x86_64-apple-darwin15.5.0'
build_alias=''
build_cpu='x86_64'
build_os='darwin15.5.0'
build_vendor='apple'
datadir='${datarootdir}'
datarootdir='${prefix}/share'
docdir='${datarootdir}/doc/${PACKAGE_TARNAME}'
dvidir='${docdir}'
exec_prefix='${prefix}'
host='x86_64-apple-darwin15.5.0'
host_alias=''
host_cpu='x86_64'
host_os='darwin15.5.0'
host_vendor='apple'
htmldir='${docdir}'
includedir='${prefix}/include'
infodir='${datarootdir}/info'
install_sh='${SHELL} /Users/mscho/Simon/91_toolchain/gcc/mpc/install-sh'
libdir='${exec_prefix}/lib'
libexecdir='${exec_prefix}/libexec'
localedir='${datarootdir}/locale'
localstatedir='${prefix}/var'
mandir='${datarootdir}/man'
mkdir_p='$(MKDIR_P)'
oldincludedir='/usr/include'
pdfdir='${docdir}'
prefix='/usr/local/gcc-6.1.0'
program_transform_name='s,x,x,'
psdir='${docdir}'
sbindir='${exec_prefix}/sbin'
sharedstatedir='${prefix}/com'
sysconfdir='${prefix}/etc'
target_alias=''

## ----------- ##
## confdefs.h. ##
## ----------- ##

/* confdefs.h */
#define PACKAGE_NAME "mpc"
#define PACKAGE_TARNAME "mpc"
#define PACKAGE_VERSION "1.0.3"
#define PACKAGE_STRING "mpc 1.0.3"
#define PACKAGE_BUGREPORT "mpc-discuss@lists.gforge.inria.fr"
#define PACKAGE_URL ""
#define PACKAGE "mpc"
#define VERSION "1.0.3"
#define STDC_HEADERS 1
#define HAVE_SYS_TYPES_H 1
#define HAVE_SYS_STAT_H 1
#define HAVE_STDLIB_H 1
#define HAVE_STRING_H 1
#define HAVE_MEMORY_H 1
#define HAVE_STRINGS_H 1
#define HAVE_INTTYPES_H 1
#define HAVE_STDINT_H 1
#define HAVE_UNISTD_H 1
#define HAVE_DLFCN_H 1
#define LT_OBJDIR ".libs/"
#define STDC_HEADERS 1
#define HAVE_LOCALE_H 1
#define HAVE_INTTYPES_H 1
#define HAVE_STDINT_H 1
#define HAVE_LIMITS_H 1
#define HAVE_UNISTD_H 1
#define HAVE_SYS_TIME_H 1
#define TIME_WITH_SYS_TIME 1
#define HAVE_COMPLEX_H 1
#define HAVE_GETTIMEOFDAY 1
#define HAVE_LOCALECONV 1
#define HAVE_SETLOCALE 1
#define HAVE_DUP 1
#define HAVE_DUP2 1
#define MPC_GCC "yes"
#define MPC_CC "gcc -std=gnu99"
#define MPC_GCC_VERSION "4.9.1"

configure: exit 0
